<?xml version="1.0" encoding="UTF-8"?>
<coverage generated="1754356703877" clover="3.2.0">
  <project timestamp="1754356703877" name="All files">
    <metrics statements="2980" coveredstatements="1619" conditionals="1337" coveredconditionals="639" methods="197" coveredmethods="111" elements="4514" coveredelements="2369" complexity="0" loc="2980" ncloc="2980" packages="1" files="7" classes="7"/>
    <file name="debugBitmapWin.ts" path="/workspaces/PNut-Term-TS/src/classes/debugBitmapWin.ts">
      <metrics statements="333" coveredstatements="285" conditionals="159" coveredconditionals="126" methods="26" coveredmethods="22"/>
      <line num="7" count="3" type="stmt"/>
      <line num="9" count="3" type="stmt"/>
      <line num="10" count="3" type="stmt"/>
      <line num="11" count="3" type="stmt"/>
      <line num="12" count="3" type="stmt"/>
      <line num="13" count="3" type="stmt"/>
      <line num="14" count="3" type="stmt"/>
      <line num="15" count="3" type="stmt"/>
      <line num="16" count="3" type="stmt"/>
      <line num="78" count="3" type="stmt"/>
      <line num="88" count="110" type="stmt"/>
      <line num="103" count="9" type="stmt"/>
      <line num="104" count="9" type="stmt"/>
      <line num="105" count="9" type="stmt"/>
      <line num="106" count="9" type="stmt"/>
      <line num="108" count="9" type="stmt"/>
      <line num="109" count="9" type="stmt"/>
      <line num="111" count="9" type="cond" truecount="2" falsecount="0"/>
      <line num="112" count="1" type="stmt"/>
      <line num="113" count="1" type="stmt"/>
      <line num="115" count="8" type="stmt"/>
      <line num="118" count="8" type="stmt"/>
      <line num="119" count="8" type="cond" truecount="2" falsecount="0"/>
      <line num="120" count="7" type="stmt"/>
      <line num="122" count="7" type="cond" truecount="6" falsecount="1"/>
      <line num="124" count="1" type="cond" truecount="1" falsecount="1"/>
      <line num="125" count="1" type="stmt"/>
      <line num="127" count="0" type="stmt"/>
      <line num="128" count="0" type="stmt"/>
      <line num="130" count="1" type="stmt"/>
      <line num="133" count="1" type="cond" truecount="1" falsecount="1"/>
      <line num="134" count="1" type="stmt"/>
      <line num="135" count="1" type="stmt"/>
      <line num="136" count="1" type="cond" truecount="3" falsecount="1"/>
      <line num="137" count="1" type="stmt"/>
      <line num="139" count="0" type="stmt"/>
      <line num="140" count="0" type="stmt"/>
      <line num="143" count="0" type="stmt"/>
      <line num="144" count="0" type="stmt"/>
      <line num="146" count="1" type="stmt"/>
      <line num="149" count="2" type="cond" truecount="1" falsecount="1"/>
      <line num="150" count="2" type="stmt"/>
      <line num="151" count="2" type="stmt"/>
      <line num="152" count="2" type="cond" truecount="8" falsecount="0"/>
      <line num="155" count="1" type="stmt"/>
      <line num="157" count="1" type="stmt"/>
      <line num="158" count="1" type="stmt"/>
      <line num="161" count="0" type="stmt"/>
      <line num="162" count="0" type="stmt"/>
      <line num="164" count="2" type="stmt"/>
      <line num="167" count="1" type="cond" truecount="1" falsecount="1"/>
      <line num="168" count="1" type="stmt"/>
      <line num="169" count="1" type="stmt"/>
      <line num="170" count="1" type="cond" truecount="5" falsecount="1"/>
      <line num="171" count="1" type="stmt"/>
      <line num="173" count="0" type="stmt"/>
      <line num="174" count="0" type="stmt"/>
      <line num="177" count="0" type="stmt"/>
      <line num="178" count="0" type="stmt"/>
      <line num="180" count="1" type="stmt"/>
      <line num="183" count="1" type="cond" truecount="1" falsecount="1"/>
      <line num="185" count="1" type="stmt"/>
      <line num="187" count="1" type="stmt"/>
      <line num="189" count="0" type="stmt"/>
      <line num="190" count="0" type="stmt"/>
      <line num="192" count="1" type="stmt"/>
      <line num="195" count="1" type="stmt"/>
      <line num="196" count="1" type="stmt"/>
      <line num="201" count="0" type="stmt"/>
      <line num="204" count="7" type="stmt"/>
      <line num="208" count="9" type="cond" truecount="1" falsecount="0"/>
      <line num="209" count="2" type="stmt"/>
      <line num="212" count="9" type="stmt"/>
      <line num="216" count="110" type="stmt"/>
      <line num="219" count="110" type="stmt"/>
      <line num="220" count="110" type="stmt"/>
      <line num="221" count="110" type="stmt"/>
      <line num="224" count="110" type="stmt"/>
      <line num="241" count="110" type="stmt"/>
      <line num="242" count="110" type="stmt"/>
      <line num="243" count="110" type="stmt"/>
      <line num="244" count="110" type="stmt"/>
      <line num="245" count="110" type="stmt"/>
      <line num="248" count="110" type="stmt"/>
      <line num="254" count="110" type="stmt"/>
      <line num="255" count="0" type="stmt"/>
      <line num="264" count="1" type="stmt"/>
      <line num="267" count="1" type="stmt"/>
      <line num="274" count="201" type="stmt"/>
      <line num="277" count="201" type="stmt"/>
      <line num="278" count="286" type="stmt"/>
      <line num="281" count="286" type="cond" truecount="4" falsecount="0"/>
      <line num="282" count="92" type="stmt"/>
      <line num="283" count="92" type="cond" truecount="3" falsecount="1"/>
      <line num="284" count="92" type="stmt"/>
      <line num="285" count="92" type="cond" truecount="6" falsecount="0"/>
      <line num="286" count="91" type="stmt"/>
      <line num="287" count="91" type="stmt"/>
      <line num="288" count="91" type="stmt"/>
      <line num="289" count="91" type="stmt"/>
      <line num="291" count="1" type="stmt"/>
      <line num="292" count="1" type="stmt"/>
      <line num="295" count="0" type="stmt"/>
      <line num="296" count="0" type="stmt"/>
      <line num="301" count="194" type="cond" truecount="12" falsecount="0"/>
      <line num="303" count="7" type="stmt"/>
      <line num="304" count="7" type="stmt"/>
      <line num="305" count="7" type="stmt"/>
      <line num="308" count="8" type="cond" truecount="1" falsecount="1"/>
      <line num="309" count="8" type="stmt"/>
      <line num="310" count="8" type="stmt"/>
      <line num="311" count="8" type="cond" truecount="4" falsecount="0"/>
      <line num="312" count="7" type="stmt"/>
      <line num="313" count="7" type="stmt"/>
      <line num="314" count="7" type="stmt"/>
      <line num="316" count="1" type="stmt"/>
      <line num="319" count="0" type="stmt"/>
      <line num="321" count="8" type="stmt"/>
      <line num="324" count="1" type="stmt"/>
      <line num="325" count="1" type="stmt"/>
      <line num="326" count="1" type="stmt"/>
      <line num="329" count="5" type="cond" truecount="1" falsecount="0"/>
      <line num="330" count="5" type="stmt"/>
      <line num="331" count="5" type="stmt"/>
      <line num="332" count="5" type="stmt"/>
      <line num="333" count="5" type="stmt"/>
      <line num="334" count="5" type="stmt"/>
      <line num="336" count="5" type="stmt"/>
      <line num="339" count="21" type="cond" truecount="1" falsecount="0"/>
      <line num="340" count="21" type="stmt"/>
      <line num="341" count="21" type="stmt"/>
      <line num="342" count="21" type="stmt"/>
      <line num="343" count="21" type="stmt"/>
      <line num="345" count="21" type="stmt"/>
      <line num="348" count="11" type="cond" truecount="1" falsecount="0"/>
      <line num="349" count="11" type="stmt"/>
      <line num="350" count="11" type="stmt"/>
      <line num="351" count="11" type="stmt"/>
      <line num="352" count="11" type="stmt"/>
      <line num="354" count="11" type="stmt"/>
      <line num="357" count="7" type="cond" truecount="1" falsecount="0"/>
      <line num="358" count="7" type="stmt"/>
      <line num="359" count="7" type="stmt"/>
      <line num="360" count="7" type="stmt"/>
      <line num="361" count="7" type="stmt"/>
      <line num="362" count="7" type="stmt"/>
      <line num="364" count="7" type="stmt"/>
      <line num="367" count="5" type="cond" truecount="1" falsecount="0"/>
      <line num="368" count="5" type="stmt"/>
      <line num="369" count="5" type="stmt"/>
      <line num="370" count="5" type="stmt"/>
      <line num="371" count="5" type="stmt"/>
      <line num="373" count="5" type="stmt"/>
      <line num="377" count="9" type="stmt"/>
      <line num="378" count="9" type="stmt"/>
      <line num="379" count="9" type="cond" truecount="1" falsecount="0"/>
      <line num="380" count="9" type="cond" truecount="2" falsecount="0"/>
      <line num="381" count="3" type="stmt"/>
      <line num="382" count="3" type="cond" truecount="2" falsecount="0"/>
      <line num="383" count="3" type="stmt"/>
      <line num="385" count="6" type="stmt"/>
      <line num="387" count="9" type="stmt"/>
      <line num="388" count="9" type="stmt"/>
      <line num="389" count="9" type="stmt"/>
      <line num="391" count="9" type="stmt"/>
      <line num="397" count="8" type="cond" truecount="2" falsecount="0"/>
      <line num="398" count="4" type="stmt"/>
      <line num="400" count="4" type="stmt"/>
      <line num="402" count="8" type="stmt"/>
      <line num="403" count="8" type="stmt"/>
      <line num="407" count="112" type="cond" truecount="1" falsecount="0"/>
      <line num="409" count="36" type="cond" truecount="2" falsecount="0"/>
      <line num="411" count="4" type="stmt"/>
      <line num="412" count="4" type="stmt"/>
      <line num="415" count="32" type="cond" truecount="4" falsecount="0"/>
      <line num="416" count="4" type="stmt"/>
      <line num="417" count="4" type="stmt"/>
      <line num="419" count="28" type="stmt"/>
      <line num="423" count="112" type="stmt"/>
      <line num="428" count="200" type="cond" truecount="1" falsecount="0"/>
      <line num="429" count="29" type="stmt"/>
      <line num="438" count="91" type="stmt"/>
      <line num="439" count="91" type="stmt"/>
      <line num="442" count="91" type="stmt"/>
      <line num="445" count="91" type="stmt"/>
      <line num="448" count="91" type="cond" truecount="1" falsecount="0"/>
      <line num="449" count="91" type="stmt"/>
      <line num="453" count="91" type="cond" truecount="1" falsecount="0"/>
      <line num="454" count="88" type="stmt"/>
      <line num="457" count="91" type="stmt"/>
      <line num="466" count="98" type="stmt"/>
      <line num="475" count="98" type="cond" truecount="1" falsecount="1"/>
      <line num="476" count="0" type="stmt"/>
      <line num="479" count="98" type="stmt"/>
      <line num="485" count="98" type="stmt"/>
      <line num="492" count="105" type="cond" truecount="0" falsecount="1"/>
      <line num="495" count="105" type="stmt"/>
      <line num="496" count="105" type="stmt"/>
      <line num="497" count="105" type="stmt"/>
      <line num="498" count="105" type="stmt"/>
      <line num="501" count="105" type="stmt"/>
      <line num="512" count="105" type="stmt"/>
      <line num="519" count="8" type="cond" truecount="1" falsecount="0"/>
      <line num="520" count="1" type="stmt"/>
      <line num="521" count="1" type="stmt"/>
      <line num="525" count="7" type="cond" truecount="5" falsecount="0"/>
      <line num="526" count="3" type="stmt"/>
      <line num="527" count="3" type="stmt"/>
      <line num="530" count="4" type="stmt"/>
      <line num="550" count="5" type="cond" truecount="0" falsecount="1"/>
      <line num="553" count="5" type="stmt"/>
      <line num="554" count="5" type="stmt"/>
      <line num="557" count="5" type="cond" truecount="0" falsecount="1"/>
      <line num="558" count="5" type="stmt"/>
      <line num="573" count="21" type="stmt"/>
      <line num="574" count="21" type="stmt"/>
      <line num="577" count="21" type="cond" truecount="1" falsecount="0"/>
      <line num="578" count="1" type="stmt"/>
      <line num="586" count="11" type="stmt"/>
      <line num="587" count="11" type="stmt"/>
      <line num="590" count="11" type="cond" truecount="1" falsecount="0"/>
      <line num="591" count="1" type="stmt"/>
      <line num="599" count="7" type="stmt"/>
      <line num="600" count="7" type="stmt"/>
      <line num="603" count="7" type="stmt"/>
      <line num="606" count="7" type="cond" truecount="1" falsecount="0"/>
      <line num="607" count="7" type="stmt"/>
      <line num="615" count="5" type="stmt"/>
      <line num="616" count="5" type="stmt"/>
      <line num="623" count="10" type="cond" truecount="1" falsecount="0"/>
      <line num="624" count="1" type="stmt"/>
      <line num="625" count="1" type="stmt"/>
      <line num="628" count="9" type="cond" truecount="2" falsecount="0"/>
      <line num="630" count="3" type="stmt"/>
      <line num="634" count="6" type="stmt"/>
      <line num="644" count="112" type="cond" truecount="1" falsecount="0"/>
      <line num="646" count="4" type="stmt"/>
      <line num="648" count="14" type="stmt"/>
      <line num="650" count="14" type="cond" truecount="2" falsecount="0"/>
      <line num="651" count="8" type="stmt"/>
      <line num="652" count="8" type="cond" truecount="1" falsecount="0"/>
      <line num="653" count="6" type="cond" truecount="1" falsecount="1"/>
      <line num="654" count="0" type="stmt"/>
      <line num="655" count="0" type="cond" truecount="0" falsecount="1"/>
      <line num="656" count="6" type="cond" truecount="1" falsecount="0"/>
      <line num="657" count="5" type="stmt"/>
      <line num="660" count="14" type="cond" truecount="1" falsecount="0"/>
      <line num="661" count="13" type="stmt"/>
      <line num="662" count="13" type="cond" truecount="1" falsecount="0"/>
      <line num="663" count="13" type="stmt"/>
      <line num="667" count="4" type="stmt"/>
      <line num="671" count="108" type="stmt"/>
      <line num="693" count="108" type="cond" truecount="1" falsecount="0"/>
      <line num="694" count="32" type="stmt"/>
      <line num="695" count="32" type="stmt"/>
      <line num="698" count="32" type="cond" truecount="3" falsecount="0"/>
      <line num="699" count="4" type="stmt"/>
      <line num="700" count="4" type="stmt"/>
      <line num="701" count="4" type="stmt"/>
      <line num="704" count="32" type="stmt"/>
      <line num="707" count="76" type="stmt"/>
      <line num="714" count="29" type="cond" truecount="1" falsecount="0"/>
      <line num="715" count="1" type="stmt"/>
      <line num="716" count="1" type="stmt"/>
      <line num="719" count="28" type="stmt"/>
      <line num="720" count="36" type="cond" truecount="1" falsecount="0"/>
      <line num="722" count="33" type="stmt"/>
      <line num="725" count="33" type="stmt"/>
      <line num="731" count="33" type="stmt"/>
      <line num="733" count="45" type="stmt"/>
      <line num="734" count="45" type="cond" truecount="1" falsecount="0"/>
      <line num="735" count="32" type="stmt"/>
      <line num="738" count="32" type="stmt"/>
      <line num="741" count="32" type="cond" truecount="3" falsecount="0"/>
      <line num="742" count="3" type="stmt"/>
      <line num="743" count="3" type="stmt"/>
      <line num="747" count="29" type="stmt"/>
      <line num="748" count="29" type="stmt"/>
      <line num="751" count="29" type="cond" truecount="4" falsecount="0"/>
      <line num="752" count="24" type="cond" truecount="1" falsecount="0"/>
      <line num="753" count="24" type="stmt"/>
      <line num="758" count="5" type="cond" truecount="1" falsecount="0"/>
      <line num="759" count="5" type="stmt"/>
      <line num="773" count="29" type="stmt"/>
      <line num="783" count="239" type="stmt"/>
      <line num="791" count="5" type="stmt"/>
      <line num="792" count="5" type="cond" truecount="1" falsecount="1"/>
      <line num="804" count="36" type="cond" truecount="4" falsecount="16"/>
      <line num="806" count="2" type="stmt"/>
      <line num="807" count="2" type="stmt"/>
      <line num="808" count="2" type="stmt"/>
      <line num="809" count="2" type="stmt"/>
      <line num="811" count="0" type="stmt"/>
      <line num="812" count="0" type="stmt"/>
      <line num="813" count="0" type="stmt"/>
      <line num="814" count="0" type="stmt"/>
      <line num="816" count="0" type="stmt"/>
      <line num="817" count="0" type="stmt"/>
      <line num="818" count="0" type="stmt"/>
      <line num="819" count="0" type="stmt"/>
      <line num="831" count="30" type="stmt"/>
      <line num="832" count="30" type="stmt"/>
      <line num="833" count="30" type="stmt"/>
      <line num="834" count="30" type="stmt"/>
      <line num="839" count="2" type="stmt"/>
      <line num="840" count="2" type="stmt"/>
      <line num="841" count="2" type="stmt"/>
      <line num="842" count="2" type="stmt"/>
      <line num="844" count="2" type="stmt"/>
      <line num="845" count="2" type="stmt"/>
      <line num="846" count="2" type="stmt"/>
      <line num="847" count="2" type="stmt"/>
      <line num="849" count="0" type="stmt"/>
      <line num="850" count="0" type="stmt"/>
      <line num="851" count="0" type="stmt"/>
      <line num="852" count="0" type="stmt"/>
      <line num="855" count="36" type="stmt"/>
      <line num="868" count="0" type="stmt"/>
      <line num="871" count="0" type="stmt"/>
      <line num="872" count="0" type="stmt"/>
      <line num="873" count="0" type="stmt"/>
      <line num="874" count="0" type="stmt"/>
      <line num="877" count="0" type="stmt"/>
      <line num="888" count="0" type="stmt"/>
      <line num="915" count="0" type="stmt"/>
      <line num="918" count="0" type="stmt"/>
      <line num="919" count="0" type="stmt"/>
      <line num="920" count="0" type="stmt"/>
      <line num="923" count="0" type="stmt"/>
      <line num="924" count="0" type="stmt"/>
      <line num="925" count="0" type="stmt"/>
      <line num="934" count="100" type="stmt"/>
      <line num="941" count="4" type="stmt"/>
    </file>
    <file name="debugLogicWin.ts" path="/workspaces/PNut-Term-TS/src/classes/debugLogicWin.ts">
      <metrics statements="445" coveredstatements="109" conditionals="167" coveredconditionals="13" methods="27" coveredmethods="6"/>
      <line num="7" count="1" type="stmt"/>
      <line num="11" count="1" type="stmt"/>
      <line num="12" count="1" type="stmt"/>
      <line num="13" count="1" type="stmt"/>
      <line num="14" count="1" type="stmt"/>
      <line num="15" count="1" type="stmt"/>
      <line num="17" count="1" type="stmt"/>
      <line num="81" count="1" type="stmt"/>
      <line num="82" count="3" type="stmt"/>
      <line num="83" count="3" type="stmt"/>
      <line num="84" count="3" type="stmt"/>
      <line num="85" count="3" type="stmt"/>
      <line num="86" count="3" type="stmt"/>
      <line num="87" count="3" type="stmt"/>
      <line num="88" count="3" type="stmt"/>
      <line num="89" count="3" type="stmt"/>
      <line num="90" count="3" type="stmt"/>
      <line num="91" count="3" type="stmt"/>
      <line num="92" count="3" type="stmt"/>
      <line num="94" count="3" type="stmt"/>
      <line num="95" count="3" type="stmt"/>
      <line num="97" count="3" type="stmt"/>
      <line num="98" count="3" type="stmt"/>
      <line num="99" count="3" type="stmt"/>
      <line num="100" count="3" type="stmt"/>
      <line num="102" count="3" type="stmt"/>
      <line num="103" count="3" type="stmt"/>
      <line num="106" count="3" type="stmt"/>
      <line num="107" count="3" type="stmt"/>
      <line num="109" count="3" type="stmt"/>
      <line num="111" count="3" type="stmt"/>
      <line num="119" count="3" type="stmt"/>
      <line num="121" count="3" type="stmt"/>
      <line num="131" count="0" type="stmt"/>
      <line num="132" count="0" type="stmt"/>
      <line num="133" count="0" type="stmt"/>
      <line num="137" count="1" type="stmt"/>
      <line num="138" count="1" type="cond" truecount="3" falsecount="0"/>
      <line num="139" count="1" type="stmt"/>
      <line num="141" count="1" type="stmt"/>
      <line num="160" count="0" type="stmt"/>
      <line num="161" count="0" type="stmt"/>
      <line num="162" count="0" type="stmt"/>
      <line num="163" count="0" type="stmt"/>
      <line num="164" count="0" type="stmt"/>
      <line num="165" count="0" type="stmt"/>
      <line num="166" count="0" type="stmt"/>
      <line num="169" count="0" type="stmt"/>
      <line num="170" count="0" type="stmt"/>
      <line num="171" count="0" type="stmt"/>
      <line num="172" count="0" type="stmt"/>
      <line num="173" count="0" type="stmt"/>
      <line num="174" count="0" type="stmt"/>
      <line num="175" count="0" type="stmt"/>
      <line num="176" count="0" type="stmt"/>
      <line num="177" count="0" type="stmt"/>
      <line num="178" count="0" type="stmt"/>
      <line num="179" count="0" type="stmt"/>
      <line num="180" count="0" type="stmt"/>
      <line num="181" count="0" type="stmt"/>
      <line num="182" count="0" type="stmt"/>
      <line num="183" count="0" type="stmt"/>
      <line num="188" count="0" type="stmt"/>
      <line num="189" count="0" type="stmt"/>
      <line num="190" count="0" type="stmt"/>
      <line num="193" count="0" type="stmt"/>
      <line num="194" count="0" type="cond" truecount="0" falsecount="1"/>
      <line num="195" count="0" type="stmt"/>
      <line num="196" count="0" type="stmt"/>
      <line num="198" count="0" type="cond" truecount="0" falsecount="1"/>
      <line num="199" count="0" type="stmt"/>
      <line num="200" count="0" type="stmt"/>
      <line num="201" count="0" type="stmt"/>
      <line num="202" count="0" type="cond" truecount="0" falsecount="2"/>
      <line num="204" count="0" type="stmt"/>
      <line num="206" count="0" type="stmt"/>
      <line num="207" count="0" type="stmt"/>
      <line num="208" count="0" type="stmt"/>
      <line num="209" count="0" type="stmt"/>
      <line num="213" count="0" type="stmt"/>
      <line num="214" count="0" type="stmt"/>
      <line num="216" count="0" type="cond" truecount="0" falsecount="2"/>
      <line num="218" count="0" type="stmt"/>
      <line num="222" count="0" type="stmt"/>
      <line num="223" count="0" type="stmt"/>
      <line num="224" count="0" type="stmt"/>
      <line num="225" count="0" type="stmt"/>
      <line num="226" count="0" type="stmt"/>
      <line num="227" count="0" type="stmt"/>
      <line num="228" count="0" type="cond" truecount="0" falsecount="2"/>
      <line num="230" count="0" type="stmt"/>
      <line num="231" count="0" type="stmt"/>
      <line num="233" count="0" type="stmt"/>
      <line num="236" count="0" type="stmt"/>
      <line num="239" count="0" type="cond" truecount="0" falsecount="2"/>
      <line num="241" count="0" type="stmt"/>
      <line num="244" count="0" type="cond" truecount="0" falsecount="3"/>
      <line num="246" count="0" type="stmt"/>
      <line num="247" count="0" type="cond" truecount="0" falsecount="3"/>
      <line num="249" count="0" type="stmt"/>
      <line num="252" count="0" type="stmt"/>
      <line num="253" count="0" type="stmt"/>
      <line num="256" count="0" type="cond" truecount="0" falsecount="2"/>
      <line num="258" count="0" type="stmt"/>
      <line num="261" count="0" type="stmt"/>
      <line num="262" count="0" type="cond" truecount="0" falsecount="1"/>
      <line num="264" count="0" type="stmt"/>
      <line num="265" count="0" type="cond" truecount="0" falsecount="4"/>
      <line num="266" count="0" type="stmt"/>
      <line num="267" count="0" type="cond" truecount="0" falsecount="2"/>
      <line num="268" count="0" type="stmt"/>
      <line num="270" count="0" type="stmt"/>
      <line num="273" count="0" type="stmt"/>
      <line num="274" count="0" type="stmt"/>
      <line num="279" count="0" type="stmt"/>
      <line num="281" count="0" type="stmt"/>
      <line num="283" count="0" type="stmt"/>
      <line num="286" count="0" type="stmt"/>
      <line num="287" count="0" type="cond" truecount="0" falsecount="2"/>
      <line num="288" count="0" type="stmt"/>
      <line num="290" count="0" type="cond" truecount="0" falsecount="1"/>
      <line num="291" count="0" type="stmt"/>
      <line num="294" count="0" type="cond" truecount="0" falsecount="4"/>
      <line num="297" count="0" type="stmt"/>
      <line num="298" count="0" type="cond" truecount="0" falsecount="2"/>
      <line num="299" count="0" type="stmt"/>
      <line num="300" count="0" type="cond" truecount="0" falsecount="1"/>
      <line num="301" count="0" type="stmt"/>
      <line num="303" count="0" type="stmt"/>
      <line num="305" count="0" type="stmt"/>
      <line num="306" count="0" type="stmt"/>
      <line num="308" count="0" type="stmt"/>
      <line num="345" count="0" type="cond" truecount="0" falsecount="2"/>
      <line num="346" count="0" type="stmt"/>
      <line num="348" count="0" type="cond" truecount="0" falsecount="3"/>
      <line num="349" count="0" type="stmt"/>
      <line num="350" count="0" type="stmt"/>
      <line num="353" count="0" type="stmt"/>
      <line num="354" count="0" type="stmt"/>
      <line num="356" count="0" type="stmt"/>
      <line num="383" count="0" type="stmt"/>
      <line num="384" count="0" type="stmt"/>
      <line num="387" count="0" type="stmt"/>
      <line num="388" count="0" type="stmt"/>
      <line num="389" count="0" type="stmt"/>
      <line num="393" count="0" type="cond" truecount="0" falsecount="1"/>
      <line num="394" count="0" type="stmt"/>
      <line num="398" count="0" type="stmt"/>
      <line num="399" count="0" type="stmt"/>
      <line num="403" count="1" type="stmt"/>
      <line num="406" count="1" type="cond" truecount="0" falsecount="1"/>
      <line num="408" count="0" type="stmt"/>
      <line num="411" count="1" type="stmt"/>
      <line num="413" count="1" type="stmt"/>
      <line num="414" count="1" type="stmt"/>
      <line num="415" count="1" type="stmt"/>
      <line num="416" count="1" type="stmt"/>
      <line num="417" count="1" type="stmt"/>
      <line num="418" count="1" type="stmt"/>
      <line num="419" count="1" type="stmt"/>
      <line num="420" count="1" type="stmt"/>
      <line num="421" count="1" type="stmt"/>
      <line num="422" count="8" type="stmt"/>
      <line num="424" count="8" type="cond" truecount="1" falsecount="1"/>
      <line num="425" count="0" type="stmt"/>
      <line num="427" count="8" type="cond" truecount="2" falsecount="0"/>
      <line num="428" count="1" type="stmt"/>
      <line num="430" count="7" type="stmt"/>
      <line num="434" count="8" type="stmt"/>
      <line num="435" count="8" type="stmt"/>
      <line num="436" count="8" type="stmt"/>
      <line num="437" count="8" type="stmt"/>
      <line num="438" count="8" type="stmt"/>
      <line num="439" count="8" type="stmt"/>
      <line num="441" count="8" type="stmt"/>
      <line num="443" count="8" type="stmt"/>
      <line num="445" count="1" type="stmt"/>
      <line num="448" count="1" type="stmt"/>
      <line num="456" count="1" type="stmt"/>
      <line num="458" count="1" type="stmt"/>
      <line num="459" count="1" type="stmt"/>
      <line num="461" count="1" type="stmt"/>
      <line num="462" count="1" type="stmt"/>
      <line num="464" count="1" type="stmt"/>
      <line num="465" count="1" type="stmt"/>
      <line num="468" count="1" type="stmt"/>
      <line num="469" count="1" type="stmt"/>
      <line num="471" count="1" type="stmt"/>
      <line num="472" count="8" type="stmt"/>
      <line num="473" count="8" type="stmt"/>
      <line num="474" count="8" type="stmt"/>
      <line num="478" count="1" type="stmt"/>
      <line num="479" count="1" type="stmt"/>
      <line num="480" count="1" type="stmt"/>
      <line num="485" count="1" type="stmt"/>
      <line num="486" count="1" type="stmt"/>
      <line num="498" count="1" type="stmt"/>
      <line num="499" count="0" type="stmt"/>
      <line num="500" count="0" type="stmt"/>
      <line num="503" count="1" type="stmt"/>
      <line num="504" count="0" type="stmt"/>
      <line num="507" count="1" type="stmt"/>
      <line num="508" count="0" type="stmt"/>
      <line num="511" count="1" type="stmt"/>
      <line num="512" count="0" type="stmt"/>
      <line num="513" count="0" type="cond" truecount="0" falsecount="1"/>
      <line num="515" count="0" type="cond" truecount="0" falsecount="1"/>
      <line num="516" count="0" type="stmt"/>
      <line num="518" count="0" type="stmt"/>
      <line num="521" count="0" type="stmt"/>
      <line num="524" count="0" type="stmt"/>
      <line num="528" count="1" type="stmt"/>
      <line num="696" count="1" type="stmt"/>
      <line num="698" count="1" type="stmt"/>
      <line num="699" count="1" type="stmt"/>
      <line num="700" count="1" type="stmt"/>
      <line num="702" count="0" type="stmt"/>
      <line num="706" count="1" type="stmt"/>
      <line num="707" count="0" type="stmt"/>
      <line num="709" count="0" type="stmt"/>
      <line num="715" count="0" type="stmt"/>
      <line num="716" count="0" type="stmt"/>
      <line num="717" count="0" type="stmt"/>
      <line num="719" count="0" type="stmt"/>
      <line num="724" count="0" type="cond" truecount="0" falsecount="4"/>
      <line num="725" count="0" type="stmt"/>
      <line num="726" count="0" type="stmt"/>
      <line num="728" count="0" type="cond" truecount="0" falsecount="2"/>
      <line num="729" count="0" type="stmt"/>
      <line num="730" count="0" type="stmt"/>
      <line num="731" count="0" type="cond" truecount="0" falsecount="2"/>
      <line num="732" count="0" type="stmt"/>
      <line num="733" count="0" type="stmt"/>
      <line num="734" count="0" type="cond" truecount="0" falsecount="1"/>
      <line num="735" count="0" type="stmt"/>
      <line num="736" count="0" type="stmt"/>
      <line num="740" count="0" type="stmt"/>
      <line num="742" count="0" type="stmt"/>
      <line num="752" count="0" type="cond" truecount="0" falsecount="1"/>
      <line num="754" count="0" type="stmt"/>
      <line num="766" count="0" type="cond" truecount="0" falsecount="4"/>
      <line num="769" count="0" type="cond" truecount="0" falsecount="2"/>
      <line num="770" count="0" type="stmt"/>
      <line num="771" count="0" type="stmt"/>
      <line num="773" count="0" type="stmt"/>
      <line num="792" count="0" type="stmt"/>
      <line num="794" count="0" type="stmt"/>
      <line num="811" count="0" type="stmt"/>
      <line num="813" count="0" type="cond" truecount="0" falsecount="1"/>
      <line num="815" count="0" type="stmt"/>
      <line num="816" count="0" type="stmt"/>
      <line num="817" count="0" type="cond" truecount="0" falsecount="2"/>
      <line num="820" count="0" type="stmt"/>
      <line num="822" count="0" type="cond" truecount="0" falsecount="1"/>
      <line num="823" count="0" type="stmt"/>
      <line num="826" count="0" type="cond" truecount="0" falsecount="1"/>
      <line num="827" count="0" type="stmt"/>
      <line num="828" count="0" type="cond" truecount="0" falsecount="1"/>
      <line num="829" count="0" type="stmt"/>
      <line num="831" count="0" type="stmt"/>
      <line num="832" count="0" type="cond" truecount="0" falsecount="1"/>
      <line num="833" count="0" type="stmt"/>
      <line num="835" count="0" type="cond" truecount="0" falsecount="4"/>
      <line num="836" count="0" type="cond" truecount="0" falsecount="2"/>
      <line num="837" count="0" type="cond" truecount="0" falsecount="2"/>
      <line num="838" count="0" type="cond" truecount="0" falsecount="1"/>
      <line num="839" count="0" type="stmt"/>
      <line num="840" count="0" type="cond" truecount="0" falsecount="1"/>
      <line num="841" count="0" type="cond" truecount="0" falsecount="3"/>
      <line num="842" count="0" type="stmt"/>
      <line num="844" count="0" type="stmt"/>
      <line num="848" count="0" type="stmt"/>
      <line num="851" count="0" type="stmt"/>
      <line num="852" count="0" type="cond" truecount="0" falsecount="2"/>
      <line num="855" count="0" type="cond" truecount="0" falsecount="2"/>
      <line num="856" count="0" type="stmt"/>
      <line num="857" count="0" type="cond" truecount="0" falsecount="1"/>
      <line num="858" count="0" type="stmt"/>
      <line num="859" count="0" type="stmt"/>
      <line num="862" count="0" type="stmt"/>
      <line num="864" count="0" type="stmt"/>
      <line num="867" count="0" type="cond" truecount="0" falsecount="2"/>
      <line num="869" count="0" type="stmt"/>
      <line num="870" count="0" type="cond" truecount="0" falsecount="2"/>
      <line num="872" count="0" type="stmt"/>
      <line num="873" count="0" type="cond" truecount="0" falsecount="2"/>
      <line num="875" count="0" type="cond" truecount="0" falsecount="2"/>
      <line num="876" count="0" type="stmt"/>
      <line num="878" count="0" type="stmt"/>
      <line num="880" count="0" type="stmt"/>
      <line num="882" count="0" type="cond" truecount="0" falsecount="2"/>
      <line num="884" count="0" type="stmt"/>
      <line num="886" count="0" type="stmt"/>
      <line num="887" count="0" type="cond" truecount="0" falsecount="2"/>
      <line num="889" count="0" type="stmt"/>
      <line num="891" count="0" type="stmt"/>
      <line num="919" count="0" type="stmt"/>
      <line num="920" count="0" type="stmt"/>
      <line num="923" count="0" type="stmt"/>
      <line num="924" count="0" type="cond" truecount="0" falsecount="2"/>
      <line num="926" count="0" type="stmt"/>
      <line num="927" count="0" type="stmt"/>
      <line num="930" count="0" type="stmt"/>
      <line num="931" count="0" type="stmt"/>
      <line num="932" count="0" type="cond" truecount="0" falsecount="4"/>
      <line num="933" count="0" type="stmt"/>
      <line num="934" count="0" type="stmt"/>
      <line num="936" count="0" type="stmt"/>
      <line num="941" count="0" type="stmt"/>
      <line num="944" count="0" type="stmt"/>
      <line num="947" count="0" type="stmt"/>
      <line num="948" count="0" type="cond" truecount="0" falsecount="2"/>
      <line num="949" count="0" type="cond" truecount="0" falsecount="1"/>
      <line num="950" count="0" type="stmt"/>
      <line num="951" count="0" type="stmt"/>
      <line num="952" count="0" type="stmt"/>
      <line num="953" count="0" type="stmt"/>
      <line num="954" count="0" type="stmt"/>
      <line num="961" count="0" type="stmt"/>
      <line num="962" count="0" type="stmt"/>
      <line num="963" count="0" type="stmt"/>
      <line num="964" count="0" type="stmt"/>
      <line num="967" count="0" type="stmt"/>
      <line num="978" count="0" type="stmt"/>
      <line num="979" count="0" type="stmt"/>
      <line num="986" count="0" type="cond" truecount="0" falsecount="1"/>
      <line num="988" count="0" type="stmt"/>
      <line num="991" count="0" type="cond" truecount="0" falsecount="4"/>
      <line num="993" count="0" type="stmt"/>
      <line num="994" count="0" type="stmt"/>
      <line num="995" count="0" type="stmt"/>
      <line num="996" count="0" type="cond" truecount="0" falsecount="3"/>
      <line num="998" count="0" type="cond" truecount="0" falsecount="1"/>
      <line num="1000" count="0" type="stmt"/>
      <line num="1001" count="0" type="stmt"/>
      <line num="1002" count="0" type="stmt"/>
      <line num="1004" count="0" type="cond" truecount="0" falsecount="2"/>
      <line num="1005" count="0" type="stmt"/>
      <line num="1006" count="0" type="stmt"/>
      <line num="1011" count="0" type="cond" truecount="0" falsecount="1"/>
      <line num="1012" count="0" type="stmt"/>
      <line num="1013" count="0" type="stmt"/>
      <line num="1014" count="0" type="cond" truecount="0" falsecount="1"/>
      <line num="1016" count="0" type="stmt"/>
      <line num="1017" count="0" type="stmt"/>
      <line num="1018" count="0" type="stmt"/>
      <line num="1019" count="0" type="stmt"/>
      <line num="1020" count="0" type="stmt"/>
      <line num="1025" count="0" type="cond" truecount="0" falsecount="4"/>
      <line num="1029" count="0" type="stmt"/>
      <line num="1033" count="0" type="stmt"/>
      <line num="1034" count="0" type="stmt"/>
      <line num="1036" count="0" type="stmt"/>
      <line num="1038" count="0" type="stmt"/>
      <line num="1040" count="0" type="stmt"/>
      <line num="1043" count="0" type="stmt"/>
      <line num="1044" count="0" type="stmt"/>
      <line num="1050" count="0" type="stmt"/>
      <line num="1051" count="0" type="cond" truecount="0" falsecount="1"/>
      <line num="1061" count="0" type="stmt"/>
      <line num="1063" count="0" type="stmt"/>
      <line num="1064" count="0" type="cond" truecount="0" falsecount="2"/>
      <line num="1065" count="0" type="stmt"/>
      <line num="1067" count="0" type="stmt"/>
      <line num="1068" count="0" type="stmt"/>
      <line num="1071" count="0" type="stmt"/>
      <line num="1075" count="0" type="stmt"/>
      <line num="1076" count="0" type="stmt"/>
      <line num="1077" count="0" type="stmt"/>
      <line num="1079" count="0" type="stmt"/>
      <line num="1085" count="0" type="stmt"/>
      <line num="1086" count="0" type="cond" truecount="0" falsecount="4"/>
      <line num="1087" count="0" type="stmt"/>
      <line num="1088" count="0" type="cond" truecount="0" falsecount="1"/>
      <line num="1090" count="0" type="stmt"/>
      <line num="1091" count="0" type="stmt"/>
      <line num="1094" count="0" type="stmt"/>
      <line num="1096" count="0" type="stmt"/>
      <line num="1098" count="0" type="stmt"/>
      <line num="1107" count="0" type="cond" truecount="0" falsecount="1"/>
      <line num="1108" count="0" type="cond" truecount="0" falsecount="1"/>
      <line num="1111" count="0" type="cond" truecount="0" falsecount="1"/>
      <line num="1112" count="0" type="stmt"/>
      <line num="1115" count="0" type="cond" truecount="0" falsecount="1"/>
      <line num="1116" count="0" type="stmt"/>
      <line num="1120" count="0" type="stmt"/>
      <line num="1121" count="0" type="stmt"/>
      <line num="1122" count="0" type="stmt"/>
      <line num="1123" count="0" type="stmt"/>
      <line num="1126" count="0" type="stmt"/>
      <line num="1127" count="0" type="cond" truecount="0" falsecount="2"/>
      <line num="1128" count="0" type="stmt"/>
      <line num="1129" count="0" type="stmt"/>
      <line num="1130" count="0" type="stmt"/>
      <line num="1132" count="0" type="stmt"/>
      <line num="1135" count="0" type="stmt"/>
      <line num="1136" count="0" type="stmt"/>
      <line num="1138" count="0" type="cond" truecount="0" falsecount="2"/>
      <line num="1139" count="0" type="cond" truecount="0" falsecount="2"/>
      <line num="1142" count="0" type="stmt"/>
      <line num="1143" count="0" type="stmt"/>
      <line num="1144" count="0" type="stmt"/>
      <line num="1145" count="0" type="stmt"/>
      <line num="1146" count="0" type="cond" truecount="0" falsecount="1"/>
      <line num="1147" count="0" type="stmt"/>
      <line num="1148" count="0" type="stmt"/>
      <line num="1214" count="0" type="stmt"/>
      <line num="1215" count="0" type="stmt"/>
      <line num="1218" count="0" type="cond" truecount="0" falsecount="1"/>
      <line num="1219" count="0" type="stmt"/>
      <line num="1220" count="0" type="stmt"/>
      <line num="1225" count="0" type="cond" truecount="0" falsecount="4"/>
      <line num="1231" count="0" type="cond" truecount="0" falsecount="2"/>
      <line num="1232" count="0" type="cond" truecount="0" falsecount="2"/>
      <line num="1235" count="0" type="stmt"/>
      <line num="1246" count="0" type="stmt"/>
      <line num="1257" count="0" type="stmt"/>
      <line num="1259" count="0" type="stmt"/>
      <line num="1268" count="0" type="cond" truecount="0" falsecount="1"/>
      <line num="1269" count="0" type="stmt"/>
      <line num="1270" count="0" type="stmt"/>
      <line num="1271" count="0" type="stmt"/>
      <line num="1272" count="0" type="stmt"/>
      <line num="1281" count="0" type="stmt"/>
      <line num="1290" count="2" type="stmt"/>
      <line num="1300" count="3" type="stmt"/>
      <line num="1301" count="3" type="stmt"/>
      <line num="1302" count="3" type="stmt"/>
      <line num="1303" count="3" type="stmt"/>
      <line num="1306" count="3" type="cond" truecount="6" falsecount="0"/>
      <line num="1310" count="2" type="stmt"/>
      <line num="1312" count="2" type="stmt"/>
      <line num="1314" count="2" type="stmt"/>
      <line num="1317" count="1" type="stmt"/>
      <line num="1325" count="0" type="stmt"/>
      <line num="1326" count="0" type="cond" truecount="0" falsecount="1"/>
      <line num="1329" count="0" type="stmt"/>
      <line num="1331" count="0" type="stmt"/>
      <line num="1340" count="1" type="stmt"/>
      <line num="1343" count="1" type="cond" truecount="1" falsecount="0"/>
      <line num="1344" count="1" type="stmt"/>
      <line num="1345" count="1" type="stmt"/>
      <line num="1346" count="1" type="stmt"/>
      <line num="1347" count="1" type="stmt"/>
      <line num="1349" count="1" type="stmt"/>
    </file>
    <file name="debugMidiWin.ts" path="/workspaces/PNut-Term-TS/src/classes/debugMidiWin.ts">
      <metrics statements="224" coveredstatements="153" conditionals="90" coveredconditionals="63" methods="15" coveredmethods="9"/>
      <line num="23" count="2" type="stmt"/>
      <line num="24" count="2" type="stmt"/>
      <line num="25" count="2" type="stmt"/>
      <line num="26" count="2" type="stmt"/>
      <line num="28" count="2" type="stmt"/>
      <line num="30" count="34" type="stmt"/>
      <line num="31" count="34" type="stmt"/>
      <line num="32" count="34" type="stmt"/>
      <line num="33" count="34" type="stmt"/>
      <line num="34" count="34" type="stmt"/>
      <line num="35" count="34" type="stmt"/>
      <line num="36" count="34" type="stmt"/>
      <line num="39" count="34" type="stmt"/>
      <line num="40" count="34" type="stmt"/>
      <line num="41" count="34" type="stmt"/>
      <line num="42" count="34" type="stmt"/>
      <line num="43" count="34" type="stmt"/>
      <line num="44" count="34" type="stmt"/>
      <line num="45" count="34" type="stmt"/>
      <line num="48" count="34" type="stmt"/>
      <line num="49" count="34" type="stmt"/>
      <line num="50" count="34" type="stmt"/>
      <line num="51" count="34" type="stmt"/>
      <line num="52" count="34" type="stmt"/>
      <line num="55" count="34" type="stmt"/>
      <line num="56" count="34" type="stmt"/>
      <line num="59" count="34" type="stmt"/>
      <line num="62" count="34" type="stmt"/>
      <line num="65" count="34" type="stmt"/>
      <line num="70" count="0" type="stmt"/>
      <line num="75" count="0" type="stmt"/>
      <line num="76" count="0" type="stmt"/>
      <line num="84" count="34" type="stmt"/>
      <line num="97" count="34" type="stmt"/>
      <line num="98" count="34" type="cond" truecount="0" falsecount="1"/>
      <line num="99" count="0" type="stmt"/>
      <line num="103" count="34" type="stmt"/>
      <line num="104" count="34" type="cond" truecount="2" falsecount="0"/>
      <line num="107" count="34" type="stmt"/>
      <line num="110" count="34" type="cond" truecount="0" falsecount="1"/>
      <line num="111" count="0" type="stmt"/>
      <line num="113" count="34" type="cond" truecount="0" falsecount="1"/>
      <line num="114" count="0" type="stmt"/>
      <line num="118" count="34" type="stmt"/>
      <line num="125" count="51" type="stmt"/>
      <line num="131" count="51" type="stmt"/>
      <line num="132" count="51" type="stmt"/>
      <line num="135" count="51" type="cond" truecount="0" falsecount="1"/>
      <line num="136" count="0" type="stmt"/>
      <line num="137" count="0" type="stmt"/>
      <line num="138" count="0" type="stmt"/>
      <line num="139" count="0" type="stmt"/>
      <line num="143" count="51" type="stmt"/>
      <line num="144" count="51" type="cond" truecount="0" falsecount="1"/>
      <line num="145" count="0" type="stmt"/>
      <line num="146" count="0" type="stmt"/>
      <line num="155" count="57" type="cond" truecount="2" falsecount="1"/>
      <line num="158" count="0" type="cond" truecount="0" falsecount="1"/>
      <line num="159" count="0" type="stmt"/>
      <line num="163" count="0" type="stmt"/>
      <line num="164" count="0" type="stmt"/>
      <line num="166" count="0" type="stmt"/>
      <line num="169" count="0" type="stmt"/>
      <line num="170" count="0" type="stmt"/>
      <line num="171" count="0" type="stmt"/>
      <line num="173" count="0" type="stmt"/>
      <line num="174" count="0" type="stmt"/>
      <line num="175" count="0" type="cond" truecount="0" falsecount="3"/>
      <line num="176" count="0" type="stmt"/>
      <line num="181" count="0" type="stmt"/>
      <line num="182" count="0" type="stmt"/>
      <line num="183" count="0" type="cond" truecount="0" falsecount="3"/>
      <line num="184" count="0" type="stmt"/>
      <line num="199" count="0" type="cond" truecount="0" falsecount="1"/>
      <line num="201" count="0" type="stmt"/>
      <line num="202" count="0" type="stmt"/>
      <line num="203" count="0" type="stmt"/>
      <line num="206" count="0" type="stmt"/>
      <line num="207" count="0" type="stmt"/>
      <line num="208" count="0" type="stmt"/>
      <line num="211" count="0" type="stmt"/>
      <line num="212" count="0" type="cond" truecount="0" falsecount="1"/>
      <line num="213" count="0" type="stmt"/>
      <line num="214" count="0" type="stmt"/>
      <line num="215" count="0" type="stmt"/>
      <line num="216" count="0" type="stmt"/>
      <line num="217" count="0" type="stmt"/>
      <line num="221" count="0" type="cond" truecount="0" falsecount="2"/>
      <line num="222" count="0" type="stmt"/>
      <line num="223" count="0" type="stmt"/>
      <line num="224" count="0" type="stmt"/>
      <line num="227" count="0" type="cond" truecount="0" falsecount="2"/>
      <line num="228" count="0" type="stmt"/>
      <line num="235" count="0" type="cond" truecount="0" falsecount="1"/>
      <line num="237" count="0" type="stmt"/>
      <line num="238" count="0" type="stmt"/>
      <line num="239" count="0" type="stmt"/>
      <line num="240" count="0" type="stmt"/>
      <line num="241" count="0" type="stmt"/>
      <line num="242" count="0" type="stmt"/>
      <line num="243" count="0" type="stmt"/>
      <line num="244" count="0" type="stmt"/>
      <line num="245" count="0" type="stmt"/>
      <line num="246" count="0" type="stmt"/>
      <line num="247" count="0" type="stmt"/>
      <line num="254" count="0" type="stmt"/>
      <line num="255" count="0" type="stmt"/>
      <line num="256" count="0" type="stmt"/>
      <line num="257" count="0" type="stmt"/>
      <line num="264" count="71" type="stmt"/>
      <line num="266" count="71" type="stmt"/>
      <line num="267" count="135" type="stmt"/>
      <line num="270" count="135" type="cond" truecount="3" falsecount="0"/>
      <line num="271" count="3" type="stmt"/>
      <line num="272" count="3" type="stmt"/>
      <line num="273" count="3" type="stmt"/>
      <line num="274" count="3" type="stmt"/>
      <line num="277" count="132" type="cond" truecount="3" falsecount="0"/>
      <line num="278" count="2" type="cond" truecount="1" falsecount="1"/>
      <line num="279" count="2" type="cond" truecount="1" falsecount="1"/>
      <line num="280" count="2" type="stmt"/>
      <line num="281" count="2" type="stmt"/>
      <line num="282" count="2" type="stmt"/>
      <line num="285" count="130" type="cond" truecount="3" falsecount="0"/>
      <line num="286" count="14" type="stmt"/>
      <line num="287" count="14" type="cond" truecount="4" falsecount="0"/>
      <line num="288" count="14" type="stmt"/>
      <line num="289" count="14" type="stmt"/>
      <line num="290" count="14" type="stmt"/>
      <line num="292" count="14" type="stmt"/>
      <line num="293" count="14" type="stmt"/>
      <line num="296" count="116" type="cond" truecount="3" falsecount="0"/>
      <line num="297" count="6" type="stmt"/>
      <line num="298" count="6" type="stmt"/>
      <line num="299" count="6" type="cond" truecount="7" falsecount="0"/>
      <line num="302" count="3" type="stmt"/>
      <line num="303" count="3" type="stmt"/>
      <line num="304" count="3" type="stmt"/>
      <line num="306" count="6" type="stmt"/>
      <line num="307" count="6" type="stmt"/>
      <line num="310" count="110" type="cond" truecount="3" falsecount="0"/>
      <line num="311" count="7" type="stmt"/>
      <line num="312" count="7" type="cond" truecount="4" falsecount="0"/>
      <line num="313" count="5" type="stmt"/>
      <line num="315" count="7" type="stmt"/>
      <line num="316" count="7" type="stmt"/>
      <line num="319" count="103" type="cond" truecount="3" falsecount="0"/>
      <line num="320" count="4" type="stmt"/>
      <line num="321" count="4" type="stmt"/>
      <line num="322" count="4" type="stmt"/>
      <line num="323" count="4" type="stmt"/>
      <line num="324" count="4" type="stmt"/>
      <line num="325" count="4" type="stmt"/>
      <line num="326" count="4" type="stmt"/>
      <line num="327" count="4" type="stmt"/>
      <line num="330" count="99" type="cond" truecount="1" falsecount="0"/>
      <line num="331" count="2" type="stmt"/>
      <line num="332" count="2" type="stmt"/>
      <line num="333" count="2" type="stmt"/>
      <line num="336" count="97" type="cond" truecount="1" falsecount="0"/>
      <line num="337" count="4" type="stmt"/>
      <line num="338" count="4" type="stmt"/>
      <line num="340" count="4" type="cond" truecount="4" falsecount="0"/>
      <line num="341" count="2" type="stmt"/>
      <line num="342" count="2" type="cond" truecount="1" falsecount="1"/>
      <line num="343" count="2" type="stmt"/>
      <line num="344" count="2" type="stmt"/>
      <line num="346" count="0" type="stmt"/>
      <line num="348" count="2" type="cond" truecount="1" falsecount="1"/>
      <line num="349" count="2" type="stmt"/>
      <line num="350" count="2" type="stmt"/>
      <line num="352" count="0" type="stmt"/>
      <line num="355" count="4" type="stmt"/>
      <line num="356" count="4" type="stmt"/>
      <line num="359" count="93" type="cond" truecount="1" falsecount="0"/>
      <line num="360" count="2" type="stmt"/>
      <line num="361" count="2" type="stmt"/>
      <line num="362" count="2" type="stmt"/>
      <line num="363" count="2" type="stmt"/>
      <line num="366" count="91" type="cond" truecount="1" falsecount="0"/>
      <line num="367" count="2" type="stmt"/>
      <line num="368" count="2" type="stmt"/>
      <line num="369" count="2" type="stmt"/>
      <line num="370" count="2" type="stmt"/>
      <line num="374" count="89" type="stmt"/>
      <line num="375" count="89" type="cond" truecount="1" falsecount="0"/>
      <line num="376" count="78" type="stmt"/>
      <line num="379" count="89" type="stmt"/>
      <line num="388" count="78" type="cond" truecount="1" falsecount="0"/>
      <line num="389" count="24" type="stmt"/>
      <line num="392" count="78" type="cond" truecount="5" falsecount="0"/>
      <line num="394" count="35" type="cond" truecount="4" falsecount="0"/>
      <line num="395" count="15" type="stmt"/>
      <line num="396" count="20" type="cond" truecount="3" falsecount="0"/>
      <line num="397" count="6" type="stmt"/>
      <line num="399" count="35" type="stmt"/>
      <line num="402" count="16" type="stmt"/>
      <line num="403" count="16" type="stmt"/>
      <line num="404" count="16" type="stmt"/>
      <line num="407" count="15" type="stmt"/>
      <line num="408" count="15" type="stmt"/>
      <line num="409" count="15" type="stmt"/>
      <line num="410" count="15" type="stmt"/>
      <line num="413" count="6" type="stmt"/>
      <line num="414" count="6" type="stmt"/>
      <line num="415" count="6" type="stmt"/>
      <line num="418" count="6" type="stmt"/>
      <line num="419" count="6" type="stmt"/>
      <line num="420" count="6" type="stmt"/>
      <line num="421" count="6" type="stmt"/>
      <line num="429" count="0" type="stmt"/>
      <line num="436" count="3" type="stmt"/>
      <line num="437" count="3" type="cond" truecount="0" falsecount="1"/>
      <line num="438" count="0" type="stmt"/>
      <line num="446" count="2" type="stmt"/>
      <line num="447" count="2" type="cond" truecount="0" falsecount="1"/>
      <line num="448" count="0" type="stmt"/>
      <line num="449" count="0" type="stmt"/>
      <line num="457" count="2" type="stmt"/>
      <line num="458" count="2" type="cond" truecount="0" falsecount="1"/>
      <line num="459" count="0" type="stmt"/>
      <line num="462" count="2" type="stmt"/>
      <line num="463" count="2" type="stmt"/>
      <line num="464" count="2" type="stmt"/>
    </file>
    <file name="debugPlotWin.ts" path="/workspaces/PNut-Term-TS/src/classes/debugPlotWin.ts">
      <metrics statements="830" coveredstatements="502" conditionals="462" coveredconditionals="257" methods="43" coveredmethods="22"/>
      <line num="7" count="3" type="stmt"/>
      <line num="11" count="3" type="stmt"/>
      <line num="12" count="3" type="stmt"/>
      <line num="13" count="3" type="stmt"/>
      <line num="14" count="3" type="stmt"/>
      <line num="15" count="3" type="stmt"/>
      <line num="16" count="3" type="stmt"/>
      <line num="17" count="3" type="stmt"/>
      <line num="19" count="3" type="stmt"/>
      <line num="47" count="3" type="cond" truecount="2" falsecount="0"/>
      <line num="48" count="3" type="stmt"/>
      <line num="49" count="3" type="stmt"/>
      <line num="50" count="3" type="stmt"/>
      <line num="94" count="3" type="stmt"/>
      <line num="95" count="110" type="stmt"/>
      <line num="96" count="110" type="stmt"/>
      <line num="97" count="110" type="stmt"/>
      <line num="99" count="110" type="stmt"/>
      <line num="100" count="110" type="stmt"/>
      <line num="101" count="110" type="stmt"/>
      <line num="102" count="110" type="stmt"/>
      <line num="103" count="110" type="stmt"/>
      <line num="104" count="110" type="stmt"/>
      <line num="105" count="110" type="stmt"/>
      <line num="107" count="110" type="stmt"/>
      <line num="108" count="110" type="stmt"/>
      <line num="109" count="110" type="stmt"/>
      <line num="110" count="110" type="stmt"/>
      <line num="111" count="110" type="stmt"/>
      <line num="112" count="110" type="stmt"/>
      <line num="113" count="110" type="stmt"/>
      <line num="115" count="110" type="stmt"/>
      <line num="131" count="110" type="stmt"/>
      <line num="132" count="110" type="stmt"/>
      <line num="133" count="110" type="stmt"/>
      <line num="136" count="110" type="stmt"/>
      <line num="137" count="110" type="stmt"/>
      <line num="138" count="110" type="stmt"/>
      <line num="140" count="110" type="stmt"/>
      <line num="142" count="110" type="stmt"/>
      <line num="144" count="110" type="stmt"/>
      <line num="145" count="110" type="stmt"/>
      <line num="146" count="110" type="stmt"/>
      <line num="149" count="110" type="stmt"/>
      <line num="150" count="110" type="stmt"/>
      <line num="151" count="110" type="stmt"/>
      <line num="152" count="110" type="stmt"/>
      <line num="153" count="110" type="stmt"/>
      <line num="154" count="110" type="stmt"/>
      <line num="162" count="6" type="cond" truecount="1" falsecount="1"/>
      <line num="163" count="6" type="stmt"/>
      <line num="167" count="90" type="stmt"/>
      <line num="169" count="90" type="cond" truecount="1" falsecount="0"/>
      <line num="170" count="89" type="stmt"/>
      <line num="172" count="89" type="cond" truecount="4" falsecount="0"/>
      <line num="173" count="86" type="stmt"/>
      <line num="176" count="90" type="stmt"/>
      <line num="180" count="3" type="stmt"/>
      <line num="181" count="3" type="cond" truecount="3" falsecount="0"/>
      <line num="182" count="3" type="stmt"/>
      <line num="184" count="3" type="stmt"/>
      <line num="199" count="0" type="stmt"/>
      <line num="200" count="0" type="stmt"/>
      <line num="201" count="0" type="stmt"/>
      <line num="202" count="0" type="stmt"/>
      <line num="203" count="0" type="stmt"/>
      <line num="206" count="0" type="stmt"/>
      <line num="207" count="0" type="stmt"/>
      <line num="208" count="0" type="stmt"/>
      <line num="209" count="0" type="stmt"/>
      <line num="210" count="0" type="stmt"/>
      <line num="211" count="0" type="stmt"/>
      <line num="212" count="0" type="stmt"/>
      <line num="213" count="0" type="stmt"/>
      <line num="214" count="0" type="stmt"/>
      <line num="215" count="0" type="stmt"/>
      <line num="216" count="0" type="stmt"/>
      <line num="221" count="0" type="stmt"/>
      <line num="222" count="0" type="cond" truecount="0" falsecount="1"/>
      <line num="223" count="0" type="stmt"/>
      <line num="224" count="0" type="stmt"/>
      <line num="226" count="0" type="cond" truecount="0" falsecount="1"/>
      <line num="227" count="0" type="stmt"/>
      <line num="228" count="0" type="stmt"/>
      <line num="229" count="0" type="cond" truecount="0" falsecount="7"/>
      <line num="232" count="0" type="cond" truecount="0" falsecount="2"/>
      <line num="233" count="0" type="stmt"/>
      <line num="236" count="0" type="stmt"/>
      <line num="237" count="0" type="stmt"/>
      <line num="239" count="0" type="stmt"/>
      <line num="242" count="0" type="cond" truecount="0" falsecount="2"/>
      <line num="243" count="0" type="stmt"/>
      <line num="244" count="0" type="stmt"/>
      <line num="246" count="0" type="stmt"/>
      <line num="247" count="0" type="stmt"/>
      <line num="249" count="0" type="stmt"/>
      <line num="252" count="0" type="cond" truecount="0" falsecount="2"/>
      <line num="253" count="0" type="stmt"/>
      <line num="254" count="0" type="stmt"/>
      <line num="256" count="0" type="stmt"/>
      <line num="257" count="0" type="stmt"/>
      <line num="259" count="0" type="stmt"/>
      <line num="262" count="0" type="cond" truecount="0" falsecount="2"/>
      <line num="263" count="0" type="stmt"/>
      <line num="264" count="0" type="stmt"/>
      <line num="265" count="0" type="cond" truecount="0" falsecount="1"/>
      <line num="266" count="0" type="cond" truecount="0" falsecount="1"/>
      <line num="267" count="0" type="stmt"/>
      <line num="270" count="0" type="stmt"/>
      <line num="271" count="0" type="stmt"/>
      <line num="273" count="0" type="stmt"/>
      <line num="274" count="0" type="stmt"/>
      <line num="276" count="0" type="stmt"/>
      <line num="278" count="0" type="stmt"/>
      <line num="279" count="0" type="stmt"/>
      <line num="281" count="0" type="stmt"/>
      <line num="282" count="0" type="stmt"/>
      <line num="285" count="0" type="stmt"/>
      <line num="286" count="0" type="stmt"/>
      <line num="288" count="0" type="cond" truecount="0" falsecount="1"/>
      <line num="289" count="0" type="stmt"/>
      <line num="293" count="0" type="stmt"/>
      <line num="294" count="0" type="stmt"/>
      <line num="298" count="3" type="stmt"/>
      <line num="306" count="3" type="stmt"/>
      <line num="308" count="3" type="stmt"/>
      <line num="310" count="3" type="stmt"/>
      <line num="311" count="3" type="stmt"/>
      <line num="313" count="3" type="stmt"/>
      <line num="314" count="3" type="stmt"/>
      <line num="315" count="3" type="stmt"/>
      <line num="320" count="3" type="stmt"/>
      <line num="321" count="3" type="stmt"/>
      <line num="333" count="3" type="stmt"/>
      <line num="334" count="0" type="stmt"/>
      <line num="335" count="0" type="stmt"/>
      <line num="338" count="3" type="stmt"/>
      <line num="339" count="0" type="stmt"/>
      <line num="342" count="3" type="stmt"/>
      <line num="343" count="0" type="stmt"/>
      <line num="346" count="3" type="stmt"/>
      <line num="347" count="0" type="stmt"/>
      <line num="348" count="0" type="cond" truecount="0" falsecount="1"/>
      <line num="350" count="0" type="cond" truecount="0" falsecount="1"/>
      <line num="351" count="0" type="stmt"/>
      <line num="353" count="0" type="stmt"/>
      <line num="356" count="0" type="stmt"/>
      <line num="359" count="0" type="stmt"/>
      <line num="364" count="3" type="stmt"/>
      <line num="410" count="3" type="stmt"/>
      <line num="412" count="3" type="stmt"/>
      <line num="413" count="3" type="stmt"/>
      <line num="414" count="3" type="stmt"/>
      <line num="416" count="0" type="stmt"/>
      <line num="421" count="3" type="stmt"/>
      <line num="422" count="0" type="stmt"/>
      <line num="423" count="0" type="stmt"/>
      <line num="428" count="0" type="cond" truecount="0" falsecount="1"/>
      <line num="431" count="0" type="stmt"/>
      <line num="435" count="0" type="cond" truecount="0" falsecount="2"/>
      <line num="437" count="0" type="cond" truecount="0" falsecount="1"/>
      <line num="439" count="0" type="stmt"/>
      <line num="442" count="0" type="stmt"/>
      <line num="443" count="0" type="stmt"/>
      <line num="444" count="0" type="stmt"/>
      <line num="455" count="3" type="cond" truecount="2" falsecount="1"/>
      <line num="457" count="0" type="stmt"/>
      <line num="460" count="0" type="stmt"/>
      <line num="461" count="0" type="stmt"/>
      <line num="462" count="0" type="stmt"/>
      <line num="463" count="0" type="stmt"/>
      <line num="466" count="0" type="stmt"/>
      <line num="483" count="0" type="stmt"/>
      <line num="488" count="0" type="stmt"/>
      <line num="490" count="0" type="stmt"/>
      <line num="492" count="0" type="stmt"/>
      <line num="518" count="333" type="stmt"/>
      <line num="576" count="333" type="stmt"/>
      <line num="578" count="333" type="stmt"/>
      <line num="579" count="350" type="cond" truecount="2" falsecount="0"/>
      <line num="581" count="30" type="cond" truecount="1" falsecount="1"/>
      <line num="582" count="30" type="stmt"/>
      <line num="583" count="30" type="stmt"/>
      <line num="584" count="30" type="stmt"/>
      <line num="585" count="30" type="stmt"/>
      <line num="587" count="30" type="cond" truecount="1" falsecount="1"/>
      <line num="588" count="30" type="cond" truecount="1" falsecount="1"/>
      <line num="590" count="30" type="cond" truecount="0" falsecount="1"/>
      <line num="591" count="0" type="stmt"/>
      <line num="593" count="30" type="cond" truecount="0" falsecount="1"/>
      <line num="594" count="0" type="stmt"/>
      <line num="597" count="30" type="stmt"/>
      <line num="599" count="0" type="stmt"/>
      <line num="601" count="320" type="cond" truecount="1" falsecount="1"/>
      <line num="604" count="0" type="stmt"/>
      <line num="605" count="0" type="stmt"/>
      <line num="606" count="0" type="stmt"/>
      <line num="607" count="0" type="cond" truecount="0" falsecount="1"/>
      <line num="608" count="0" type="stmt"/>
      <line num="609" count="0" type="stmt"/>
      <line num="610" count="0" type="cond" truecount="0" falsecount="2"/>
      <line num="611" count="0" type="cond" truecount="0" falsecount="1"/>
      <line num="612" count="0" type="stmt"/>
      <line num="615" count="0" type="cond" truecount="0" falsecount="1"/>
      <line num="616" count="0" type="cond" truecount="0" falsecount="1"/>
      <line num="617" count="0" type="stmt"/>
      <line num="618" count="0" type="cond" truecount="0" falsecount="1"/>
      <line num="619" count="0" type="cond" truecount="0" falsecount="1"/>
      <line num="620" count="0" type="stmt"/>
      <line num="621" count="0" type="stmt"/>
      <line num="622" count="0" type="cond" truecount="0" falsecount="2"/>
      <line num="623" count="0" type="cond" truecount="0" falsecount="1"/>
      <line num="624" count="0" type="stmt"/>
      <line num="631" count="0" type="stmt"/>
      <line num="633" count="0" type="stmt"/>
      <line num="634" count="0" type="cond" truecount="0" falsecount="1"/>
      <line num="636" count="0" type="stmt"/>
      <line num="638" count="0" type="cond" truecount="0" falsecount="2"/>
      <line num="640" count="0" type="stmt"/>
      <line num="643" count="0" type="stmt"/>
      <line num="644" count="0" type="stmt"/>
      <line num="645" count="0" type="stmt"/>
      <line num="646" count="0" type="stmt"/>
      <line num="647" count="0" type="cond" truecount="0" falsecount="2"/>
      <line num="649" count="0" type="stmt"/>
      <line num="650" count="0" type="stmt"/>
      <line num="652" count="0" type="stmt"/>
      <line num="655" count="0" type="stmt"/>
      <line num="657" count="0" type="cond" truecount="0" falsecount="2"/>
      <line num="658" count="0" type="stmt"/>
      <line num="660" count="0" type="stmt"/>
      <line num="663" count="320" type="cond" truecount="2" falsecount="0"/>
      <line num="665" count="4" type="cond" truecount="1" falsecount="1"/>
      <line num="666" count="4" type="stmt"/>
      <line num="667" count="4" type="stmt"/>
      <line num="668" count="4" type="stmt"/>
      <line num="669" count="4" type="stmt"/>
      <line num="670" count="4" type="cond" truecount="1" falsecount="1"/>
      <line num="671" count="4" type="cond" truecount="1" falsecount="1"/>
      <line num="673" count="4" type="cond" truecount="0" falsecount="1"/>
      <line num="674" count="0" type="stmt"/>
      <line num="676" count="4" type="cond" truecount="0" falsecount="1"/>
      <line num="677" count="0" type="stmt"/>
      <line num="680" count="4" type="stmt"/>
      <line num="681" count="4" type="stmt"/>
      <line num="682" count="4" type="cond" truecount="0" falsecount="1"/>
      <line num="683" count="0" type="cond" truecount="0" falsecount="1"/>
      <line num="684" count="0" type="stmt"/>
      <line num="685" count="0" type="stmt"/>
      <line num="686" count="0" type="cond" truecount="0" falsecount="2"/>
      <line num="687" count="0" type="cond" truecount="0" falsecount="1"/>
      <line num="688" count="0" type="stmt"/>
      <line num="691" count="0" type="cond" truecount="0" falsecount="1"/>
      <line num="692" count="0" type="cond" truecount="0" falsecount="1"/>
      <line num="693" count="0" type="stmt"/>
      <line num="694" count="0" type="stmt"/>
      <line num="695" count="0" type="cond" truecount="0" falsecount="2"/>
      <line num="696" count="0" type="cond" truecount="0" falsecount="1"/>
      <line num="697" count="0" type="stmt"/>
      <line num="703" count="4" type="stmt"/>
      <line num="705" count="0" type="stmt"/>
      <line num="707" count="316" type="cond" truecount="1" falsecount="1"/>
      <line num="709" count="0" type="cond" truecount="0" falsecount="2"/>
      <line num="710" count="0" type="stmt"/>
      <line num="711" count="0" type="stmt"/>
      <line num="712" count="0" type="stmt"/>
      <line num="713" count="0" type="stmt"/>
      <line num="714" count="0" type="cond" truecount="0" falsecount="2"/>
      <line num="715" count="0" type="cond" truecount="0" falsecount="1"/>
      <line num="716" count="0" type="stmt"/>
      <line num="718" count="0" type="cond" truecount="0" falsecount="1"/>
      <line num="719" count="0" type="cond" truecount="0" falsecount="1"/>
      <line num="720" count="0" type="cond" truecount="0" falsecount="2"/>
      <line num="721" count="0" type="cond" truecount="0" falsecount="1"/>
      <line num="722" count="0" type="cond" truecount="0" falsecount="1"/>
      <line num="723" count="0" type="cond" truecount="0" falsecount="2"/>
      <line num="728" count="0" type="stmt"/>
      <line num="730" count="0" type="stmt"/>
      <line num="732" count="316" type="cond" truecount="2" falsecount="0"/>
      <line num="735" count="2" type="cond" truecount="1" falsecount="1"/>
      <line num="737" count="2" type="cond" truecount="1" falsecount="1"/>
      <line num="738" count="2" type="stmt"/>
      <line num="739" count="2" type="stmt"/>
      <line num="740" count="2" type="stmt"/>
      <line num="741" count="2" type="stmt"/>
      <line num="742" count="2" type="cond" truecount="1" falsecount="1"/>
      <line num="743" count="2" type="cond" truecount="1" falsecount="1"/>
      <line num="744" count="2" type="cond" truecount="0" falsecount="1"/>
      <line num="745" count="0" type="stmt"/>
      <line num="747" count="2" type="cond" truecount="0" falsecount="1"/>
      <line num="748" count="0" type="stmt"/>
      <line num="751" count="2" type="stmt"/>
      <line num="758" count="0" type="stmt"/>
      <line num="762" count="0" type="stmt"/>
      <line num="763" count="0" type="stmt"/>
      <line num="765" count="314" type="cond" truecount="2" falsecount="0"/>
      <line num="767" count="1" type="stmt"/>
      <line num="768" count="313" type="cond" truecount="2" falsecount="0"/>
      <line num="770" count="2" type="stmt"/>
      <line num="771" count="2" type="stmt"/>
      <line num="772" count="2" type="stmt"/>
      <line num="774" count="2" type="cond" truecount="1" falsecount="0"/>
      <line num="775" count="1" type="cond" truecount="1" falsecount="0"/>
      <line num="776" count="1" type="stmt"/>
      <line num="777" count="1" type="stmt"/>
      <line num="778" count="1" type="stmt"/>
      <line num="779" count="1" type="stmt"/>
      <line num="780" count="1" type="cond" truecount="1" falsecount="1"/>
      <line num="781" count="1" type="cond" truecount="1" falsecount="1"/>
      <line num="782" count="1" type="cond" truecount="0" falsecount="1"/>
      <line num="783" count="0" type="stmt"/>
      <line num="785" count="1" type="cond" truecount="0" falsecount="1"/>
      <line num="786" count="0" type="stmt"/>
      <line num="790" count="311" type="cond" truecount="2" falsecount="0"/>
      <line num="793" count="1" type="stmt"/>
      <line num="794" count="1" type="stmt"/>
      <line num="795" count="1" type="stmt"/>
      <line num="797" count="1" type="cond" truecount="1" falsecount="0"/>
      <line num="798" count="1" type="cond" truecount="1" falsecount="0"/>
      <line num="799" count="1" type="stmt"/>
      <line num="800" count="1" type="stmt"/>
      <line num="801" count="1" type="stmt"/>
      <line num="802" count="1" type="stmt"/>
      <line num="803" count="1" type="cond" truecount="1" falsecount="1"/>
      <line num="804" count="1" type="cond" truecount="1" falsecount="1"/>
      <line num="805" count="1" type="cond" truecount="0" falsecount="1"/>
      <line num="806" count="0" type="stmt"/>
      <line num="808" count="1" type="cond" truecount="0" falsecount="1"/>
      <line num="809" count="0" type="stmt"/>
      <line num="811" count="1" type="cond" truecount="1" falsecount="1"/>
      <line num="812" count="1" type="cond" truecount="1" falsecount="1"/>
      <line num="815" count="310" type="cond" truecount="2" falsecount="0"/>
      <line num="817" count="23" type="stmt"/>
      <line num="818" count="23" type="stmt"/>
      <line num="821" count="23" type="cond" truecount="1" falsecount="0"/>
      <line num="822" count="7" type="stmt"/>
      <line num="823" count="7" type="cond" truecount="1" falsecount="0"/>
      <line num="824" count="6" type="stmt"/>
      <line num="827" count="7" type="cond" truecount="1" falsecount="0"/>
      <line num="828" count="1" type="stmt"/>
      <line num="829" count="1" type="cond" truecount="1" falsecount="0"/>
      <line num="830" count="1" type="stmt"/>
      <line num="835" count="23" type="stmt"/>
      <line num="836" count="287" type="cond" truecount="2" falsecount="0"/>
      <line num="838" count="27" type="cond" truecount="1" falsecount="0"/>
      <line num="840" count="25" type="stmt"/>
      <line num="841" count="25" type="stmt"/>
      <line num="843" count="25" type="cond" truecount="3" falsecount="0"/>
      <line num="844" count="24" type="stmt"/>
      <line num="845" count="24" type="stmt"/>
      <line num="848" count="24" type="cond" truecount="1" falsecount="0"/>
      <line num="849" count="3" type="stmt"/>
      <line num="850" count="3" type="cond" truecount="1" falsecount="0"/>
      <line num="851" count="3" type="stmt"/>
      <line num="853" count="3" type="cond" truecount="1" falsecount="0"/>
      <line num="854" count="2" type="stmt"/>
      <line num="855" count="2" type="cond" truecount="1" falsecount="0"/>
      <line num="856" count="2" type="stmt"/>
      <line num="862" count="24" type="stmt"/>
      <line num="865" count="260" type="cond" truecount="2" falsecount="0"/>
      <line num="867" count="7" type="cond" truecount="1" falsecount="0"/>
      <line num="868" count="6" type="cond" truecount="1" falsecount="1"/>
      <line num="869" count="6" type="cond" truecount="1" falsecount="1"/>
      <line num="870" count="6" type="stmt"/>
      <line num="871" count="6" type="stmt"/>
      <line num="874" count="6" type="cond" truecount="3" falsecount="0"/>
      <line num="875" count="1" type="cond" truecount="1" falsecount="1"/>
      <line num="876" count="1" type="cond" truecount="1" falsecount="2"/>
      <line num="877" count="0" type="cond" truecount="0" falsecount="2"/>
      <line num="881" count="6" type="stmt"/>
      <line num="883" count="253" type="cond" truecount="2" falsecount="0"/>
      <line num="885" count="11" type="cond" truecount="1" falsecount="0"/>
      <line num="886" count="10" type="cond" truecount="1" falsecount="1"/>
      <line num="887" count="10" type="cond" truecount="1" falsecount="1"/>
      <line num="888" count="10" type="stmt"/>
      <line num="889" count="10" type="stmt"/>
      <line num="892" count="10" type="cond" truecount="3" falsecount="0"/>
      <line num="893" count="4" type="cond" truecount="1" falsecount="1"/>
      <line num="894" count="4" type="cond" truecount="3" falsecount="0"/>
      <line num="895" count="1" type="cond" truecount="1" falsecount="1"/>
      <line num="899" count="10" type="stmt"/>
      <line num="901" count="242" type="cond" truecount="2" falsecount="0"/>
      <line num="903" count="23" type="stmt"/>
      <line num="904" count="219" type="cond" truecount="2" falsecount="0"/>
      <line num="906" count="18" type="cond" truecount="2" falsecount="0"/>
      <line num="907" count="16" type="stmt"/>
      <line num="908" count="16" type="stmt"/>
      <line num="909" count="16" type="cond" truecount="1" falsecount="1"/>
      <line num="910" count="16" type="cond" truecount="0" falsecount="1"/>
      <line num="911" count="0" type="stmt"/>
      <line num="913" count="16" type="stmt"/>
      <line num="914" count="16" type="stmt"/>
      <line num="916" count="16" type="cond" truecount="4" falsecount="0"/>
      <line num="918" count="14" type="stmt"/>
      <line num="919" count="14" type="stmt"/>
      <line num="921" count="14" type="cond" truecount="2" falsecount="0"/>
      <line num="922" count="13" type="stmt"/>
      <line num="924" count="11" type="stmt"/>
      <line num="927" count="1" type="stmt"/>
      <line num="930" count="1" type="stmt"/>
      <line num="933" count="2" type="stmt"/>
      <line num="936" count="2" type="stmt"/>
      <line num="938" count="201" type="cond" truecount="2" falsecount="0"/>
      <line num="940" count="27" type="cond" truecount="1" falsecount="1"/>
      <line num="941" count="27" type="stmt"/>
      <line num="942" count="27" type="stmt"/>
      <line num="943" count="27" type="cond" truecount="1" falsecount="1"/>
      <line num="944" count="27" type="cond" truecount="0" falsecount="1"/>
      <line num="945" count="0" type="stmt"/>
      <line num="947" count="27" type="stmt"/>
      <line num="949" count="27" type="cond" truecount="5" falsecount="0"/>
      <line num="950" count="22" type="cond" truecount="4" falsecount="0"/>
      <line num="952" count="17" type="stmt"/>
      <line num="953" count="17" type="stmt"/>
      <line num="954" count="17" type="stmt"/>
      <line num="956" count="17" type="cond" truecount="1" falsecount="0"/>
      <line num="957" count="4" type="stmt"/>
      <line num="958" count="4" type="stmt"/>
      <line num="959" count="4" type="cond" truecount="1" falsecount="1"/>
      <line num="960" count="4" type="cond" truecount="0" falsecount="1"/>
      <line num="961" count="0" type="stmt"/>
      <line num="964" count="17" type="cond" truecount="1" falsecount="0"/>
      <line num="965" count="4" type="stmt"/>
      <line num="966" count="4" type="stmt"/>
      <line num="967" count="4" type="cond" truecount="1" falsecount="1"/>
      <line num="968" count="4" type="cond" truecount="0" falsecount="1"/>
      <line num="969" count="0" type="stmt"/>
      <line num="973" count="17" type="cond" truecount="1" falsecount="0"/>
      <line num="974" count="17" type="stmt"/>
      <line num="975" count="17" type="stmt"/>
      <line num="976" count="16" type="stmt"/>
      <line num="978" count="1" type="stmt"/>
      <line num="981" count="5" type="cond" truecount="2" falsecount="0"/>
      <line num="983" count="3" type="stmt"/>
      <line num="984" count="3" type="stmt"/>
      <line num="985" count="3" type="stmt"/>
      <line num="986" count="3" type="stmt"/>
      <line num="988" count="3" type="stmt"/>
      <line num="989" count="3" type="stmt"/>
      <line num="990" count="3" type="stmt"/>
      <line num="991" count="3" type="stmt"/>
      <line num="993" count="3" type="stmt"/>
      <line num="1000" count="3" type="cond" truecount="0" falsecount="1"/>
      <line num="1001" count="0" type="stmt"/>
      <line num="1003" count="3" type="cond" truecount="0" falsecount="1"/>
      <line num="1004" count="0" type="stmt"/>
      <line num="1006" count="3" type="cond" truecount="0" falsecount="1"/>
      <line num="1007" count="0" type="stmt"/>
      <line num="1009" count="3" type="cond" truecount="0" falsecount="1"/>
      <line num="1010" count="0" type="stmt"/>
      <line num="1013" count="3" type="stmt"/>
      <line num="1014" count="3" type="stmt"/>
      <line num="1017" count="3" type="cond" truecount="3" falsecount="0"/>
      <line num="1018" count="2" type="stmt"/>
      <line num="1019" count="2" type="stmt"/>
      <line num="1020" count="2" type="cond" truecount="1" falsecount="1"/>
      <line num="1021" count="2" type="cond" truecount="0" falsecount="1"/>
      <line num="1022" count="0" type="stmt"/>
      <line num="1025" count="3" type="cond" truecount="3" falsecount="0"/>
      <line num="1026" count="2" type="stmt"/>
      <line num="1027" count="2" type="stmt"/>
      <line num="1028" count="2" type="cond" truecount="1" falsecount="1"/>
      <line num="1029" count="2" type="cond" truecount="0" falsecount="1"/>
      <line num="1030" count="0" type="stmt"/>
      <line num="1034" count="3" type="cond" truecount="1" falsecount="0"/>
      <line num="1035" count="3" type="stmt"/>
      <line num="1036" count="3" type="stmt"/>
      <line num="1037" count="3" type="stmt"/>
      <line num="1039" count="0" type="stmt"/>
      <line num="1043" count="2" type="stmt"/>
      <line num="1046" count="5" type="stmt"/>
      <line num="1049" count="0" type="stmt"/>
      <line num="1051" count="174" type="cond" truecount="2" falsecount="0"/>
      <line num="1053" count="6" type="stmt"/>
      <line num="1054" count="168" type="cond" truecount="2" falsecount="0"/>
      <line num="1057" count="1" type="stmt"/>
      <line num="1058" count="1" type="stmt"/>
      <line num="1059" count="167" type="cond" truecount="2" falsecount="0"/>
      <line num="1061" count="1" type="cond" truecount="1" falsecount="1"/>
      <line num="1063" count="1" type="stmt"/>
      <line num="1065" count="1" type="stmt"/>
[...]
      <line num="519" count="6" type="stmt"/>
      <line num="520" count="16" type="cond" truecount="2" falsecount="0"/>
      <line num="522" count="3" type="stmt"/>
      <line num="523" count="13" type="cond" truecount="2" falsecount="0"/>
      <line num="525" count="2" type="stmt"/>
      <line num="526" count="11" type="cond" truecount="2" falsecount="0"/>
      <line num="528" count="2" type="stmt"/>
      <line num="529" count="2" type="stmt"/>
      <line num="532" count="2" type="cond" truecount="3" falsecount="0"/>
      <line num="533" count="2" type="stmt"/>
      <line num="534" count="2" type="stmt"/>
      <line num="537" count="2" type="cond" truecount="1" falsecount="1"/>
      <line num="538" count="2" type="stmt"/>
      <line num="540" count="2" type="stmt"/>
      <line num="541" count="2" type="stmt"/>
      <line num="543" count="0" type="stmt"/>
      <line num="545" count="9" type="cond" truecount="2" falsecount="0"/>
      <line num="547" count="1" type="stmt"/>
      <line num="548" count="1" type="stmt"/>
      <line num="549" count="8" type="cond" truecount="2" falsecount="0"/>
      <line num="551" count="1" type="stmt"/>
      <line num="552" count="1" type="stmt"/>
      <line num="554" count="7" type="stmt"/>
      <line num="562" count="123" type="stmt"/>
      <line num="564" count="123" type="cond" truecount="1" falsecount="0"/>
      <line num="565" count="54" type="stmt"/>
      <line num="566" count="54" type="stmt"/>
      <line num="569" count="123" type="cond" truecount="1" falsecount="0"/>
      <line num="571" count="122" type="stmt"/>
      <line num="576" count="128" type="cond" truecount="1" falsecount="0"/>
      <line num="578" count="122" type="stmt"/>
      <line num="579" count="122" type="stmt"/>
      <line num="582" count="122" type="cond" truecount="2" falsecount="0"/>
      <line num="583" count="70" type="stmt"/>
      <line num="587" count="52" type="stmt"/>
      <line num="588" count="52" type="stmt"/>
      <line num="589" count="52" type="cond" truecount="13" falsecount="0"/>
      <line num="592" count="1" type="stmt"/>
      <line num="593" count="1" type="stmt"/>
      <line num="596" count="2" type="stmt"/>
      <line num="597" count="2" type="stmt"/>
      <line num="600" count="4" type="cond" truecount="2" falsecount="0"/>
      <line num="601" count="2" type="stmt"/>
      <line num="602" count="2" type="cond" truecount="1" falsecount="1"/>
      <line num="603" count="2" type="stmt"/>
      <line num="605" count="0" type="stmt"/>
      <line num="608" count="2" type="stmt"/>
      <line num="610" count="4" type="stmt"/>
      <line num="613" count="6" type="cond" truecount="2" falsecount="0"/>
      <line num="614" count="3" type="stmt"/>
      <line num="615" count="3" type="cond" truecount="1" falsecount="1"/>
      <line num="616" count="3" type="stmt"/>
      <line num="618" count="0" type="stmt"/>
      <line num="621" count="3" type="stmt"/>
      <line num="623" count="6" type="stmt"/>
      <line num="629" count="9" type="stmt"/>
      <line num="630" count="9" type="stmt"/>
      <line num="633" count="4" type="cond" truecount="1" falsecount="0"/>
      <line num="634" count="2" type="stmt"/>
      <line num="636" count="4" type="stmt"/>
      <line num="640" count="4" type="stmt"/>
      <line num="641" count="4" type="stmt"/>
      <line num="643" count="22" type="stmt"/>
      <line num="645" count="4" type="stmt"/>
      <line num="649" count="13" type="stmt"/>
      <line num="650" count="13" type="cond" truecount="1" falsecount="0"/>
      <line num="651" count="5" type="stmt"/>
      <line num="653" count="13" type="stmt"/>
      <line num="655" count="9" type="stmt"/>
      <line num="656" count="9" type="stmt"/>
      <line num="660" count="122" type="stmt"/>
      <line num="666" count="4" type="stmt"/>
      <line num="668" count="4" type="stmt"/>
      <line num="672" count="4" type="cond" truecount="1" falsecount="0"/>
      <line num="673" count="4" type="stmt"/>
      <line num="674" count="4" type="stmt"/>
      <line num="675" count="4" type="stmt"/>
      <line num="676" count="4" type="stmt"/>
      <line num="677" count="4" type="stmt"/>
      <line num="678" count="4" type="stmt"/>
      <line num="680" count="0" type="stmt"/>
      <line num="686" count="70" type="cond" truecount="1" falsecount="0"/>
      <line num="687" count="70" type="stmt"/>
      <line num="690" count="70" type="stmt"/>
      <line num="691" count="88" type="stmt"/>
      <line num="692" count="88" type="stmt"/>
      <line num="701" count="110" type="cond" truecount="0" falsecount="1"/>
      <line num="703" count="110" type="stmt"/>
      <line num="704" count="110" type="stmt"/>
      <line num="705" count="110" type="stmt"/>
      <line num="706" count="110" type="stmt"/>
      <line num="707" count="110" type="stmt"/>
      <line num="708" count="110" type="stmt"/>
      <line num="709" count="110" type="stmt"/>
      <line num="710" count="110" type="stmt"/>
      <line num="711" count="110" type="stmt"/>
      <line num="712" count="110" type="stmt"/>
      <line num="713" count="109" type="stmt"/>
      <line num="714" count="109" type="stmt"/>
      <line num="717" count="109" type="stmt"/>
      <line num="729" count="109" type="stmt"/>
      <line num="732" count="109" type="stmt"/>
      <line num="735" count="109" type="cond" truecount="1" falsecount="0"/>
      <line num="736" count="4" type="stmt"/>
      <line num="737" count="4" type="stmt"/>
      <line num="740" count="4" type="cond" truecount="1" falsecount="0"/>
      <line num="741" count="1" type="stmt"/>
      <line num="742" count="1" type="stmt"/>
      <line num="746" count="1" type="stmt"/>
      <line num="754" count="1" type="stmt"/>
      <line num="761" count="1" type="cond" truecount="0" falsecount="1"/>
      <line num="763" count="1" type="stmt"/>
      <line num="764" count="1" type="stmt"/>
      <line num="765" count="1" type="stmt"/>
      <line num="766" count="1" type="stmt"/>
      <line num="767" count="1" type="stmt"/>
      <line num="768" count="1" type="stmt"/>
      <line num="770" count="1" type="stmt"/>
      <line num="778" count="1" type="stmt"/>
      <line num="785" count="1" type="cond" truecount="0" falsecount="1"/>
      <line num="787" count="1" type="stmt"/>
      <line num="788" count="1" type="stmt"/>
      <line num="789" count="1" type="stmt"/>
      <line num="790" count="1" type="stmt"/>
      <line num="793" count="1" type="stmt"/>
      <line num="804" count="1" type="stmt"/>
      <line num="812" count="1" type="stmt"/>
      <line num="822" count="0" type="stmt"/>
      <line num="823" count="0" type="stmt"/>
      <line num="826" count="0" type="stmt"/>
      <line num="827" count="0" type="stmt"/>
      <line num="829" count="0" type="cond" truecount="0" falsecount="5"/>
      <line num="832" count="0" type="stmt"/>
      <line num="833" count="0" type="stmt"/>
      <line num="836" count="0" type="stmt"/>
      <line num="837" count="0" type="stmt"/>
      <line num="839" count="0" type="stmt"/>
      <line num="846" count="0" type="stmt"/>
    </file>
    <file name="debugWindowBase.ts" path="/workspaces/PNut-Term-TS/src/classes/debugWindowBase.ts">
      <metrics statements="246" coveredstatements="206" conditionals="82" coveredconditionals="66" methods="33" coveredmethods="29"/>
      <line num="9" count="18" type="stmt"/>
      <line num="10" count="18" type="stmt"/>
      <line num="11" count="18" type="stmt"/>
      <line num="12" count="18" type="stmt"/>
      <line num="14" count="18" type="stmt"/>
      <line num="16" count="18" type="stmt"/>
      <line num="17" count="18" type="stmt"/>
      <line num="66" count="18" type="cond" truecount="2" falsecount="0"/>
      <line num="67" count="18" type="stmt"/>
      <line num="68" count="18" type="stmt"/>
      <line num="69" count="18" type="stmt"/>
      <line num="70" count="18" type="stmt"/>
      <line num="73" count="18" type="cond" truecount="2" falsecount="0"/>
      <line num="74" count="18" type="stmt"/>
      <line num="75" count="18" type="stmt"/>
      <line num="76" count="18" type="stmt"/>
      <line num="77" count="18" type="stmt"/>
      <line num="80" count="18" type="cond" truecount="2" falsecount="0"/>
      <line num="81" count="18" type="stmt"/>
      <line num="82" count="18" type="stmt"/>
      <line num="83" count="18" type="stmt"/>
      <line num="84" count="18" type="stmt"/>
      <line num="85" count="18" type="stmt"/>
      <line num="88" count="18" type="cond" truecount="2" falsecount="0"/>
      <line num="89" count="18" type="stmt"/>
      <line num="90" count="18" type="stmt"/>
      <line num="91" count="18" type="stmt"/>
      <line num="92" count="18" type="stmt"/>
      <line num="93" count="18" type="stmt"/>
      <line num="94" count="18" type="stmt"/>
      <line num="95" count="18" type="stmt"/>
      <line num="96" count="18" type="stmt"/>
      <line num="97" count="18" type="stmt"/>
      <line num="98" count="18" type="stmt"/>
      <line num="99" count="18" type="stmt"/>
      <line num="100" count="18" type="stmt"/>
      <line num="101" count="18" type="stmt"/>
      <line num="104" count="18" type="cond" truecount="2" falsecount="0"/>
      <line num="105" count="18" type="stmt"/>
      <line num="106" count="18" type="stmt"/>
      <line num="107" count="18" type="stmt"/>
      <line num="108" count="18" type="stmt"/>
      <line num="141" count="18" type="stmt"/>
      <line num="143" count="356" type="stmt"/>
      <line num="144" count="356" type="stmt"/>
      <line num="145" count="356" type="stmt"/>
      <line num="146" count="356" type="stmt"/>
      <line num="148" count="356" type="stmt"/>
      <line num="149" count="356" type="stmt"/>
      <line num="152" count="356" type="stmt"/>
      <line num="153" count="356" type="stmt"/>
      <line num="154" count="356" type="stmt"/>
      <line num="162" count="119" type="stmt"/>
      <line num="163" count="119" type="stmt"/>
      <line num="164" count="119" type="stmt"/>
      <line num="165" count="119" type="stmt"/>
      <line num="166" count="119" type="stmt"/>
      <line num="170" count="6" type="stmt"/>
      <line num="171" count="6" type="stmt"/>
      <line num="175" count="0" type="stmt"/>
      <line num="180" count="202" type="cond" truecount="2" falsecount="0"/>
      <line num="181" count="146" type="stmt"/>
      <line num="182" count="146" type="stmt"/>
      <line num="186" count="56" type="stmt"/>
      <line num="188" count="56" type="stmt"/>
      <line num="190" count="56" type="cond" truecount="0" falsecount="1"/>
      <line num="191" count="0" type="stmt"/>
      <line num="192" count="0" type="stmt"/>
      <line num="195" count="56" type="cond" truecount="3" falsecount="0"/>
      <line num="196" count="55" type="stmt"/>
      <line num="197" count="55" type="stmt"/>
      <line num="198" count="55" type="stmt"/>
      <line num="199" count="55" type="stmt"/>
      <line num="200" count="55" type="stmt"/>
      <line num="201" count="55" type="stmt"/>
      <line num="203" count="56" type="stmt"/>
      <line num="209" count="1203" type="stmt"/>
      <line num="217" count="18" type="stmt"/>
      <line num="218" count="18" type="stmt"/>
      <line num="221" count="18" type="stmt"/>
      <line num="236" count="18" type="stmt"/>
      <line num="237" count="18" type="cond" truecount="2" falsecount="0"/>
      <line num="238" count="12" type="stmt"/>
      <line num="239" count="12" type="stmt"/>
      <line num="243" count="6" type="stmt"/>
      <line num="245" count="6" type="cond" truecount="1" falsecount="0"/>
      <line num="247" count="4" type="stmt"/>
      <line num="248" count="4" type="stmt"/>
      <line num="252" count="18" type="stmt"/>
      <line num="269" count="12" type="stmt"/>
      <line num="270" count="12" type="cond" truecount="3" falsecount="1"/>
      <line num="272" count="9" type="stmt"/>
      <line num="273" count="9" type="stmt"/>
      <line num="275" count="1" type="stmt"/>
      <line num="276" count="1" type="stmt"/>
      <line num="278" count="2" type="stmt"/>
      <line num="279" count="2" type="stmt"/>
      <line num="281" count="0" type="stmt"/>
      <line num="282" count="0" type="stmt"/>
      <line num="284" count="12" type="cond" truecount="3" falsecount="1"/>
      <line num="286" count="9" type="stmt"/>
      <line num="287" count="9" type="stmt"/>
      <line num="289" count="1" type="stmt"/>
      <line num="290" count="1" type="stmt"/>
      <line num="292" count="2" type="stmt"/>
      <line num="293" count="2" type="stmt"/>
      <line num="295" count="0" type="stmt"/>
      <line num="296" count="0" type="stmt"/>
      <line num="298" count="12" type="cond" truecount="2" falsecount="0"/>
      <line num="299" count="12" type="cond" truecount="2" falsecount="0"/>
      <line num="300" count="12" type="cond" truecount="4" falsecount="1"/>
      <line num="302" count="1" type="stmt"/>
      <line num="303" count="1" type="stmt"/>
      <line num="305" count="8" type="stmt"/>
      <line num="306" count="8" type="stmt"/>
      <line num="308" count="2" type="stmt"/>
      <line num="309" count="2" type="stmt"/>
      <line num="311" count="1" type="stmt"/>
      <line num="312" count="1" type="stmt"/>
      <line num="314" count="0" type="stmt"/>
      <line num="315" count="0" type="stmt"/>
      <line num="318" count="12" type="stmt"/>
      <line num="319" count="12" type="stmt"/>
      <line num="320" count="12" type="stmt"/>
      <line num="325" count="112" type="stmt"/>
      <line num="333" count="112" type="cond" truecount="2" falsecount="0"/>
      <line num="334" count="111" type="stmt"/>
      <line num="335" count="111" type="stmt"/>
      <line num="336" count="111" type="stmt"/>
      <line num="337" count="111" type="stmt"/>
      <line num="338" count="111" type="stmt"/>
      <line num="339" count="111" type="cond" truecount="2" falsecount="3"/>
      <line num="341" count="0" type="stmt"/>
      <line num="342" count="0" type="stmt"/>
      <line num="344" count="110" type="stmt"/>
      <line num="345" count="110" type="stmt"/>
      <line num="347" count="1" type="stmt"/>
      <line num="348" count="1" type="stmt"/>
      <line num="350" count="0" type="stmt"/>
      <line num="351" count="0" type="stmt"/>
      <line num="353" count="0" type="stmt"/>
      <line num="354" count="0" type="stmt"/>
      <line num="357" count="1" type="stmt"/>
      <line num="359" count="112" type="stmt"/>
      <line num="366" count="5" type="stmt"/>
      <line num="367" count="5" type="cond" truecount="4" falsecount="0"/>
      <line num="369" count="1" type="stmt"/>
      <line num="370" count="1" type="stmt"/>
      <line num="372" count="1" type="stmt"/>
      <line num="373" count="1" type="stmt"/>
      <line num="375" count="1" type="stmt"/>
      <line num="376" count="1" type="stmt"/>
      <line num="378" count="1" type="stmt"/>
      <line num="379" count="1" type="stmt"/>
      <line num="381" count="5" type="stmt"/>
      <line num="481" count="0" type="stmt"/>
      <line num="482" count="0" type="stmt"/>
      <line num="485" count="0" type="stmt"/>
      <line num="487" count="0" type="cond" truecount="0" falsecount="1"/>
      <line num="489" count="0" type="stmt"/>
      <line num="492" count="0" type="stmt"/>
      <line num="638" count="4" type="stmt"/>
      <line num="639" count="4" type="stmt"/>
      <line num="643" count="4" type="stmt"/>
      <line num="645" count="4" type="cond" truecount="3" falsecount="0"/>
      <line num="646" count="1" type="stmt"/>
      <line num="647" count="1" type="stmt"/>
      <line num="650" count="4" type="cond" truecount="1" falsecount="2"/>
      <line num="651" count="0" type="stmt"/>
      <line num="652" count="0" type="stmt"/>
      <line num="655" count="4" type="cond" truecount="3" falsecount="0"/>
      <line num="656" count="1" type="stmt"/>
      <line num="657" count="1" type="stmt"/>
      <line num="660" count="4" type="cond" truecount="1" falsecount="0"/>
      <line num="661" count="1" type="stmt"/>
      <line num="662" count="1" type="stmt"/>
      <line num="665" count="4" type="cond" truecount="1" falsecount="0"/>
      <line num="666" count="1" type="stmt"/>
      <line num="667" count="1" type="stmt"/>
      <line num="669" count="4" type="stmt"/>
      <line num="670" count="4" type="stmt"/>
      <line num="674" count="4" type="cond" truecount="1" falsecount="0"/>
      <line num="675" count="3" type="stmt"/>
      <line num="676" count="3" type="stmt"/>
      <line num="677" count="3" type="stmt"/>
      <line num="678" count="3" type="stmt"/>
      <line num="679" count="3" type="stmt"/>
      <line num="680" count="3" type="stmt"/>
      <line num="681" count="0" type="stmt"/>
      <line num="682" count="0" type="stmt"/>
      <line num="684" count="3" type="stmt"/>
      <line num="686" count="3" type="stmt"/>
      <line num="692" count="7" type="stmt"/>
      <line num="693" count="7" type="cond" truecount="1" falsecount="0"/>
      <line num="694" count="7" type="cond" truecount="1" falsecount="0"/>
      <line num="698" count="5" type="stmt"/>
      <line num="701" count="7" type="stmt"/>
      <line num="706" count="62" type="cond" truecount="2" falsecount="0"/>
      <line num="707" count="62" type="stmt"/>
      <line num="709" count="62" type="stmt"/>
      <line num="719" count="9" type="stmt"/>
      <line num="720" count="9" type="stmt"/>
      <line num="722" count="9" type="cond" truecount="1" falsecount="0"/>
      <line num="723" count="5" type="stmt"/>
      <line num="738" count="10" type="stmt"/>
      <line num="739" count="10" type="stmt"/>
      <line num="741" count="10" type="cond" truecount="1" falsecount="0"/>
      <line num="743" count="8" type="stmt"/>
      <line num="745" count="8" type="stmt"/>
      <line num="814" count="8" type="stmt"/>
      <line num="822" count="8" type="cond" truecount="0" falsecount="1"/>
      <line num="825" count="8" type="stmt"/>
      <line num="826" count="0" type="cond" truecount="0" falsecount="2"/>
      <line num="827" count="0" type="stmt"/>
      <line num="830" count="0" type="cond" truecount="0" falsecount="1"/>
      <line num="831" count="0" type="stmt"/>
      <line num="832" count="0" type="cond" truecount="0" falsecount="1"/>
      <line num="833" count="0" type="stmt"/>
      <line num="835" count="0" type="stmt"/>
      <line num="836" count="0" type="stmt"/>
      <line num="841" count="0" type="stmt"/>
      <line num="844" count="0" type="stmt"/>
      <line num="847" count="0" type="stmt"/>
      <line num="854" count="0" type="cond" truecount="0" falsecount="1"/>
      <line num="855" count="0" type="stmt"/>
      <line num="856" count="0" type="stmt"/>
      <line num="867" count="1" type="stmt"/>
      <line num="882" count="1" type="stmt"/>
      <line num="889" count="3" type="stmt"/>
      <line num="890" count="3" type="stmt"/>
      <line num="891" count="3" type="stmt"/>
      <line num="892" count="2" type="stmt"/>
      <line num="893" count="2" type="stmt"/>
      <line num="896" count="1" type="stmt"/>
      <line num="897" count="1" type="stmt"/>
      <line num="898" count="1" type="stmt"/>
      <line num="905" count="3" type="stmt"/>
      <line num="906" count="3" type="stmt"/>
      <line num="907" count="0" type="stmt"/>
      <line num="909" count="3" type="stmt"/>
      <line num="910" count="3" type="stmt"/>
      <line num="912" count="3" type="stmt"/>
      <line num="918" count="342" type="stmt"/>
      <line num="922" count="1355" type="cond" truecount="1" falsecount="0"/>
      <line num="924" count="1355" type="cond" truecount="2" falsecount="0"/>
      <line num="925" count="1355" type="stmt"/>
    </file>
  </project>
</coverage>
