TN:
SF:src/pnut-term-ts.ts
FN:32,findMatch
FN:33,(anonymous_2)
FN:50,(anonymous_3)
FN:59,(anonymous_4)
FN:64,(anonymous_5)
FN:69,(anonymous_6)
FN:73,(anonymous_7)
FN:117,(anonymous_8)
FN:123,(anonymous_9)
FN:132,(anonymous_10)
FN:133,(anonymous_11)
FN:135,(anonymous_12)
FN:349,(anonymous_13)
FN:409,(anonymous_14)
FN:428,(anonymous_15)
FN:438,(anonymous_16)
FN:443,(anonymous_17)
FN:451,(anonymous_18)
FN:452,(anonymous_19)
FN:454,(anonymous_20)
FNF:20
FNH:0
FNDA:0,findMatch
FNDA:0,(anonymous_2)
FNDA:0,(anonymous_3)
FNDA:0,(anonymous_4)
FNDA:0,(anonymous_5)
FNDA:0,(anonymous_6)
FNDA:0,(anonymous_7)
FNDA:0,(anonymous_8)
FNDA:0,(anonymous_9)
FNDA:0,(anonymous_10)
FNDA:0,(anonymous_11)
FNDA:0,(anonymous_12)
FNDA:0,(anonymous_13)
FNDA:0,(anonymous_14)
FNDA:0,(anonymous_15)
FNDA:0,(anonymous_16)
FNDA:0,(anonymous_17)
FNDA:0,(anonymous_18)
FNDA:0,(anonymous_19)
FNDA:0,(anonymous_20)
DA:7,0
DA:8,0
DA:9,0
DA:10,0
DA:11,0
DA:12,0
DA:13,0
DA:14,0
DA:24,0
DA:33,0
DA:34,0
DA:35,0
DA:36,0
DA:38,0
DA:40,0
DA:41,0
DA:43,0
DA:44,0
DA:46,0
DA:47,0
DA:48,0
DA:52,0
DA:53,0
DA:57,0
DA:59,0
DA:60,0
DA:61,0
DA:64,0
DA:65,0
DA:66,0
DA:69,0
DA:70,0
DA:73,0
DA:74,0
DA:77,0
DA:79,0
DA:105,0
DA:106,0
DA:109,0
DA:113,0
DA:119,0
DA:125,0
DA:126,0
DA:129,0
DA:132,0
DA:133,0
DA:135,0
DA:152,0
DA:154,0
DA:166,0
DA:169,0
DA:172,0
DA:174,0
DA:175,0
DA:176,0
DA:178,0
DA:180,0
DA:181,0
DA:183,0
DA:184,0
DA:188,0
DA:195,0
DA:197,0
DA:201,0
DA:203,0
DA:207,0
DA:210,0
DA:212,0
DA:213,0
DA:215,0
DA:218,0
DA:219,0
DA:221,0
DA:224,0
DA:226,0
DA:227,0
DA:228,0
DA:229,0
DA:230,0
DA:233,0
DA:234,0
DA:235,0
DA:236,0
DA:241,0
DA:242,0
DA:243,0
DA:244,0
DA:245,0
DA:248,0
DA:249,0
DA:252,0
DA:253,0
DA:256,0
DA:257,0
DA:260,0
DA:262,0
DA:263,0
DA:264,0
DA:267,0
DA:268,0
DA:269,0
DA:270,0
DA:271,0
DA:274,0
DA:275,0
DA:276,0
DA:277,0
DA:278,0
DA:281,0
DA:282,0
DA:283,0
DA:284,0
DA:285,0
DA:286,0
DA:287,0
DA:289,0
DA:293,0
DA:294,0
DA:295,0
DA:296,0
DA:307,0
DA:308,0
DA:309,0
DA:312,0
DA:324,0
DA:327,0
DA:328,0
DA:329,0
DA:331,0
DA:332,0
DA:336,0
DA:337,0
DA:338,0
DA:339,0
DA:341,0
DA:343,0
DA:347,0
DA:349,0
DA:350,0
DA:352,0
DA:353,0
DA:358,0
DA:360,0
DA:363,0
DA:364,0
DA:366,0
DA:367,0
DA:370,0
DA:372,0
DA:373,0
DA:374,0
DA:377,0
DA:378,0
DA:382,0
DA:383,0
DA:384,0
DA:385,0
DA:386,0
DA:389,0
DA:390,0
DA:392,0
DA:394,0
DA:397,0
DA:398,0
DA:400,0
DA:402,0
DA:406,0
DA:408,0
DA:409,0
DA:411,0
DA:414,0
DA:417,0
DA:418,0
DA:419,0
DA:421,0
DA:424,0
DA:425,0
DA:429,0
DA:430,0
DA:431,0
DA:432,0
DA:433,0
DA:434,0
DA:440,0
DA:444,0
DA:445,0
DA:447,0
DA:452,0
DA:453,0
DA:454,0
DA:455,0
DA:456,0
DA:458,0
DA:459,0
DA:461,0
DA:464,0
DA:465,0
DA:466,0
DA:468,0
DA:470,0
DA:480,0
DA:481,0
LF:202
LH:0
BRDA:35,0,0,0
BRDA:52,1,0,0
BRDA:79,2,0,0
BRDA:125,3,0,0
BRDA:172,4,0,0
BRDA:172,4,1,0
BRDA:178,5,0,0
BRDA:178,5,1,0
BRDA:180,6,0,0
BRDA:180,6,1,0
BRDA:183,7,0,0
BRDA:188,8,0,0
BRDA:189,9,0,0
BRDA:189,9,1,0
BRDA:189,9,2,0
BRDA:189,9,3,0
BRDA:189,9,4,0
BRDA:210,10,0,0
BRDA:210,10,1,0
BRDA:210,10,2,0
BRDA:212,11,0,0
BRDA:212,11,1,0
BRDA:218,12,0,0
BRDA:218,12,1,0
BRDA:224,13,0,0
BRDA:233,14,0,0
BRDA:233,15,0,0
BRDA:233,15,1,0
BRDA:233,15,2,0
BRDA:233,15,3,0
BRDA:248,16,0,0
BRDA:252,17,0,0
BRDA:256,18,0,0
BRDA:262,19,0,0
BRDA:262,20,0,0
BRDA:262,20,1,0
BRDA:267,21,0,0
BRDA:267,22,0,0
BRDA:267,22,1,0
BRDA:274,23,0,0
BRDA:274,24,0,0
BRDA:274,24,1,0
BRDA:281,25,0,0
BRDA:285,26,0,0
BRDA:285,26,1,0
BRDA:308,27,0,0
BRDA:308,27,1,0
BRDA:327,28,0,0
BRDA:336,29,0,0
BRDA:341,30,0,0
BRDA:347,31,0,0
BRDA:352,32,0,0
BRDA:358,33,0,0
BRDA:364,34,0,0
BRDA:370,35,0,0
BRDA:377,36,0,0
BRDA:377,36,1,0
BRDA:377,36,2,0
BRDA:383,37,0,0
BRDA:384,38,0,0
BRDA:406,39,0,0
BRDA:417,40,0,0
BRDA:417,41,0,0
BRDA:417,41,1,0
BRDA:417,41,2,0
BRDA:417,41,3,0
BRDA:418,42,0,0
BRDA:418,42,1,0
BRDA:444,43,0,0
BRDA:444,43,1,0
BRDA:455,44,0,0
BRDA:458,45,0,0
BRDA:465,46,0,0
BRDA:465,46,1,0
BRF:74
BRH:0
end_of_record
TN:
SF:src/classes/debugBitmapWin.ts
FN:93,(anonymous_0)
FN:215,(anonymous_1)
FN:254,(anonymous_2)
FN:262,(anonymous_3)
FN:273,(anonymous_4)
FN:436,(anonymous_5)
FN:463,(anonymous_6)
FN:491,(anonymous_7)
FN:518,(anonymous_8)
FN:536,(anonymous_9)
FN:549,(anonymous_10)
FN:572,(anonymous_11)
FN:585,(anonymous_12)
FN:598,(anonymous_13)
FN:614,(anonymous_14)
FN:622,(anonymous_15)
FN:642,(anonymous_16)
FN:713,(anonymous_17)
FN:782,(anonymous_18)
FN:790,(anonymous_19)
FN:798,(anonymous_20)
FN:867,(anonymous_21)
FN:918,(anonymous_22)
FN:923,(anonymous_23)
FN:932,(anonymous_24)
FN:940,(anonymous_25)
FNF:26
FNH:0
FNDA:0,(anonymous_0)
FNDA:0,(anonymous_1)
FNDA:0,(anonymous_2)
FNDA:0,(anonymous_3)
FNDA:0,(anonymous_4)
FNDA:0,(anonymous_5)
FNDA:0,(anonymous_6)
FNDA:0,(anonymous_7)
FNDA:0,(anonymous_8)
FNDA:0,(anonymous_9)
FNDA:0,(anonymous_10)
FNDA:0,(anonymous_11)
FNDA:0,(anonymous_12)
FNDA:0,(anonymous_13)
FNDA:0,(anonymous_14)
FNDA:0,(anonymous_15)
FNDA:0,(anonymous_16)
FNDA:0,(anonymous_17)
FNDA:0,(anonymous_18)
FNDA:0,(anonymous_19)
FNDA:0,(anonymous_20)
FNDA:0,(anonymous_21)
FNDA:0,(anonymous_22)
FNDA:0,(anonymous_23)
FNDA:0,(anonymous_24)
FNDA:0,(anonymous_25)
DA:7,0
DA:9,0
DA:10,0
DA:11,0
DA:12,0
DA:13,0
DA:14,0
DA:15,0
DA:16,0
DA:78,0
DA:88,0
DA:103,0
DA:104,0
DA:105,0
DA:106,0
DA:108,0
DA:109,0
DA:111,0
DA:112,0
DA:113,0
DA:115,0
DA:118,0
DA:119,0
DA:120,0
DA:122,0
DA:124,0
DA:125,0
DA:127,0
DA:128,0
DA:130,0
DA:133,0
DA:134,0
DA:135,0
DA:136,0
DA:137,0
DA:139,0
DA:140,0
DA:143,0
DA:144,0
DA:146,0
DA:149,0
DA:150,0
DA:151,0
DA:152,0
DA:155,0
DA:157,0
DA:158,0
DA:161,0
DA:162,0
DA:164,0
DA:167,0
DA:168,0
DA:169,0
DA:170,0
DA:171,0
DA:173,0
DA:174,0
DA:177,0
DA:178,0
DA:180,0
DA:183,0
DA:185,0
DA:187,0
DA:189,0
DA:190,0
DA:192,0
DA:195,0
DA:196,0
DA:201,0
DA:204,0
DA:208,0
DA:209,0
DA:212,0
DA:216,0
DA:219,0
DA:220,0
DA:221,0
DA:224,0
DA:241,0
DA:242,0
DA:243,0
DA:244,0
DA:245,0
DA:248,0
DA:254,0
DA:255,0
DA:264,0
DA:267,0
DA:274,0
DA:277,0
DA:278,0
DA:281,0
DA:282,0
DA:283,0
DA:284,0
DA:285,0
DA:286,0
DA:287,0
DA:288,0
DA:289,0
DA:291,0
DA:292,0
DA:295,0
DA:296,0
DA:301,0
DA:303,0
DA:304,0
DA:305,0
DA:308,0
DA:309,0
DA:310,0
DA:311,0
DA:312,0
DA:313,0
DA:314,0
DA:316,0
DA:319,0
DA:321,0
DA:324,0
DA:325,0
DA:326,0
DA:329,0
DA:330,0
DA:331,0
DA:332,0
DA:333,0
DA:334,0
DA:336,0
DA:339,0
DA:340,0
DA:341,0
DA:342,0
DA:343,0
DA:345,0
DA:348,0
DA:349,0
DA:350,0
DA:351,0
DA:352,0
DA:354,0
DA:357,0
DA:358,0
DA:359,0
DA:360,0
DA:361,0
DA:362,0
DA:364,0
DA:367,0
DA:368,0
DA:369,0
DA:370,0
DA:371,0
DA:373,0
DA:377,0
DA:378,0
DA:379,0
DA:380,0
DA:381,0
DA:382,0
DA:383,0
DA:385,0
DA:387,0
DA:388,0
DA:389,0
DA:391,0
DA:397,0
DA:398,0
DA:400,0
DA:402,0
DA:403,0
DA:407,0
DA:409,0
DA:411,0
DA:412,0
DA:415,0
DA:416,0
DA:417,0
DA:419,0
DA:423,0
DA:428,0
DA:429,0
DA:438,0
DA:439,0
DA:442,0
DA:445,0
DA:448,0
DA:449,0
DA:453,0
DA:454,0
DA:457,0
DA:466,0
DA:475,0
DA:476,0
DA:479,0
DA:485,0
DA:492,0
DA:495,0
DA:496,0
DA:497,0
DA:498,0
DA:501,0
DA:512,0
DA:519,0
DA:520,0
DA:521,0
DA:525,0
DA:526,0
DA:527,0
DA:530,0
DA:550,0
DA:553,0
DA:554,0
DA:557,0
DA:558,0
DA:573,0
DA:574,0
DA:577,0
DA:578,0
DA:586,0
DA:587,0
DA:590,0
DA:591,0
DA:599,0
DA:600,0
DA:603,0
DA:606,0
DA:607,0
DA:615,0
DA:616,0
DA:623,0
DA:624,0
DA:625,0
DA:628,0
DA:630,0
DA:634,0
DA:644,0
DA:646,0
DA:648,0
DA:650,0
DA:651,0
DA:652,0
DA:653,0
DA:654,0
DA:655,0
DA:656,0
DA:657,0
DA:660,0
DA:661,0
DA:662,0
DA:663,0
DA:667,0
DA:671,0
DA:693,0
DA:694,0
DA:695,0
DA:698,0
DA:699,0
DA:700,0
DA:701,0
DA:704,0
DA:707,0
DA:714,0
DA:715,0
DA:716,0
DA:719,0
DA:720,0
DA:722,0
DA:725,0
DA:731,0
DA:733,0
DA:734,0
DA:735,0
DA:738,0
DA:741,0
DA:742,0
DA:743,0
DA:747,0
DA:748,0
DA:751,0
DA:752,0
DA:753,0
DA:758,0
DA:759,0
DA:773,0
DA:783,0
DA:791,0
DA:792,0
DA:804,0
DA:806,0
DA:807,0
DA:808,0
DA:809,0
DA:811,0
DA:812,0
DA:813,0
DA:814,0
DA:816,0
DA:817,0
DA:818,0
DA:819,0
DA:831,0
DA:832,0
DA:833,0
DA:834,0
DA:839,0
DA:840,0
DA:841,0
DA:842,0
DA:844,0
DA:845,0
DA:846,0
DA:847,0
DA:849,0
DA:850,0
DA:851,0
DA:852,0
DA:855,0
DA:868,0
DA:871,0
DA:872,0
DA:873,0
DA:874,0
DA:877,0
DA:888,0
DA:915,0
DA:918,0
DA:919,0
DA:920,0
DA:923,0
DA:924,0
DA:925,0
DA:934,0
DA:941,0
LF:333
LH:0
BRDA:111,0,0,0
BRDA:111,0,1,0
BRDA:119,1,0,0
BRDA:119,1,1,0
BRDA:122,2,0,0
BRDA:122,2,1,0
BRDA:122,2,2,0
BRDA:122,2,3,0
BRDA:122,2,4,0
BRDA:122,2,5,0
BRDA:122,2,6,0
BRDA:124,3,0,0
BRDA:124,3,1,0
BRDA:133,4,0,0
BRDA:133,4,1,0
BRDA:136,5,0,0
BRDA:136,5,1,0
BRDA:136,6,0,0
BRDA:136,6,1,0
BRDA:149,7,0,0
BRDA:149,7,1,0
BRDA:152,8,0,0
BRDA:152,8,1,0
BRDA:152,9,0,0
BRDA:152,9,1,0
BRDA:152,9,2,0
BRDA:152,9,3,0
BRDA:152,9,4,0
BRDA:152,9,5,0
BRDA:167,10,0,0
BRDA:167,10,1,0
BRDA:170,11,0,0
BRDA:170,11,1,0
BRDA:170,12,0,0
BRDA:170,12,1,0
BRDA:170,12,2,0
BRDA:170,12,3,0
BRDA:183,13,0,0
BRDA:183,13,1,0
BRDA:208,14,0,0
BRDA:281,15,0,0
BRDA:281,16,0,0
BRDA:281,16,1,0
BRDA:281,16,2,0
BRDA:283,17,0,0
BRDA:283,17,1,0
BRDA:283,18,0,0
BRDA:283,18,1,0
BRDA:285,19,0,0
BRDA:285,19,1,0
BRDA:285,20,0,0
BRDA:285,20,1,0
BRDA:285,20,2,0
BRDA:285,20,3,0
BRDA:301,21,0,0
BRDA:301,21,1,0
BRDA:301,21,2,0
BRDA:301,21,3,0
BRDA:301,21,4,0
BRDA:301,21,5,0
BRDA:301,21,6,0
BRDA:301,21,7,0
BRDA:301,21,8,0
BRDA:301,21,9,0
BRDA:301,21,10,0
BRDA:301,21,11,0
BRDA:308,22,0,0
BRDA:308,22,1,0
BRDA:311,23,0,0
BRDA:311,23,1,0
BRDA:311,24,0,0
BRDA:311,24,1,0
BRDA:329,25,0,0
BRDA:339,26,0,0
BRDA:348,27,0,0
BRDA:357,28,0,0
BRDA:367,29,0,0
BRDA:379,30,0,0
BRDA:380,31,0,0
BRDA:380,31,1,0
BRDA:382,32,0,0
BRDA:382,32,1,0
BRDA:397,33,0,0
BRDA:397,33,1,0
BRDA:407,34,0,0
BRDA:409,35,0,0
BRDA:409,35,1,0
BRDA:415,36,0,0
BRDA:415,36,1,0
BRDA:415,37,0,0
BRDA:415,37,1,0
BRDA:428,38,0,0
BRDA:448,39,0,0
BRDA:453,40,0,0
BRDA:475,41,0,0
BRDA:475,41,1,0
BRDA:492,42,0,0
BRDA:519,43,0,0
BRDA:525,44,0,0
BRDA:525,45,0,0
BRDA:525,45,1,0
BRDA:525,45,2,0
BRDA:525,45,3,0
BRDA:550,46,0,0
BRDA:557,47,0,0
BRDA:577,48,0,0
BRDA:590,49,0,0
BRDA:606,50,0,0
BRDA:623,51,0,0
BRDA:628,52,0,0
BRDA:628,52,1,0
BRDA:644,53,0,0
BRDA:650,54,0,0
BRDA:650,54,1,0
BRDA:652,55,0,0
BRDA:653,56,0,0
BRDA:653,56,1,0
BRDA:655,57,0,0
BRDA:656,58,0,0
BRDA:660,59,0,0
BRDA:662,60,0,0
BRDA:693,61,0,0
BRDA:698,62,0,0
BRDA:698,63,0,0
BRDA:698,63,1,0
BRDA:714,64,0,0
BRDA:720,65,0,0
BRDA:734,66,0,0
BRDA:741,67,0,0
BRDA:741,68,0,0
BRDA:741,68,1,0
BRDA:751,69,0,0
BRDA:751,69,1,0
BRDA:751,70,0,0
BRDA:751,70,1,0
BRDA:752,71,0,0
BRDA:758,72,0,0
BRDA:792,73,0,0
BRDA:792,73,1,0
BRDA:804,74,0,0
BRDA:804,74,1,0
BRDA:804,74,2,0
BRDA:804,74,3,0
BRDA:804,74,4,0
BRDA:804,74,5,0
BRDA:804,74,6,0
BRDA:804,74,7,0
BRDA:804,74,8,0
BRDA:804,74,9,0
BRDA:804,74,10,0
BRDA:804,74,11,0
BRDA:804,74,12,0
BRDA:804,74,13,0
BRDA:804,74,14,0
BRDA:804,74,15,0
BRDA:804,74,16,0
BRDA:804,74,17,0
BRDA:804,74,18,0
BRDA:804,74,19,0
BRF:159
BRH:0
end_of_record
TN:
SF:src/classes/debugLogicWin.ts
FN:105,(anonymous_0)
FN:130,(anonymous_1)
FN:136,(anonymous_2)
FN:144,(anonymous_3)
FN:407,(anonymous_4)
FN:503,(anonymous_5)
FN:508,(anonymous_6)
FN:512,(anonymous_7)
FN:516,(anonymous_8)
FN:711,(anonymous_9)
FN:718,(anonymous_10)
FN:728,(anonymous_11)
FN:770,(anonymous_12)
FN:796,(anonymous_13)
FN:802,(anonymous_14)
FN:984,(anonymous_15)
FN:1052,(anonymous_16)
FN:1064,(anonymous_17)
FN:1078,(anonymous_18)
FN:1087,(anonymous_19)
FN:1105,(anonymous_20)
FN:1271,(anonymous_21)
FN:1287,(anonymous_22)
FN:1296,(anonymous_23)
FN:1322,(anonymous_24)
FN:1323,(anonymous_25)
FN:1336,(anonymous_26)
FNF:27
FNH:0
FNDA:0,(anonymous_0)
FNDA:0,(anonymous_1)
FNDA:0,(anonymous_2)
FNDA:0,(anonymous_3)
FNDA:0,(anonymous_4)
FNDA:0,(anonymous_5)
FNDA:0,(anonymous_6)
FNDA:0,(anonymous_7)
FNDA:0,(anonymous_8)
FNDA:0,(anonymous_9)
FNDA:0,(anonymous_10)
FNDA:0,(anonymous_11)
FNDA:0,(anonymous_12)
FNDA:0,(anonymous_13)
FNDA:0,(anonymous_14)
FNDA:0,(anonymous_15)
FNDA:0,(anonymous_16)
FNDA:0,(anonymous_17)
FNDA:0,(anonymous_18)
FNDA:0,(anonymous_19)
FNDA:0,(anonymous_20)
FNDA:0,(anonymous_21)
FNDA:0,(anonymous_22)
FNDA:0,(anonymous_23)
FNDA:0,(anonymous_24)
FNDA:0,(anonymous_25)
FNDA:0,(anonymous_26)
DA:7,0
DA:11,0
DA:12,0
DA:13,0
DA:14,0
DA:15,0
DA:17,0
DA:81,0
DA:82,0
DA:83,0
DA:84,0
DA:85,0
DA:86,0
DA:87,0
DA:88,0
DA:89,0
DA:90,0
DA:91,0
DA:92,0
DA:94,0
DA:95,0
DA:97,0
DA:98,0
DA:99,0
DA:100,0
DA:102,0
DA:103,0
DA:106,0
DA:107,0
DA:109,0
DA:111,0
DA:119,0
DA:121,0
DA:131,0
DA:132,0
DA:133,0
DA:137,0
DA:138,0
DA:139,0
DA:141,0
DA:160,0
DA:161,0
DA:162,0
DA:163,0
DA:164,0
DA:165,0
DA:166,0
DA:169,0
DA:170,0
DA:171,0
DA:172,0
DA:173,0
DA:174,0
DA:175,0
DA:176,0
DA:177,0
DA:178,0
DA:179,0
DA:180,0
DA:181,0
DA:182,0
DA:183,0
DA:188,0
DA:189,0
DA:190,0
DA:193,0
DA:194,0
DA:195,0
DA:196,0
DA:198,0
DA:199,0
DA:200,0
DA:202,0
DA:204,0
DA:206,0
DA:207,0
DA:208,0
DA:209,0
DA:213,0
DA:214,0
DA:216,0
DA:218,0
DA:222,0
DA:223,0
DA:224,0
DA:225,0
DA:226,0
DA:227,0
DA:228,0
DA:230,0
DA:231,0
DA:233,0
DA:236,0
DA:239,0
DA:241,0
DA:244,0
DA:246,0
DA:247,0
DA:249,0
DA:252,0
DA:253,0
DA:256,0
DA:258,0
DA:261,0
DA:262,0
DA:264,0
DA:265,0
DA:266,0
DA:267,0
DA:268,0
DA:270,0
DA:273,0
DA:274,0
DA:279,0
DA:281,0
DA:283,0
DA:286,0
DA:287,0
DA:288,0
DA:290,0
DA:291,0
DA:294,0
DA:295,0
DA:297,0
DA:299,0
DA:302,0
DA:303,0
DA:304,0
DA:305,0
DA:306,0
DA:308,0
DA:310,0
DA:311,0
DA:313,0
DA:350,0
DA:351,0
DA:353,0
DA:354,0
DA:355,0
DA:358,0
DA:359,0
DA:361,0
DA:388,0
DA:389,0
DA:392,0
DA:393,0
DA:394,0
DA:398,0
DA:399,0
DA:403,0
DA:404,0
DA:408,0
DA:411,0
DA:413,0
DA:416,0
DA:418,0
DA:419,0
DA:420,0
DA:421,0
DA:422,0
DA:423,0
DA:424,0
DA:425,0
DA:426,0
DA:427,0
DA:429,0
DA:430,0
DA:432,0
DA:433,0
DA:435,0
DA:439,0
DA:440,0
DA:441,0
DA:442,0
DA:443,0
DA:444,0
DA:446,0
DA:448,0
DA:450,0
DA:453,0
DA:461,0
DA:463,0
DA:464,0
DA:466,0
DA:467,0
DA:469,0
DA:470,0
DA:473,0
DA:474,0
DA:476,0
DA:477,0
DA:478,0
DA:479,0
DA:483,0
DA:484,0
DA:485,0
DA:490,0
DA:491,0
DA:503,0
DA:504,0
DA:505,0
DA:508,0
DA:509,0
DA:512,0
DA:513,0
DA:516,0
DA:517,0
DA:518,0
DA:520,0
DA:521,0
DA:523,0
DA:526,0
DA:529,0
DA:533,0
DA:701,0
DA:703,0
DA:704,0
DA:705,0
DA:707,0
DA:711,0
DA:712,0
DA:714,0
DA:720,0
DA:721,0
DA:722,0
DA:724,0
DA:729,0
DA:730,0
DA:731,0
DA:733,0
DA:734,0
DA:735,0
DA:736,0
DA:737,0
DA:738,0
DA:739,0
DA:740,0
DA:741,0
DA:745,0
DA:747,0
DA:757,0
DA:759,0
DA:771,0
DA:774,0
DA:775,0
DA:776,0
DA:778,0
DA:797,0
DA:799,0
DA:816,0
DA:818,0
DA:820,0
DA:821,0
DA:822,0
DA:825,0
DA:827,0
DA:828,0
DA:829,0
DA:831,0
DA:832,0
DA:835,0
DA:836,0
DA:837,0
DA:838,0
DA:840,0
DA:841,0
DA:842,0
DA:844,0
DA:845,0
DA:846,0
DA:847,0
DA:848,0
DA:849,0
DA:850,0
DA:851,0
DA:853,0
DA:857,0
DA:860,0
DA:861,0
DA:864,0
DA:865,0
DA:866,0
DA:867,0
DA:868,0
DA:871,0
DA:873,0
DA:876,0
DA:878,0
DA:879,0
DA:881,0
DA:882,0
DA:884,0
DA:885,0
DA:887,0
DA:889,0
DA:891,0
DA:893,0
DA:895,0
DA:896,0
DA:898,0
DA:900,0
DA:928,0
DA:929,0
DA:932,0
DA:933,0
DA:935,0
DA:936,0
DA:939,0
DA:940,0
DA:941,0
DA:942,0
DA:943,0
DA:945,0
DA:950,0
DA:953,0
DA:956,0
DA:957,0
DA:958,0
DA:959,0
DA:960,0
DA:961,0
DA:962,0
DA:963,0
DA:970,0
DA:971,0
DA:972,0
DA:973,0
DA:976,0
DA:987,0
DA:988,0
DA:995,0
DA:997,0
DA:1000,0
DA:1002,0
DA:1004,0
DA:1005,0
DA:1006,0
DA:1008,0
DA:1009,0
DA:1010,0
DA:1015,0
DA:1016,0
DA:1017,0
DA:1018,0
DA:1020,0
DA:1021,0
DA:1022,0
DA:1023,0
DA:1024,0
DA:1029,0
DA:1033,0
DA:1037,0
DA:1038,0
DA:1040,0
DA:1042,0
DA:1044,0
DA:1047,0
DA:1048,0
DA:1054,0
DA:1055,0
DA:1065,0
DA:1067,0
DA:1068,0
DA:1069,0
DA:1071,0
DA:1072,0
DA:1075,0
DA:1079,0
DA:1080,0
DA:1081,0
DA:1083,0
DA:1089,0
DA:1090,0
DA:1091,0
DA:1092,0
DA:1094,0
DA:1095,0
DA:1098,0
DA:1100,0
DA:1102,0
DA:1111,0
DA:1112,0
DA:1115,0
DA:1116,0
DA:1119,0
DA:1120,0
DA:1124,0
DA:1125,0
DA:1126,0
DA:1127,0
DA:1130,0
DA:1131,0
DA:1132,0
DA:1133,0
DA:1134,0
DA:1136,0
DA:1139,0
DA:1140,0
DA:1142,0
DA:1143,0
DA:1146,0
DA:1147,0
DA:1148,0
DA:1149,0
DA:1150,0
DA:1151,0
DA:1152,0
DA:1218,0
DA:1219,0
DA:1222,0
DA:1223,0
DA:1224,0
DA:1229,0
DA:1235,0
DA:1236,0
DA:1239,0
DA:1250,0
DA:1261,0
DA:1263,0
DA:1272,0
DA:1273,0
DA:1274,0
DA:1275,0
DA:1276,0
DA:1277,0
DA:1279,0
DA:1288,0
DA:1298,0
DA:1299,0
DA:1300,0
DA:1301,0
DA:1304,0
DA:1308,0
DA:1310,0
DA:1312,0
DA:1315,0
DA:1323,0
DA:1324,0
DA:1327,0
DA:1329,0
DA:1338,0
DA:1341,0
DA:1342,0
DA:1343,0
DA:1344,0
DA:1345,0
DA:1347,0
LF:447
LH:0
BRDA:138,0,0,0
BRDA:138,1,0,0
BRDA:138,1,1,0
BRDA:194,2,0,0
BRDA:198,3,0,0
BRDA:202,4,0,0
BRDA:202,4,1,0
BRDA:216,5,0,0
BRDA:216,5,1,0
BRDA:228,6,0,0
BRDA:228,6,1,0
BRDA:239,7,0,0
BRDA:239,7,1,0
BRDA:244,8,0,0
BRDA:244,9,0,0
BRDA:244,9,1,0
BRDA:247,10,0,0
BRDA:247,11,0,0
BRDA:247,11,1,0
BRDA:256,12,0,0
BRDA:256,12,1,0
BRDA:262,13,0,0
BRDA:265,14,0,0
BRDA:265,14,1,0
BRDA:265,15,0,0
BRDA:265,15,1,0
BRDA:267,16,0,0
BRDA:267,16,1,0
BRDA:287,17,0,0
BRDA:287,17,1,0
BRDA:290,18,0,0
BRDA:294,19,0,0
BRDA:294,20,0,0
BRDA:294,20,1,0
BRDA:299,21,0,0
BRDA:299,21,1,0
BRDA:299,21,2,0
BRDA:299,21,3,0
BRDA:303,22,0,0
BRDA:303,22,1,0
BRDA:305,23,0,0
BRDA:350,24,0,0
BRDA:350,24,1,0
BRDA:353,25,0,0
BRDA:353,26,0,0
BRDA:353,26,1,0
BRDA:398,27,0,0
BRDA:411,28,0,0
BRDA:429,29,0,0
BRDA:429,29,1,0
BRDA:432,30,0,0
BRDA:432,30,1,0
BRDA:518,31,0,0
BRDA:520,32,0,0
BRDA:729,33,0,0
BRDA:729,33,1,0
BRDA:729,34,0,0
BRDA:729,34,1,0
BRDA:733,35,0,0
BRDA:733,35,1,0
BRDA:736,36,0,0
BRDA:736,36,1,0
BRDA:739,37,0,0
BRDA:757,38,0,0
BRDA:771,39,0,0
BRDA:771,40,0,0
BRDA:771,40,1,0
BRDA:771,40,2,0
BRDA:774,41,0,0
BRDA:774,41,1,0
BRDA:818,42,0,0
BRDA:822,43,0,0
BRDA:822,43,1,0
BRDA:831,44,0,0
BRDA:835,45,0,0
BRDA:837,46,0,0
BRDA:841,47,0,0
BRDA:844,48,0,0
BRDA:844,48,1,0
BRDA:844,49,0,0
BRDA:844,49,1,0
BRDA:845,50,0,0
BRDA:845,50,1,0
BRDA:846,51,0,0
BRDA:846,51,1,0
BRDA:847,52,0,0
BRDA:849,53,0,0
BRDA:850,54,0,0
BRDA:850,55,0,0
BRDA:850,55,1,0
BRDA:861,56,0,0
BRDA:861,56,1,0
BRDA:864,57,0,0
BRDA:864,57,1,0
BRDA:866,58,0,0
BRDA:876,59,0,0
BRDA:876,59,1,0
BRDA:879,60,0,0
BRDA:879,60,1,0
BRDA:882,61,0,0
BRDA:882,61,1,0
BRDA:884,62,0,0
BRDA:884,62,1,0
BRDA:891,63,0,0
BRDA:891,63,1,0
BRDA:896,64,0,0
BRDA:896,64,1,0
BRDA:933,65,0,0
BRDA:933,65,1,0
BRDA:941,66,0,0
BRDA:941,66,1,0
BRDA:941,67,0,0
BRDA:941,67,1,0
BRDA:957,68,0,0
BRDA:957,68,1,0
BRDA:958,69,0,0
BRDA:995,70,0,0
BRDA:1000,71,0,0
BRDA:1000,72,0,0
BRDA:1000,72,1,0
BRDA:1002,73,0,0
BRDA:1008,74,0,0
BRDA:1008,74,1,0
BRDA:1015,75,0,0
BRDA:1018,76,0,0
BRDA:1029,77,0,0
BRDA:1029,77,1,0
BRDA:1029,78,0,0
BRDA:1029,78,1,0
BRDA:1055,79,0,0
BRDA:1068,80,0,0
BRDA:1068,80,1,0
BRDA:1090,81,0,0
BRDA:1090,81,1,0
BRDA:1090,82,0,0
BRDA:1090,82,1,0
BRDA:1092,83,0,0
BRDA:1111,84,0,0
BRDA:1112,85,0,0
BRDA:1115,86,0,0
BRDA:1119,87,0,0
BRDA:1131,88,0,0
BRDA:1131,88,1,0
BRDA:1142,89,0,0
BRDA:1142,89,1,0
BRDA:1143,90,0,0
BRDA:1143,90,1,0
BRDA:1150,91,0,0
BRDA:1222,92,0,0
BRDA:1229,93,0,0
BRDA:1229,93,1,0
BRDA:1229,93,2,0
BRDA:1229,93,3,0
BRDA:1235,94,0,0
BRDA:1235,94,1,0
BRDA:1236,95,0,0
BRDA:1236,95,1,0
BRDA:1272,96,0,0
BRDA:1304,97,0,0
BRDA:1304,97,1,0
BRDA:1304,98,0,0
BRDA:1304,98,1,0
BRDA:1304,98,2,0
BRDA:1304,98,3,0
BRDA:1324,99,0,0
BRDA:1341,100,0,0
BRF:166
BRH:0
end_of_record
TN:
SF:src/classes/debugMidiWin.ts
FN:58,(anonymous_0)
FN:69,(anonymous_1)
FN:74,(anonymous_2)
FN:82,(anonymous_3)
FN:124,(anonymous_4)
FN:154,(anonymous_5)
FN:192,(anonymous_6)
FN:234,(anonymous_7)
FN:253,(anonymous_8)
FN:263,(anonymous_9)
FN:386,(anonymous_10)
FN:428,(anonymous_11)
FN:435,(anonymous_12)
FN:445,(anonymous_13)
FN:456,(anonymous_14)
FNF:15
FNH:0
FNDA:0,(anonymous_0)
FNDA:0,(anonymous_1)
FNDA:0,(anonymous_2)
FNDA:0,(anonymous_3)
FNDA:0,(anonymous_4)
FNDA:0,(anonymous_5)
FNDA:0,(anonymous_6)
FNDA:0,(anonymous_7)
FNDA:0,(anonymous_8)
FNDA:0,(anonymous_9)
FNDA:0,(anonymous_10)
FNDA:0,(anonymous_11)
FNDA:0,(anonymous_12)
FNDA:0,(anonymous_13)
FNDA:0,(anonymous_14)
DA:23,0
DA:24,0
DA:25,0
DA:26,0
DA:28,0
DA:30,0
DA:31,0
DA:32,0
DA:33,0
DA:34,0
DA:35,0
DA:36,0
DA:39,0
DA:40,0
DA:41,0
DA:42,0
DA:43,0
DA:44,0
DA:45,0
DA:48,0
DA:49,0
DA:50,0
DA:51,0
DA:52,0
DA:55,0
DA:56,0
DA:59,0
DA:62,0
DA:65,0
DA:70,0
DA:75,0
DA:76,0
DA:84,0
DA:97,0
DA:98,0
DA:99,0
DA:103,0
DA:104,0
DA:107,0
DA:110,0
DA:111,0
DA:113,0
DA:114,0
DA:118,0
DA:125,0
DA:131,0
DA:132,0
DA:135,0
DA:136,0
DA:137,0
DA:138,0
DA:139,0
DA:143,0
DA:144,0
DA:145,0
DA:146,0
DA:155,0
DA:158,0
DA:159,0
DA:163,0
DA:164,0
DA:166,0
DA:169,0
DA:170,0
DA:171,0
DA:173,0
DA:174,0
DA:175,0
DA:176,0
DA:181,0
DA:182,0
DA:183,0
DA:184,0
DA:199,0
DA:201,0
DA:202,0
DA:203,0
DA:206,0
DA:207,0
DA:208,0
DA:211,0
DA:212,0
DA:213,0
DA:214,0
DA:215,0
DA:216,0
DA:217,0
DA:221,0
DA:222,0
DA:223,0
DA:224,0
DA:227,0
DA:228,0
DA:235,0
DA:237,0
DA:238,0
DA:239,0
DA:240,0
DA:241,0
DA:242,0
DA:243,0
DA:244,0
DA:245,0
DA:246,0
DA:247,0
DA:254,0
DA:255,0
DA:256,0
DA:257,0
DA:264,0
DA:266,0
DA:267,0
DA:270,0
DA:271,0
DA:272,0
DA:273,0
DA:274,0
DA:277,0
DA:278,0
DA:279,0
DA:280,0
DA:281,0
DA:282,0
DA:285,0
DA:286,0
DA:287,0
DA:288,0
DA:289,0
DA:290,0
DA:292,0
DA:293,0
DA:296,0
DA:297,0
DA:298,0
DA:299,0
DA:302,0
DA:303,0
DA:304,0
DA:306,0
DA:307,0
DA:310,0
DA:311,0
DA:312,0
DA:313,0
DA:315,0
DA:316,0
DA:319,0
DA:320,0
DA:321,0
DA:322,0
DA:323,0
DA:324,0
DA:325,0
DA:326,0
DA:327,0
DA:330,0
DA:331,0
DA:332,0
DA:333,0
DA:336,0
DA:337,0
DA:338,0
DA:340,0
DA:341,0
DA:342,0
DA:343,0
DA:344,0
DA:346,0
DA:348,0
DA:349,0
DA:350,0
DA:352,0
DA:355,0
DA:356,0
DA:359,0
DA:360,0
DA:361,0
DA:362,0
DA:363,0
DA:366,0
DA:367,0
DA:368,0
DA:369,0
DA:370,0
DA:374,0
DA:375,0
DA:376,0
DA:379,0
DA:388,0
DA:389,0
DA:392,0
DA:394,0
DA:395,0
DA:396,0
DA:397,0
DA:399,0
DA:402,0
DA:403,0
DA:404,0
DA:407,0
DA:408,0
DA:409,0
DA:410,0
DA:413,0
DA:414,0
DA:415,0
DA:418,0
DA:419,0
DA:420,0
DA:421,0
DA:429,0
DA:436,0
DA:437,0
DA:438,0
DA:446,0
DA:447,0
DA:448,0
DA:449,0
DA:457,0
DA:458,0
DA:459,0
DA:462,0
DA:463,0
DA:464,0
LF:224
LH:0
BRDA:98,0,0,0
BRDA:104,1,0,0
BRDA:104,1,1,0
BRDA:110,2,0,0
BRDA:113,3,0,0
BRDA:135,4,0,0
BRDA:144,5,0,0
BRDA:155,6,0,0
BRDA:155,7,0,0
BRDA:155,7,1,0
BRDA:158,8,0,0
BRDA:175,9,0,0
BRDA:175,10,0,0
BRDA:175,10,1,0
BRDA:183,11,0,0
BRDA:183,12,0,0
BRDA:183,12,1,0
BRDA:199,13,0,0
BRDA:212,14,0,0
BRDA:221,15,0,0
BRDA:221,15,1,0
BRDA:227,16,0,0
BRDA:227,16,1,0
BRDA:235,17,0,0
BRDA:270,18,0,0
BRDA:270,19,0,0
BRDA:270,19,1,0
BRDA:277,20,0,0
BRDA:277,21,0,0
BRDA:277,21,1,0
BRDA:278,22,0,0
BRDA:278,22,1,0
BRDA:279,23,0,0
BRDA:279,23,1,0
BRDA:285,24,0,0
BRDA:285,25,0,0
BRDA:285,25,1,0
BRDA:287,26,0,0
BRDA:287,27,0,0
BRDA:287,27,1,0
BRDA:287,27,2,0
BRDA:296,28,0,0
BRDA:296,29,0,0
BRDA:296,29,1,0
BRDA:299,30,0,0
BRDA:299,31,0,0
BRDA:299,31,1,0
BRDA:299,31,2,0
BRDA:299,31,3,0
BRDA:299,31,4,0
BRDA:299,31,5,0
BRDA:310,32,0,0
BRDA:310,33,0,0
BRDA:310,33,1,0
BRDA:312,34,0,0
BRDA:312,35,0,0
BRDA:312,35,1,0
BRDA:312,35,2,0
BRDA:319,36,0,0
BRDA:319,37,0,0
BRDA:319,37,1,0
BRDA:330,38,0,0
BRDA:336,39,0,0
BRDA:340,40,0,0
BRDA:340,40,1,0
BRDA:340,41,0,0
BRDA:340,41,1,0
BRDA:342,42,0,0
BRDA:342,42,1,0
BRDA:348,43,0,0
BRDA:348,43,1,0
BRDA:359,44,0,0
BRDA:366,45,0,0
BRDA:375,46,0,0
BRDA:388,47,0,0
BRDA:392,48,0,0
BRDA:392,48,1,0
BRDA:392,48,2,0
BRDA:392,48,3,0
BRDA:392,48,4,0
BRDA:394,49,0,0
BRDA:394,49,1,0
BRDA:394,50,0,0
BRDA:394,50,1,0
BRDA:396,51,0,0
BRDA:396,52,0,0
BRDA:396,52,1,0
BRDA:437,53,0,0
BRDA:447,54,0,0
BRDA:458,55,0,0
BRF:90
BRH:0
end_of_record
TN:
SF:src/classes/debugPlotWin.ts
FN:47,(anonymous_0)
FN:135,(anonymous_1)
FN:161,(anonymous_2)
FN:166,(anonymous_3)
FN:179,(anonymous_4)
FN:187,(anonymous_5)
FN:297,(anonymous_6)
FN:333,(anonymous_7)
FN:338,(anonymous_8)
FN:342,(anonymous_9)
FN:346,(anonymous_10)
FN:421,(anonymous_11)
FN:427,(anonymous_12)
FN:454,(anonymous_13)
FN:460,(anonymous_14)
FN:462,(anonymous_15)
FN:487,(anonymous_16)
FN:495,(anonymous_17)
FN:937,(anonymous_18)
FN:940,(anonymous_19)
FN:1335,(anonymous_20)
FN:1353,(anonymous_21)
FN:1371,(anonymous_22)
FN:1384,(anonymous_23)
FN:1473,(anonymous_24)
FN:1480,(anonymous_25)
FN:1490,(anonymous_26)
FN:1508,(anonymous_27)
FN:1543,(anonymous_28)
FN:1576,(anonymous_29)
FN:1668,(anonymous_30)
FN:1674,(anonymous_31)
FN:1695,(anonymous_32)
FN:1707,(anonymous_33)
FN:1740,(anonymous_34)
FN:1773,(anonymous_35)
FN:1803,(anonymous_36)
FN:1810,(anonymous_37)
FN:1817,(anonymous_38)
FN:1840,(anonymous_39)
FN:1856,(anonymous_40)
FN:1864,(anonymous_41)
FN:1875,(anonymous_42)
FNF:43
FNH:0
FNDA:0,(anonymous_0)
FNDA:0,(anonymous_1)
FNDA:0,(anonymous_2)
FNDA:0,(anonymous_3)
FNDA:0,(anonymous_4)
FNDA:0,(anonymous_5)
FNDA:0,(anonymous_6)
FNDA:0,(anonymous_7)
FNDA:0,(anonymous_8)
FNDA:0,(anonymous_9)
FNDA:0,(anonymous_10)
FNDA:0,(anonymous_11)
FNDA:0,(anonymous_12)
FNDA:0,(anonymous_13)
FNDA:0,(anonymous_14)
FNDA:0,(anonymous_15)
FNDA:0,(anonymous_16)
FNDA:0,(anonymous_17)
FNDA:0,(anonymous_18)
FNDA:0,(anonymous_19)
FNDA:0,(anonymous_20)
FNDA:0,(anonymous_21)
FNDA:0,(anonymous_22)
FNDA:0,(anonymous_23)
FNDA:0,(anonymous_24)
FNDA:0,(anonymous_25)
FNDA:0,(anonymous_26)
FNDA:0,(anonymous_27)
FNDA:0,(anonymous_28)
FNDA:0,(anonymous_29)
FNDA:0,(anonymous_30)
FNDA:0,(anonymous_31)
FNDA:0,(anonymous_32)
FNDA:0,(anonymous_33)
FNDA:0,(anonymous_34)
FNDA:0,(anonymous_35)
FNDA:0,(anonymous_36)
FNDA:0,(anonymous_37)
FNDA:0,(anonymous_38)
FNDA:0,(anonymous_39)
FNDA:0,(anonymous_40)
FNDA:0,(anonymous_41)
FNDA:0,(anonymous_42)
DA:7,0
DA:11,0
DA:12,0
DA:13,0
DA:14,0
DA:15,0
DA:16,0
DA:17,0
DA:19,0
DA:47,0
DA:48,0
DA:49,0
DA:50,0
DA:94,0
DA:95,0
DA:96,0
DA:97,0
DA:99,0
DA:100,0
DA:101,0
DA:102,0
DA:103,0
DA:104,0
DA:105,0
DA:107,0
DA:108,0
DA:109,0
DA:110,0
DA:111,0
DA:112,0
DA:113,0
DA:115,0
DA:131,0
DA:132,0
DA:133,0
DA:136,0
DA:137,0
DA:138,0
DA:140,0
DA:142,0
DA:144,0
DA:145,0
DA:146,0
DA:149,0
DA:150,0
DA:151,0
DA:152,0
DA:153,0
DA:154,0
DA:162,0
DA:163,0
DA:167,0
DA:169,0
DA:170,0
DA:172,0
DA:173,0
DA:176,0
DA:180,0
DA:181,0
DA:182,0
DA:184,0
DA:199,0
DA:200,0
DA:201,0
DA:202,0
DA:203,0
DA:206,0
DA:207,0
DA:208,0
DA:209,0
DA:210,0
DA:211,0
DA:212,0
DA:213,0
DA:214,0
DA:215,0
DA:216,0
DA:221,0
DA:222,0
DA:223,0
DA:224,0
DA:226,0
DA:227,0
DA:228,0
DA:229,0
DA:232,0
DA:233,0
DA:236,0
DA:237,0
DA:239,0
DA:242,0
DA:243,0
DA:244,0
DA:246,0
DA:247,0
DA:249,0
DA:252,0
DA:253,0
DA:254,0
DA:256,0
DA:257,0
DA:259,0
DA:262,0
DA:263,0
DA:264,0
DA:265,0
DA:266,0
DA:267,0
DA:270,0
DA:271,0
DA:273,0
DA:274,0
DA:276,0
DA:278,0
DA:279,0
DA:281,0
DA:282,0
DA:285,0
DA:286,0
DA:288,0
DA:289,0
DA:293,0
DA:294,0
DA:298,0
DA:306,0
DA:308,0
DA:310,0
DA:311,0
DA:313,0
DA:314,0
DA:315,0
DA:320,0
DA:321,0
DA:333,0
DA:334,0
DA:335,0
DA:338,0
DA:339,0
DA:342,0
DA:343,0
DA:346,0
DA:347,0
DA:348,0
DA:350,0
DA:351,0
DA:353,0
DA:356,0
DA:359,0
DA:364,0
DA:410,0
DA:412,0
DA:413,0
DA:414,0
DA:416,0
DA:421,0
DA:422,0
DA:423,0
DA:428,0
DA:431,0
DA:435,0
DA:437,0
DA:439,0
DA:442,0
DA:443,0
DA:444,0
DA:455,0
DA:457,0
DA:460,0
DA:461,0
DA:462,0
DA:463,0
DA:466,0
DA:483,0
DA:488,0
DA:490,0
DA:492,0
DA:587,0
DA:589,0
DA:591,0
DA:592,0
DA:594,0
DA:595,0
DA:596,0
DA:597,0
DA:598,0
DA:600,0
DA:601,0
DA:603,0
DA:604,0
DA:606,0
DA:607,0
DA:610,0
DA:612,0
DA:614,0
DA:617,0
DA:618,0
DA:619,0
DA:620,0
DA:621,0
DA:622,0
DA:623,0
DA:624,0
DA:625,0
DA:628,0
DA:629,0
DA:630,0
DA:631,0
DA:632,0
DA:633,0
DA:634,0
DA:635,0
DA:636,0
DA:637,0
DA:644,0
DA:646,0
DA:647,0
DA:649,0
DA:651,0
DA:653,0
DA:656,0
DA:657,0
DA:658,0
DA:659,0
DA:660,0
DA:662,0
DA:663,0
DA:665,0
DA:668,0
DA:670,0
DA:671,0
DA:673,0
DA:676,0
DA:678,0
DA:679,0
DA:680,0
DA:681,0
DA:682,0
DA:683,0
DA:684,0
DA:686,0
DA:687,0
DA:689,0
DA:690,0
DA:693,0
DA:694,0
DA:695,0
DA:696,0
DA:697,0
DA:698,0
DA:699,0
DA:700,0
DA:701,0
DA:704,0
DA:705,0
DA:706,0
DA:707,0
DA:708,0
DA:709,0
DA:710,0
DA:716,0
DA:718,0
DA:720,0
DA:722,0
DA:723,0
DA:724,0
DA:725,0
DA:726,0
DA:727,0
DA:728,0
DA:729,0
DA:731,0
DA:732,0
DA:733,0
DA:734,0
DA:735,0
DA:736,0
DA:741,0
DA:743,0
DA:745,0
DA:748,0
DA:750,0
DA:751,0
DA:752,0
DA:753,0
DA:754,0
DA:755,0
DA:756,0
DA:757,0
DA:758,0
DA:760,0
DA:761,0
DA:764,0
DA:771,0
DA:775,0
DA:776,0
DA:778,0
DA:780,0
DA:781,0
DA:783,0
DA:784,0
DA:785,0
DA:787,0
DA:788,0
DA:789,0
DA:790,0
DA:791,0
DA:792,0
DA:793,0
DA:794,0
DA:795,0
DA:796,0
DA:798,0
DA:799,0
DA:803,0
DA:806,0
DA:807,0
DA:808,0
DA:810,0
DA:811,0
DA:812,0
DA:813,0
DA:814,0
DA:815,0
DA:816,0
DA:817,0
DA:818,0
DA:819,0
DA:821,0
DA:822,0
DA:824,0
DA:825,0
DA:828,0
DA:830,0
DA:831,0
DA:834,0
DA:835,0
DA:836,0
DA:837,0
DA:840,0
DA:841,0
DA:842,0
DA:843,0
DA:848,0
DA:849,0
DA:851,0
DA:853,0
DA:854,0
DA:856,0
DA:857,0
DA:858,0
DA:861,0
DA:862,0
DA:863,0
DA:864,0
DA:866,0
DA:867,0
DA:868,0
DA:869,0
DA:875,0
DA:878,0
DA:880,0
DA:881,0
DA:882,0
DA:883,0
DA:884,0
DA:887,0
DA:888,0
DA:889,0
DA:890,0
DA:894,0
DA:896,0
DA:898,0
DA:899,0
DA:900,0
DA:901,0
DA:902,0
DA:905,0
DA:906,0
DA:907,0
DA:908,0
DA:912,0
DA:914,0
DA:916,0
DA:917,0
DA:918,0
DA:920,0
DA:921,0
DA:922,0
DA:923,0
DA:924,0
DA:925,0
DA:927,0
DA:928,0
DA:930,0
DA:932,0
DA:933,0
DA:935,0
DA:936,0
DA:938,0
DA:941,0
DA:944,0
DA:947,0
DA:950,0
DA:952,0
DA:954,0
DA:955,0
DA:956,0
DA:957,0
DA:958,0
DA:959,0
DA:961,0
DA:963,0
DA:964,0
DA:966,0
DA:967,0
DA:968,0
DA:970,0
DA:971,0
DA:972,0
DA:973,0
DA:974,0
DA:975,0
DA:978,0
DA:979,0
DA:980,0
DA:981,0
DA:982,0
DA:983,0
DA:987,0
DA:988,0
DA:989,0
DA:990,0
DA:992,0
DA:995,0
DA:997,0
DA:998,0
DA:999,0
DA:1000,0
DA:1002,0
DA:1003,0
DA:1004,0
DA:1005,0
DA:1007,0
DA:1014,0
DA:1015,0
DA:1017,0
DA:1018,0
DA:1020,0
DA:1021,0
DA:1023,0
DA:1024,0
DA:1027,0
DA:1028,0
DA:1031,0
DA:1032,0
DA:1033,0
DA:1034,0
DA:1035,0
DA:1036,0
DA:1039,0
DA:1040,0
DA:1041,0
DA:1042,0
DA:1043,0
DA:1044,0
DA:1048,0
DA:1049,0
DA:1050,0
DA:1051,0
DA:1053,0
DA:1057,0
DA:1060,0
DA:1063,0
DA:1065,0
DA:1067,0
DA:1068,0
DA:1071,0
DA:1072,0
DA:1073,0
DA:1075,0
DA:1077,0
DA:1079,0
DA:1081,0
DA:1083,0
DA:1085,0
DA:1086,0
DA:1087,0
DA:1088,0
DA:1089,0
DA:1092,0
DA:1094,0
DA:1096,0
DA:1098,0
DA:1099,0
DA:1100,0
DA:1101,0
DA:1102,0
DA:1105,0
DA:1107,0
DA:1109,0
DA:1111,0
DA:1112,0
DA:1113,0
DA:1114,0
DA:1115,0
DA:1116,0
DA:1118,0
DA:1120,0
DA:1122,0
DA:1123,0
DA:1124,0
DA:1125,0
DA:1126,0
DA:1127,0
DA:1130,0
DA:1132,0
DA:1133,0
DA:1134,0
DA:1136,0
DA:1139,0
DA:1140,0
DA:1141,0
DA:1142,0
DA:1144,0
DA:1145,0
DA:1146,0
DA:1147,0
DA:1149,0
DA:1150,0
DA:1151,0
DA:1152,0
DA:1155,0
DA:1156,0
DA:1157,0
DA:1158,0
DA:1160,0
DA:1161,0
DA:1166,0
DA:1167,0
DA:1168,0
DA:1171,0
DA:1172,0
DA:1173,0
DA:1174,0
DA:1175,0
DA:1176,0
DA:1179,0
DA:1180,0
DA:1182,0
DA:1183,0
DA:1188,0
DA:1189,0
DA:1190,0
DA:1191,0
DA:1193,0
DA:1196,0
DA:1199,0
DA:1202,0
DA:1204,0
DA:1206,0
DA:1207,0
DA:1208,0
DA:1210,0
DA:1212,0
DA:1213,0
DA:1214,0
DA:1216,0
DA:1217,0
DA:1220,0
DA:1221,0
DA:1222,0
DA:1223,0
DA:1227,0
DA:1228,0
DA:1232,0
DA:1233,0
DA:1234,0
DA:1243,0
DA:1245,0
DA:1248,0
DA:1251,0
DA:1254,0
DA:1256,0
DA:1258,0
DA:1259,0
DA:1281,0
DA:1282,0
DA:1283,0
DA:1284,0
DA:1287,0
DA:1288,0
DA:1289,0
DA:1290,0
DA:1293,0
DA:1295,0
DA:1296,0
DA:1298,0
DA:1299,0
DA:1301,0
DA:1302,0
DA:1303,0
DA:1305,0
DA:1307,0
DA:1309,0
DA:1310,0
DA:1311,0
DA:1312,0
DA:1313,0
DA:1316,0
DA:1317,0
DA:1319,0
DA:1320,0
DA:1321,0
DA:1324,0
DA:1325,0
DA:1327,0
DA:1330,0
DA:1337,0
DA:1340,0
DA:1341,0
DA:1345,0
DA:1348,0
DA:1350,0
DA:1355,0
DA:1356,0
DA:1358,0
DA:1359,0
DA:1360,0
DA:1363,0
DA:1365,0
DA:1369,0
DA:1372,0
DA:1373,0
DA:1384,0
DA:1385,0
DA:1386,0
DA:1387,0
DA:1388,0
DA:1389,0
DA:1390,0
DA:1392,0
DA:1393,0
DA:1394,0
DA:1395,0
DA:1399,0
DA:1401,0
DA:1402,0
DA:1403,0
DA:1405,0
DA:1406,0
DA:1408,0
DA:1409,0
DA:1411,0
DA:1415,0
DA:1417,0
DA:1418,0
DA:1419,0
DA:1421,0
DA:1423,0
DA:1424,0
DA:1425,0
DA:1427,0
DA:1429,0
DA:1430,0
DA:1431,0
DA:1432,0
DA:1433,0
DA:1434,0
DA:1436,0
DA:1438,0
DA:1439,0
DA:1440,0
DA:1441,0
DA:1442,0
DA:1443,0
DA:1444,0
DA:1446,0
DA:1448,0
DA:1449,0
DA:1450,0
DA:1451,0
DA:1452,0
DA:1453,0
DA:1455,0
DA:1457,0
DA:1459,0
DA:1460,0
DA:1462,0
DA:1465,0
DA:1469,0
DA:1474,0
DA:1476,0
DA:1477,0
DA:1482,0
DA:1484,0
DA:1491,0
DA:1492,0
DA:1493,0
DA:1494,0
DA:1497,0
DA:1498,0
DA:1509,0
DA:1510,0
DA:1511,0
DA:1512,0
DA:1513,0
DA:1515,0
DA:1516,0
DA:1517,0
DA:1522,0
DA:1525,0
DA:1528,0
DA:1539,0
DA:1544,0
DA:1545,0
DA:1546,0
DA:1547,0
DA:1548,0
DA:1549,0
DA:1552,0
DA:1555,0
DA:1558,0
DA:1561,0
DA:1572,0
DA:1577,0
DA:1578,0
DA:1579,0
DA:1580,0
DA:1581,0
DA:1582,0
DA:1583,0
DA:1584,0
DA:1587,0
DA:1588,0
DA:1589,0
DA:1590,0
DA:1593,0
DA:1594,0
DA:1598,0
DA:1601,0
DA:1602,0
DA:1604,0
DA:1606,0
DA:1611,0
DA:1612,0
DA:1613,0
DA:1615,0
DA:1620,0
DA:1621,0
DA:1623,0
DA:1625,0
DA:1626,0
DA:1627,0
DA:1628,0
DA:1629,0
DA:1630,0
DA:1631,0
DA:1633,0
DA:1637,0
DA:1638,0
DA:1650,0
DA:1671,0
DA:1679,0
DA:1680,0
DA:1682,0
DA:1684,0
DA:1685,0
DA:1687,0
DA:1689,0
DA:1690,0
DA:1691,0
DA:1692,0
DA:1696,0
DA:1704,0
DA:1708,0
DA:1709,0
DA:1710,0
DA:1712,0
DA:1715,0
DA:1718,0
DA:1721,0
DA:1722,0
DA:1724,0
DA:1736,0
DA:1741,0
DA:1742,0
DA:1743,0
DA:1745,0
DA:1748,0
DA:1751,0
DA:1754,0
DA:1755,0
DA:1756,0
DA:1757,0
DA:1760,0
DA:1769,0
DA:1774,0
DA:1775,0
DA:1776,0
DA:1778,0
DA:1781,0
DA:1784,0
DA:1787,0
DA:1799,0
DA:1804,0
DA:1805,0
DA:1806,0
DA:1807,0
DA:1811,0
DA:1830,0
DA:1831,0
DA:1832,0
DA:1833,0
DA:1835,0
DA:1836,0
DA:1842,0
DA:1845,0
DA:1846,0
DA:1847,0
DA:1848,0
DA:1851,0
DA:1852,0
DA:1853,0
DA:1858,0
DA:1859,0
DA:1861,0
DA:1866,0
DA:1867,0
DA:1868,0
DA:1869,0
DA:1876,0
LF:831
LH:0
BRDA:47,0,0,0
BRDA:47,0,1,0
BRDA:162,1,0,0
BRDA:162,1,1,0
BRDA:169,2,0,0
BRDA:172,3,0,0
BRDA:172,4,0,0
BRDA:172,4,1,0
BRDA:172,4,2,0
BRDA:181,5,0,0
BRDA:181,6,0,0
BRDA:181,6,1,0
BRDA:222,7,0,0
BRDA:226,8,0,0
BRDA:229,9,0,0
BRDA:229,9,1,0
BRDA:229,9,2,0
BRDA:229,9,3,0
BRDA:229,9,4,0
BRDA:229,9,5,0
BRDA:229,9,6,0
BRDA:232,10,0,0
BRDA:232,10,1,0
BRDA:242,11,0,0
BRDA:242,11,1,0
BRDA:252,12,0,0
BRDA:252,12,1,0
BRDA:262,13,0,0
BRDA:262,13,1,0
BRDA:265,14,0,0
BRDA:266,15,0,0
BRDA:288,16,0,0
BRDA:348,17,0,0
BRDA:350,18,0,0
BRDA:428,19,0,0
BRDA:435,20,0,0
BRDA:435,20,1,0
BRDA:437,21,0,0
BRDA:455,22,0,0
BRDA:455,23,0,0
BRDA:455,23,1,0
BRDA:592,24,0,0
BRDA:592,24,1,0
BRDA:594,25,0,0
BRDA:594,25,1,0
BRDA:600,26,0,0
BRDA:600,26,1,0
BRDA:601,27,0,0
BRDA:601,27,1,0
BRDA:603,28,0,0
BRDA:606,29,0,0
BRDA:614,30,0,0
BRDA:614,30,1,0
BRDA:620,31,0,0
BRDA:623,32,0,0
BRDA:623,32,1,0
BRDA:624,33,0,0
BRDA:628,34,0,0
BRDA:629,35,0,0
BRDA:631,36,0,0
BRDA:632,37,0,0
BRDA:635,38,0,0
BRDA:635,38,1,0
BRDA:636,39,0,0
BRDA:647,40,0,0
BRDA:651,41,0,0
BRDA:651,41,1,0
BRDA:660,42,0,0
BRDA:660,42,1,0
BRDA:670,43,0,0
BRDA:670,43,1,0
BRDA:676,44,0,0
BRDA:676,44,1,0
BRDA:678,45,0,0
BRDA:678,45,1,0
BRDA:683,46,0,0
BRDA:683,46,1,0
BRDA:684,47,0,0
BRDA:684,47,1,0
BRDA:686,48,0,0
BRDA:689,49,0,0
BRDA:695,50,0,0
BRDA:696,51,0,0
BRDA:699,52,0,0
BRDA:699,52,1,0
BRDA:700,53,0,0
BRDA:704,54,0,0
BRDA:705,55,0,0
BRDA:708,56,0,0
BRDA:708,56,1,0
BRDA:709,57,0,0
BRDA:720,58,0,0
BRDA:720,58,1,0
BRDA:722,59,0,0
BRDA:722,59,1,0
BRDA:727,60,0,0
BRDA:727,60,1,0
BRDA:728,61,0,0
BRDA:731,62,0,0
BRDA:732,63,0,0
BRDA:733,64,0,0
BRDA:733,64,1,0
BRDA:734,65,0,0
BRDA:735,66,0,0
BRDA:736,67,0,0
BRDA:736,67,1,0
BRDA:745,68,0,0
BRDA:745,68,1,0
BRDA:748,69,0,0
BRDA:748,69,1,0
BRDA:750,70,0,0
BRDA:750,70,1,0
BRDA:755,71,0,0
BRDA:755,71,1,0
BRDA:756,72,0,0
BRDA:756,72,1,0
BRDA:757,73,0,0
BRDA:760,74,0,0
BRDA:778,75,0,0
BRDA:778,75,1,0
BRDA:781,76,0,0
BRDA:781,76,1,0
BRDA:787,77,0,0
BRDA:788,78,0,0
BRDA:793,79,0,0
BRDA:793,79,1,0
BRDA:794,80,0,0
BRDA:794,80,1,0
BRDA:795,81,0,0
BRDA:798,82,0,0
BRDA:803,83,0,0
BRDA:803,83,1,0
BRDA:810,84,0,0
BRDA:811,85,0,0
BRDA:816,86,0,0
BRDA:816,86,1,0
BRDA:817,87,0,0
BRDA:817,87,1,0
BRDA:818,88,0,0
BRDA:821,89,0,0
BRDA:824,90,0,0
BRDA:824,90,1,0
BRDA:825,91,0,0
BRDA:825,91,1,0
BRDA:828,92,0,0
BRDA:828,92,1,0
BRDA:834,93,0,0
BRDA:836,94,0,0
BRDA:840,95,0,0
BRDA:842,96,0,0
BRDA:849,97,0,0
BRDA:849,97,1,0
BRDA:851,98,0,0
BRDA:856,99,0,0
BRDA:856,100,0,0
BRDA:856,100,1,0
BRDA:861,101,0,0
BRDA:863,102,0,0
BRDA:866,103,0,0
BRDA:868,104,0,0
BRDA:878,105,0,0
BRDA:878,105,1,0
BRDA:880,106,0,0
BRDA:881,107,0,0
BRDA:881,107,1,0
BRDA:882,108,0,0
BRDA:882,108,1,0
BRDA:887,109,0,0
BRDA:887,110,0,0
BRDA:887,110,1,0
BRDA:888,111,0,0
BRDA:888,111,1,0
BRDA:889,112,0,0
BRDA:889,113,0,0
BRDA:889,113,1,0
BRDA:890,114,0,0
BRDA:890,114,1,0
BRDA:896,115,0,0
BRDA:896,115,1,0
BRDA:898,116,0,0
BRDA:899,117,0,0
BRDA:899,117,1,0
BRDA:900,118,0,0
BRDA:900,118,1,0
BRDA:905,119,0,0
BRDA:905,120,0,0
BRDA:905,120,1,0
BRDA:906,121,0,0
BRDA:906,121,1,0
BRDA:907,122,0,0
BRDA:907,123,0,0
BRDA:907,123,1,0
BRDA:908,124,0,0
BRDA:908,124,1,0
BRDA:914,125,0,0
BRDA:914,125,1,0
BRDA:918,126,0,0
BRDA:918,126,1,0
BRDA:920,127,0,0
BRDA:920,127,1,0
BRDA:923,128,0,0
BRDA:923,128,1,0
BRDA:924,129,0,0
BRDA:930,130,0,0
BRDA:930,130,1,0
BRDA:930,131,0,0
BRDA:930,131,1,0
BRDA:935,132,0,0
BRDA:935,132,1,0
BRDA:952,133,0,0
BRDA:952,133,1,0
BRDA:954,134,0,0
BRDA:954,134,1,0
BRDA:957,135,0,0
BRDA:957,135,1,0
BRDA:958,136,0,0
BRDA:963,137,0,0
BRDA:963,137,1,0
BRDA:963,138,0,0
BRDA:963,138,1,0
BRDA:963,138,2,0
BRDA:964,139,0,0
BRDA:964,139,1,0
BRDA:964,140,0,0
BRDA:964,140,1,0
BRDA:970,141,0,0
BRDA:973,142,0,0
BRDA:973,142,1,0
BRDA:974,143,0,0
BRDA:978,144,0,0
BRDA:981,145,0,0
BRDA:981,145,1,0
BRDA:982,146,0,0
BRDA:987,147,0,0
BRDA:995,148,0,0
BRDA:995,148,1,0
BRDA:1008,149,0,0
BRDA:1008,149,1,0
BRDA:1009,150,0,0
BRDA:1009,150,1,0
BRDA:1010,151,0,0
BRDA:1010,151,1,0
BRDA:1011,152,0,0
BRDA:1011,152,1,0
BRDA:1014,153,0,0
BRDA:1017,154,0,0
BRDA:1020,155,0,0
BRDA:1023,156,0,0
BRDA:1031,157,0,0
BRDA:1031,158,0,0
BRDA:1031,158,1,0
BRDA:1034,159,0,0
BRDA:1034,159,1,0
BRDA:1035,160,0,0
BRDA:1039,161,0,0
BRDA:1039,162,0,0
BRDA:1039,162,1,0
BRDA:1042,163,0,0
BRDA:1042,163,1,0
BRDA:1043,164,0,0
BRDA:1048,165,0,0
BRDA:1065,166,0,0
BRDA:1065,166,1,0
BRDA:1068,167,0,0
BRDA:1068,167,1,0
BRDA:1073,168,0,0
BRDA:1073,168,1,0
BRDA:1075,169,0,0
BRDA:1075,169,1,0
BRDA:1083,170,0,0
BRDA:1083,170,1,0
BRDA:1085,171,0,0
BRDA:1088,172,0,0
BRDA:1088,172,1,0
BRDA:1096,173,0,0
BRDA:1096,173,1,0
BRDA:1098,174,0,0
BRDA:1101,175,0,0
BRDA:1101,175,1,0
BRDA:1109,176,0,0
BRDA:1109,176,1,0
BRDA:1111,177,0,0
BRDA:1114,178,0,0
BRDA:1114,178,1,0
BRDA:1115,179,0,0
BRDA:1120,180,0,0
BRDA:1120,180,1,0
BRDA:1132,181,0,0
BRDA:1132,182,0,0
BRDA:1132,182,1,0
BRDA:1134,183,0,0
BRDA:1142,184,0,0
BRDA:1142,184,1,0
BRDA:1144,185,0,0
BRDA:1144,185,1,0
BRDA:1145,186,0,0
BRDA:1145,186,1,0
BRDA:1146,187,0,0
BRDA:1146,187,1,0
BRDA:1147,188,0,0
BRDA:1147,188,1,0
BRDA:1149,189,0,0
BRDA:1149,189,1,0
BRDA:1149,190,0,0
BRDA:1149,190,1,0
BRDA:1149,190,2,0
BRDA:1155,191,0,0
BRDA:1155,191,1,0
BRDA:1156,192,0,0
BRDA:1156,192,1,0
BRDA:1157,193,0,0
BRDA:1157,193,1,0
BRDA:1166,194,0,0
BRDA:1166,194,1,0
BRDA:1171,195,0,0
BRDA:1171,195,1,0
BRDA:1173,196,0,0
BRDA:1173,196,1,0
BRDA:1175,197,0,0
BRDA:1179,198,0,0
BRDA:1179,198,1,0
BRDA:1179,199,0,0
BRDA:1179,199,1,0
BRDA:1188,200,0,0
BRDA:1188,200,1,0
BRDA:1188,201,0,0
BRDA:1188,201,1,0
BRDA:1204,202,0,0
BRDA:1204,202,1,0
BRDA:1206,203,0,0
BRDA:1206,203,1,0
BRDA:1210,204,0,0
BRDA:1210,204,1,0
BRDA:1210,205,0,0
BRDA:1210,205,1,0
BRDA:1216,206,0,0
BRDA:1216,207,0,0
BRDA:1216,207,1,0
BRDA:1217,208,0,0
BRDA:1217,208,1,0
BRDA:1220,209,0,0
BRDA:1220,210,0,0
BRDA:1220,210,1,0
BRDA:1221,211,0,0
BRDA:1221,211,1,0
BRDA:1222,212,0,0
BRDA:1227,213,0,0
BRDA:1227,214,0,0
BRDA:1227,214,1,0
BRDA:1228,215,0,0
BRDA:1228,215,1,0
BRDA:1232,216,0,0
BRDA:1232,216,1,0
BRDA:1232,217,0,0
BRDA:1232,217,1,0
BRDA:1256,218,0,0
BRDA:1256,218,1,0
BRDA:1281,219,0,0
BRDA:1287,220,0,0
BRDA:1287,221,0,0
BRDA:1287,221,1,0
BRDA:1288,222,0,0
BRDA:1288,222,1,0
BRDA:1293,223,0,0
BRDA:1293,223,1,0
BRDA:1296,224,0,0
BRDA:1296,224,1,0
BRDA:1299,225,0,0
BRDA:1299,225,1,0
BRDA:1301,226,0,0
BRDA:1301,226,1,0
BRDA:1307,227,0,0
BRDA:1307,227,1,0
BRDA:1311,228,0,0
BRDA:1312,229,0,0
BRDA:1320,230,0,0
BRDA:1320,231,0,0
BRDA:1320,231,1,0
BRDA:1324,232,0,0
BRDA:1324,232,1,0
BRDA:1340,233,0,0
BRDA:1340,234,0,0
BRDA:1340,234,1,0
BRDA:1358,235,0,0
BRDA:1363,236,0,0
BRDA:1372,237,0,0
BRDA:1373,238,0,0
BRDA:1387,239,0,0
BRDA:1387,239,1,0
BRDA:1390,240,0,0
BRDA:1390,240,1,0
BRDA:1393,241,0,0
BRDA:1395,242,0,0
BRDA:1399,243,0,0
BRDA:1399,243,1,0
BRDA:1401,244,0,0
BRDA:1401,244,1,0
BRDA:1405,245,0,0
BRDA:1405,245,1,0
BRDA:1417,246,0,0
BRDA:1417,246,1,0
BRDA:1418,247,0,0
BRDA:1418,247,1,0
BRDA:1423,248,0,0
BRDA:1423,248,1,0
BRDA:1424,249,0,0
BRDA:1424,249,1,0
BRDA:1429,250,0,0
BRDA:1429,250,1,0
BRDA:1430,251,0,0
BRDA:1430,251,1,0
BRDA:1438,252,0,0
BRDA:1438,252,1,0
BRDA:1439,253,0,0
BRDA:1439,253,1,0
BRDA:1448,254,0,0
BRDA:1448,254,1,0
BRDA:1449,255,0,0
BRDA:1449,255,1,0
BRDA:1453,256,0,0
BRDA:1453,256,1,0
BRDA:1491,257,0,0
BRDA:1509,258,0,0
BRDA:1512,259,0,0
BRDA:1544,260,0,0
BRDA:1547,261,0,0
BRDA:1547,261,1,0
BRDA:1547,262,0,0
BRDA:1547,262,1,0
BRDA:1548,263,0,0
BRDA:1548,263,1,0
BRDA:1577,264,0,0
BRDA:1590,265,0,0
BRDA:1590,265,1,0
BRDA:1590,265,2,0
BRDA:1604,266,0,0
BRDA:1604,266,1,0
BRDA:1604,267,0,0
BRDA:1604,267,1,0
BRDA:1606,268,0,0
BRDA:1606,268,1,0
BRDA:1608,269,0,0
BRDA:1608,269,1,0
BRDA:1613,270,0,0
BRDA:1613,270,1,0
BRDA:1623,271,0,0
BRDA:1623,272,0,0
BRDA:1623,272,1,0
BRDA:1628,273,0,0
BRDA:1628,273,1,0
BRDA:1630,274,0,0
BRDA:1637,275,0,0
BRDA:1637,275,1,0
BRDA:1679,276,0,0
BRDA:1679,276,1,0
BRDA:1684,277,0,0
BRDA:1684,277,1,0
BRDA:1708,278,0,0
BRDA:1721,279,0,0
BRDA:1721,279,1,0
BRDA:1741,280,0,0
BRDA:1774,281,0,0
BRF:462
BRH:0
end_of_record
TN:
SF:src/classes/debugScopeWin.ts
FN:156,(anonymous_0)
FN:163,(anonymous_1)
FN:191,(anonymous_2)
FN:199,(anonymous_3)
FN:337,(anonymous_4)
FN:388,(anonymous_5)
FN:393,(anonymous_6)
FN:397,(anonymous_7)
FN:401,(anonymous_8)
FN:591,(anonymous_9)
FN:644,(anonymous_10)
FN:650,(anonymous_11)
FN:1037,(anonymous_12)
FN:1058,(anonymous_13)
FN:1072,(anonymous_14)
FN:1090,(anonymous_15)
FN:1169,(anonymous_16)
FN:1198,(anonymous_17)
FN:1333,(anonymous_18)
FN:1354,(anonymous_19)
FN:1416,(anonymous_20)
FN:1473,(anonymous_21)
FN:1580,(anonymous_22)
FN:1604,(anonymous_23)
FN:1611,(anonymous_24)
FN:1660,(anonymous_25)
FN:1713,(anonymous_26)
FN:1786,(anonymous_27)
FN:1795,(anonymous_28)
FN:1821,(anonymous_29)
FN:1822,(anonymous_30)
FN:1835,(anonymous_31)
FNF:32
FNH:0
FNDA:0,(anonymous_0)
FNDA:0,(anonymous_1)
FNDA:0,(anonymous_2)
FNDA:0,(anonymous_3)
FNDA:0,(anonymous_4)
FNDA:0,(anonymous_5)
FNDA:0,(anonymous_6)
FNDA:0,(anonymous_7)
FNDA:0,(anonymous_8)
FNDA:0,(anonymous_9)
FNDA:0,(anonymous_10)
FNDA:0,(anonymous_11)
FNDA:0,(anonymous_12)
FNDA:0,(anonymous_13)
FNDA:0,(anonymous_14)
FNDA:0,(anonymous_15)
FNDA:0,(anonymous_16)
FNDA:0,(anonymous_17)
FNDA:0,(anonymous_18)
FNDA:0,(anonymous_19)
FNDA:0,(anonymous_20)
FNDA:0,(anonymous_21)
FNDA:0,(anonymous_22)
FNDA:0,(anonymous_23)
FNDA:0,(anonymous_24)
FNDA:0,(anonymous_25)
FNDA:0,(anonymous_26)
FNDA:0,(anonymous_27)
FNDA:0,(anonymous_28)
FNDA:0,(anonymous_29)
FNDA:0,(anonymous_30)
FNDA:0,(anonymous_31)
DA:7,0
DA:11,0
DA:12,0
DA:13,0
DA:14,0
DA:15,0
DA:17,0
DA:133,0
DA:134,0
DA:135,0
DA:136,0
DA:137,0
DA:138,0
DA:139,0
DA:140,0
DA:141,0
DA:142,0
DA:143,0
DA:144,0
DA:147,0
DA:148,0
DA:149,0
DA:150,0
DA:151,0
DA:153,0
DA:154,0
DA:158,0
DA:164,0
DA:165,0
DA:167,0
DA:169,0
DA:180,0
DA:182,0
DA:192,0
DA:193,0
DA:194,0
DA:196,0
DA:214,0
DA:215,0
DA:216,0
DA:219,0
DA:220,0
DA:222,0
DA:223,0
DA:224,0
DA:225,0
DA:226,0
DA:227,0
DA:228,0
DA:229,0
DA:230,0
DA:231,0
DA:235,0
DA:236,0
DA:237,0
DA:239,0
DA:240,0
DA:241,0
DA:244,0
DA:245,0
DA:246,0
DA:248,0
DA:251,0
DA:252,0
DA:253,0
DA:254,0
DA:255,0
DA:257,0
DA:260,0
DA:262,0
DA:266,0
DA:267,0
DA:268,0
DA:269,0
DA:272,0
DA:274,0
DA:278,0
DA:279,0
DA:282,0
DA:284,0
DA:287,0
DA:288,0
DA:315,0
DA:316,0
DA:319,0
DA:321,0
DA:325,0
DA:328,0
DA:329,0
DA:334,0
DA:338,0
DA:345,0
DA:346,0
DA:347,0
DA:348,0
DA:349,0
DA:350,0
DA:351,0
DA:352,0
DA:354,0
DA:356,0
DA:360,0
DA:363,0
DA:366,0
DA:367,0
DA:368,0
DA:369,0
DA:370,0
DA:375,0
DA:376,0
DA:388,0
DA:389,0
DA:390,0
DA:393,0
DA:394,0
DA:397,0
DA:398,0
DA:401,0
DA:402,0
DA:403,0
DA:405,0
DA:406,0
DA:408,0
DA:411,0
DA:414,0
DA:419,0
DA:580,0
DA:582,0
DA:583,0
DA:584,0
DA:585,0
DA:587,0
DA:591,0
DA:592,0
DA:593,0
DA:594,0
DA:595,0
DA:596,0
DA:597,0
DA:598,0
DA:599,0
DA:602,0
DA:604,0
DA:606,0
DA:608,0
DA:610,0
DA:612,0
DA:620,0
DA:622,0
DA:630,0
DA:632,0
DA:634,0
DA:636,0
DA:640,0
DA:645,0
DA:647,0
DA:653,0
DA:668,0
DA:670,0
DA:672,0
DA:673,0
DA:675,0
DA:676,0
DA:677,0
DA:678,0
DA:679,0
DA:680,0
DA:681,0
DA:682,0
DA:683,0
DA:684,0
DA:685,0
DA:689,0
DA:690,0
DA:692,0
DA:693,0
DA:694,0
DA:695,0
DA:697,0
DA:698,0
DA:700,0
DA:702,0
DA:703,0
DA:705,0
DA:706,0
DA:708,0
DA:709,0
DA:714,0
DA:715,0
DA:716,0
DA:717,0
DA:718,0
DA:719,0
DA:722,0
DA:723,0
DA:724,0
DA:725,0
DA:728,0
DA:729,0
DA:730,0
DA:731,0
DA:734,0
DA:735,0
DA:736,0
DA:737,0
DA:740,0
DA:742,0
DA:743,0
DA:745,0
DA:746,0
DA:748,0
DA:749,0
DA:752,0
DA:753,0
DA:754,0
DA:755,0
DA:757,0
DA:758,0
DA:759,0
DA:762,0
DA:763,0
DA:764,0
DA:766,0
DA:774,0
DA:776,0
DA:777,0
DA:779,0
DA:780,0
DA:781,0
DA:782,0
DA:784,0
DA:786,0
DA:787,0
DA:788,0
DA:789,0
DA:790,0
DA:791,0
DA:794,0
DA:795,0
DA:796,0
DA:798,0
DA:799,0
DA:801,0
DA:802,0
DA:804,0
DA:805,0
DA:806,0
DA:808,0
DA:809,0
DA:810,0
DA:811,0
DA:812,0
DA:815,0
DA:816,0
DA:817,0
DA:818,0
DA:824,0
DA:825,0
DA:826,0
DA:829,0
DA:830,0
DA:831,0
DA:832,0
DA:835,0
DA:836,0
DA:837,0
DA:839,0
DA:840,0
DA:842,0
DA:843,0
DA:845,0
DA:846,0
DA:848,0
DA:850,0
DA:852,0
DA:854,0
DA:856,0
DA:857,0
DA:859,0
DA:861,0
DA:862,0
DA:864,0
DA:865,0
DA:866,0
DA:867,0
DA:870,0
DA:872,0
DA:873,0
DA:874,0
DA:875,0
DA:902,0
DA:903,0
DA:905,0
DA:906,0
DA:909,0
DA:910,0
DA:913,0
DA:914,0
DA:915,0
DA:916,0
DA:917,0
DA:919,0
DA:924,0
DA:927,0
DA:928,0
DA:929,0
DA:930,0
DA:931,0
DA:933,0
DA:934,0
DA:935,0
DA:950,0
DA:951,0
DA:952,0
DA:954,0
DA:955,0
DA:957,0
DA:958,0
DA:959,0
DA:961,0
DA:971,0
DA:973,0
DA:974,0
DA:975,0
DA:976,0
DA:978,0
DA:979,0
DA:983,0
DA:984,0
DA:985,0
DA:986,0
DA:987,0
DA:997,0
DA:998,0
DA:1001,0
DA:1002,0
DA:1003,0
DA:1004,0
DA:1005,0
DA:1006,0
DA:1007,0
DA:1010,0
DA:1011,0
DA:1013,0
DA:1016,0
DA:1017,0
DA:1019,0
DA:1023,0
DA:1030,0
DA:1038,0
DA:1039,0
DA:1042,0
DA:1045,0
DA:1046,0
DA:1049,0
DA:1051,0
DA:1052,0
DA:1053,0
DA:1054,0
DA:1059,0
DA:1061,0
DA:1062,0
DA:1063,0
DA:1065,0
DA:1066,0
DA:1069,0
DA:1073,0
DA:1075,0
DA:1076,0
DA:1077,0
DA:1078,0
DA:1082,0
DA:1083,0
DA:1085,0
DA:1092,0
DA:1095,0
DA:1097,0
DA:1104,0
DA:1109,0
DA:1110,0
DA:1111,0
DA:1113,0
DA:1114,0
DA:1115,0
DA:1118,0
DA:1119,0
DA:1122,0
DA:1123,0
DA:1124,0
DA:1129,0
DA:1130,0
DA:1131,0
DA:1132,0
DA:1134,0
DA:1135,0
DA:1136,0
DA:1137,0
DA:1138,0
DA:1143,0
DA:1146,0
DA:1150,0
DA:1154,0
DA:1155,0
DA:1156,0
DA:1158,0
DA:1159,0
DA:1162,0
DA:1164,0
DA:1166,0
DA:1171,0
DA:1172,0
DA:1173,0
DA:1174,0
DA:1175,0
DA:1176,0
DA:1177,0
DA:1178,0
DA:1180,0
DA:1181,0
DA:1182,0
DA:1183,0
DA:1184,0
DA:1185,0
DA:1186,0
DA:1189,0
DA:1190,0
DA:1191,0
DA:1192,0
DA:1193,0
DA:1194,0
DA:1204,0
DA:1211,0
DA:1212,0
DA:1216,0
DA:1218,0
DA:1219,0
DA:1221,0
DA:1222,0
DA:1225,0
DA:1227,0
DA:1228,0
DA:1230,0
DA:1233,0
DA:1234,0
DA:1235,0
DA:1236,0
DA:1237,0
DA:1238,0
DA:1239,0
DA:1240,0
DA:1303,0
DA:1306,0
DA:1307,0
DA:1308,0
DA:1312,0
DA:1323,0
DA:1325,0
DA:1334,0
DA:1335,0
DA:1336,0
DA:1337,0
DA:1338,0
DA:1349,0
DA:1355,0
DA:1356,0
DA:1357,0
DA:1358,0
DA:1359,0
DA:1361,0
DA:1364,0
DA:1365,0
DA:1398,0
DA:1409,0
DA:1411,0
DA:1417,0
DA:1418,0
DA:1419,0
DA:1420,0
DA:1421,0
DA:1422,0
DA:1423,0
DA:1424,0
DA:1425,0
DA:1426,0
DA:1454,0
DA:1466,0
DA:1468,0
DA:1480,0
DA:1481,0
DA:1482,0
DA:1483,0
DA:1484,0
DA:1486,0
DA:1489,0
DA:1490,0
DA:1491,0
DA:1492,0
DA:1493,0
DA:1494,0
DA:1537,0
DA:1573,0
DA:1575,0
DA:1582,0
DA:1583,0
DA:1587,0
DA:1588,0
DA:1590,0
DA:1594,0
DA:1595,0
DA:1596,0
DA:1597,0
DA:1601,0
DA:1606,0
DA:1607,0
DA:1608,0
DA:1612,0
DA:1613,0
DA:1614,0
DA:1616,0
DA:1617,0
DA:1618,0
DA:1619,0
DA:1620,0
DA:1621,0
DA:1622,0
DA:1623,0
DA:1624,0
DA:1628,0
DA:1629,0
DA:1632,0
DA:1634,0
DA:1636,0
DA:1646,0
DA:1648,0
DA:1656,0
DA:1661,0
DA:1663,0
DA:1666,0
DA:1667,0
DA:1668,0
DA:1669,0
DA:1672,0
DA:1683,0
DA:1693,0
DA:1697,0
DA:1698,0
DA:1706,0
DA:1709,0
DA:1714,0
DA:1716,0
DA:1717,0
DA:1718,0
DA:1719,0
DA:1722,0
DA:1724,0
DA:1725,0
DA:1728,0
DA:1739,0
DA:1748,0
DA:1752,0
DA:1754,0
DA:1755,0
DA:1758,0
DA:1769,0
DA:1778,0
DA:1787,0
DA:1797,0
DA:1798,0
DA:1799,0
DA:1800,0
DA:1803,0
DA:1807,0
DA:1809,0
DA:1811,0
DA:1814,0
DA:1822,0
DA:1823,0
DA:1826,0
DA:1828,0
DA:1837,0
DA:1840,0
DA:1841,0
DA:1842,0
DA:1843,0
DA:1844,0
DA:1846,0
LF:586
LH:0
BRDA:193,0,0,0
BRDA:193,1,0,0
BRDA:193,1,1,0
BRDA:235,2,0,0
BRDA:239,3,0,0
BRDA:245,4,0,0
BRDA:245,4,1,0
BRDA:248,5,0,0
BRDA:248,5,1,0
BRDA:248,5,2,0
BRDA:248,5,3,0
BRDA:248,5,4,0
BRDA:248,5,5,0
BRDA:252,6,0,0
BRDA:252,6,1,0
BRDA:254,7,0,0
BRDA:267,8,0,0
BRDA:267,8,1,0
BRDA:278,9,0,0
BRDA:278,9,1,0
BRDA:315,10,0,0
BRDA:315,10,1,0
BRDA:328,11,0,0
BRDA:348,12,0,0
BRDA:348,12,1,0
BRDA:403,13,0,0
BRDA:405,14,0,0
BRDA:602,15,0,0
BRDA:602,16,0,0
BRDA:602,16,1,0
BRDA:606,17,0,0
BRDA:606,18,0,0
BRDA:606,18,1,0
BRDA:610,19,0,0
BRDA:610,20,0,0
BRDA:610,20,1,0
BRDA:620,21,0,0
BRDA:620,22,0,0
BRDA:620,22,1,0
BRDA:630,23,0,0
BRDA:630,24,0,0
BRDA:630,24,1,0
BRDA:634,25,0,0
BRDA:634,26,0,0
BRDA:634,26,1,0
BRDA:668,27,0,0
BRDA:670,28,0,0
BRDA:670,28,1,0
BRDA:685,29,0,0
BRDA:685,29,1,0
BRDA:694,30,0,0
BRDA:697,31,0,0
BRDA:700,32,0,0
BRDA:705,33,0,0
BRDA:708,34,0,0
BRDA:716,35,0,0
BRDA:718,36,0,0
BRDA:722,37,0,0
BRDA:724,38,0,0
BRDA:728,39,0,0
BRDA:730,40,0,0
BRDA:734,41,0,0
BRDA:736,42,0,0
BRDA:740,43,0,0
BRDA:745,44,0,0
BRDA:748,45,0,0
BRDA:762,46,0,0
BRDA:762,47,0,0
BRDA:762,47,1,0
BRDA:766,48,0,0
BRDA:766,48,1,0
BRDA:776,49,0,0
BRDA:779,50,0,0
BRDA:781,51,0,0
BRDA:781,51,1,0
BRDA:781,52,0,0
BRDA:781,52,1,0
BRDA:786,53,0,0
BRDA:787,54,0,0
BRDA:787,54,1,0
BRDA:788,55,0,0
BRDA:790,56,0,0
BRDA:794,57,0,0
BRDA:794,57,1,0
BRDA:805,58,0,0
BRDA:809,59,0,0
BRDA:811,60,0,0
BRDA:815,61,0,0
BRDA:817,62,0,0
BRDA:826,63,0,0
BRDA:826,63,1,0
BRDA:829,64,0,0
BRDA:831,65,0,0
BRDA:837,66,0,0
BRDA:837,66,1,0
BRDA:840,67,0,0
BRDA:840,67,1,0
BRDA:843,68,0,0
BRDA:843,68,1,0
BRDA:845,69,0,0
BRDA:845,69,1,0
BRDA:852,70,0,0
BRDA:852,70,1,0
BRDA:857,71,0,0
BRDA:857,71,1,0
BRDA:862,72,0,0
BRDA:862,72,1,0
BRDA:864,73,0,0
BRDA:866,74,0,0
BRDA:866,75,0,0
BRDA:866,75,1,0
BRDA:866,75,2,0
BRDA:870,76,0,0
BRDA:870,76,1,0
BRDA:872,77,0,0
BRDA:874,78,0,0
BRDA:874,79,0,0
BRDA:874,79,1,0
BRDA:874,79,2,0
BRDA:903,80,0,0
BRDA:903,80,1,0
BRDA:915,81,0,0
BRDA:915,81,1,0
BRDA:915,82,0,0
BRDA:915,82,1,0
BRDA:929,83,0,0
BRDA:929,83,1,0
BRDA:930,84,0,0
BRDA:933,85,0,0
BRDA:958,86,0,0
BRDA:958,86,1,0
BRDA:971,87,0,0
BRDA:987,88,0,0
BRDA:987,88,1,0
BRDA:1002,89,0,0
BRDA:1002,89,1,0
BRDA:1005,90,0,0
BRDA:1016,91,0,0
BRDA:1016,91,1,0
BRDA:1039,92,0,0
BRDA:1039,93,0,0
BRDA:1039,93,1,0
BRDA:1039,93,2,0
BRDA:1062,94,0,0
BRDA:1062,94,1,0
BRDA:1075,95,0,0
BRDA:1075,95,1,0
BRDA:1095,96,0,0
BRDA:1095,97,0,0
BRDA:1095,97,1,0
BRDA:1118,98,0,0
BRDA:1118,99,0,0
BRDA:1118,99,1,0
BRDA:1122,100,0,0
BRDA:1122,101,0,0
BRDA:1122,101,1,0
BRDA:1123,102,0,0
BRDA:1123,102,1,0
BRDA:1129,103,0,0
BRDA:1132,104,0,0
BRDA:1146,105,0,0
BRDA:1146,105,1,0
BRDA:1146,106,0,0
BRDA:1146,106,1,0
BRDA:1146,106,2,0
BRDA:1154,107,0,0
BRDA:1154,107,1,0
BRDA:1154,108,0,0
BRDA:1154,108,1,0
BRDA:1156,109,0,0
BRDA:1172,110,0,0
BRDA:1172,110,1,0
BRDA:1172,111,0,0
BRDA:1172,111,1,0
BRDA:1173,112,0,0
BRDA:1173,112,1,0
BRDA:1174,113,0,0
BRDA:1174,113,1,0
BRDA:1175,114,0,0
BRDA:1175,114,1,0
BRDA:1176,115,0,0
BRDA:1176,115,1,0
BRDA:1178,116,0,0
BRDA:1178,117,0,0
BRDA:1178,117,1,0
BRDA:1181,118,0,0
BRDA:1181,119,0,0
BRDA:1181,119,1,0
BRDA:1182,120,0,0
BRDA:1182,120,1,0
BRDA:1183,121,0,0
BRDA:1183,121,1,0
BRDA:1184,122,0,0
BRDA:1184,122,1,0
BRDA:1185,123,0,0
BRDA:1185,123,1,0
BRDA:1189,124,0,0
BRDA:1204,125,0,0
BRDA:1211,126,0,0
BRDA:1219,127,0,0
BRDA:1219,127,1,0
BRDA:1238,128,0,0
BRDA:1306,129,0,0
BRDA:1334,130,0,0
BRDA:1354,131,0,0
BRDA:1355,132,0,0
BRDA:1361,133,0,0
BRDA:1361,133,1,0
BRDA:1417,134,0,0
BRDA:1421,135,0,0
BRDA:1421,135,1,0
BRDA:1422,136,0,0
BRDA:1422,136,1,0
BRDA:1424,137,0,0
BRDA:1424,137,1,0
BRDA:1480,138,0,0
BRDA:1486,139,0,0
BRDA:1486,139,1,0
BRDA:1490,140,0,0
BRDA:1490,140,1,0
BRDA:1492,141,0,0
BRDA:1492,141,1,0
BRDA:1587,142,0,0
BRDA:1587,142,1,0
BRDA:1596,143,0,0
BRDA:1606,144,0,0
BRDA:1606,144,1,0
BRDA:1612,145,0,0
BRDA:1612,145,1,0
BRDA:1612,146,0,0
BRDA:1612,146,1,0
BRDA:1616,147,0,0
BRDA:1616,147,1,0
BRDA:1619,148,0,0
BRDA:1619,148,1,0
BRDA:1622,149,0,0
BRDA:1632,150,0,0
BRDA:1632,150,1,0
BRDA:1646,151,0,0
BRDA:1661,152,0,0
BRDA:1661,153,0,0
BRDA:1661,153,1,0
BRDA:1661,153,2,0
BRDA:1697,154,0,0
BRDA:1714,155,0,0
BRDA:1714,156,0,0
BRDA:1714,156,1,0
BRDA:1714,156,2,0
BRDA:1714,156,3,0
BRDA:1722,157,0,0
BRDA:1722,158,0,0
BRDA:1722,158,1,0
BRDA:1752,159,0,0
BRDA:1752,160,0,0
BRDA:1752,160,1,0
BRDA:1803,161,0,0
BRDA:1803,161,1,0
BRDA:1803,162,0,0
BRDA:1803,162,1,0
BRDA:1803,162,2,0
BRDA:1803,162,3,0
BRDA:1823,163,0,0
BRDA:1840,164,0,0
BRF:263
BRH:0
end_of_record
TN:
SF:src/classes/debugScopeXyWin.ts
FN:143,(anonymous_0)
FN:161,(anonymous_1)
FN:168,(anonymous_2)
FN:192,(anonymous_3)
FN:234,(anonymous_4)
FN:241,(anonymous_5)
FN:249,(anonymous_6)
FN:262,(anonymous_7)
FN:271,(anonymous_8)
FN:281,(anonymous_9)
FN:286,(anonymous_10)
FN:439,(anonymous_11)
FN:448,(anonymous_12)
FN:460,(anonymous_13)
FN:478,(anonymous_14)
FN:564,(anonymous_15)
FN:577,(anonymous_16)
FN:592,(anonymous_17)
FN:659,(anonymous_18)
FNF:19
FNH:0
FNDA:0,(anonymous_0)
FNDA:0,(anonymous_1)
FNDA:0,(anonymous_2)
FNDA:0,(anonymous_3)
FNDA:0,(anonymous_4)
FNDA:0,(anonymous_5)
FNDA:0,(anonymous_6)
FNDA:0,(anonymous_7)
FNDA:0,(anonymous_8)
FNDA:0,(anonymous_9)
FNDA:0,(anonymous_10)
FNDA:0,(anonymous_11)
FNDA:0,(anonymous_12)
FNDA:0,(anonymous_13)
FNDA:0,(anonymous_14)
FNDA:0,(anonymous_15)
FNDA:0,(anonymous_16)
FNDA:0,(anonymous_17)
FNDA:0,(anonymous_18)
DA:1,0
DA:3,0
DA:5,0
DA:6,0
DA:7,0
DA:8,0
DA:10,0
DA:93,0
DA:94,0
DA:96,0
DA:99,0
DA:105,0
DA:108,0
DA:109,0
DA:110,0
DA:111,0
DA:112,0
DA:113,0
DA:114,0
DA:115,0
DA:116,0
DA:117,0
DA:118,0
DA:119,0
DA:120,0
DA:123,0
DA:124,0
DA:125,0
DA:126,0
DA:129,0
DA:132,0
DA:144,0
DA:145,0
DA:148,0
DA:149,0
DA:150,0
DA:153,0
DA:154,0
DA:155,0
DA:162,0
DA:169,0
DA:170,0
DA:171,0
DA:173,0
DA:174,0
DA:176,0
DA:177,0
DA:178,0
DA:180,0
DA:186,0
DA:194,0
DA:197,0
DA:200,0
DA:201,0
DA:216,0
DA:231,0
DA:234,0
DA:236,0
DA:237,0
DA:241,0
DA:242,0
DA:251,0
DA:254,0
DA:255,0
DA:262,0
DA:263,0
DA:272,0
DA:273,0
DA:275,0
DA:282,0
DA:283,0
DA:288,0
DA:289,0
DA:290,0
DA:292,0
DA:294,0
DA:295,0
DA:297,0
DA:300,0
DA:301,0
DA:302,0
DA:305,0
DA:308,0
DA:309,0
DA:310,0
DA:312,0
DA:315,0
DA:316,0
DA:317,0
DA:319,0
DA:322,0
DA:323,0
DA:324,0
DA:325,0
DA:327,0
DA:330,0
DA:331,0
DA:332,0
DA:334,0
DA:337,0
DA:338,0
DA:339,0
DA:341,0
DA:344,0
DA:345,0
DA:346,0
DA:348,0
DA:351,0
DA:352,0
DA:355,0
DA:356,0
DA:357,0
DA:360,0
DA:361,0
DA:365,0
DA:368,0
DA:369,0
DA:370,0
DA:371,0
DA:372,0
DA:375,0
DA:378,0
DA:379,0
DA:382,0
DA:383,0
DA:399,0
DA:401,0
DA:402,0
DA:403,0
DA:404,0
DA:406,0
DA:407,0
DA:408,0
DA:411,0
DA:415,0
DA:416,0
DA:417,0
DA:420,0
DA:421,0
DA:424,0
DA:425,0
DA:427,0
DA:429,0
DA:433,0
DA:434,0
DA:435,0
DA:441,0
DA:443,0
DA:445,0
DA:449,0
DA:457,0
DA:461,0
DA:475,0
DA:479,0
DA:481,0
DA:482,0
DA:485,0
DA:486,0
DA:487,0
DA:488,0
DA:489,0
DA:490,0
DA:491,0
DA:494,0
DA:496,0
DA:499,0
DA:500,0
DA:501,0
DA:504,0
DA:506,0
DA:509,0
DA:511,0
DA:515,0
DA:516,0
DA:518,0
DA:521,0
DA:522,0
DA:525,0
DA:526,0
DA:527,0
DA:528,0
DA:531,0
DA:532,0
DA:533,0
DA:536,0
DA:539,0
DA:540,0
DA:542,0
DA:545,0
DA:546,0
DA:547,0
DA:551,0
DA:552,0
DA:553,0
DA:554,0
DA:565,0
DA:566,0
DA:570,0
DA:577,0
DA:578,0
DA:579,0
DA:583,0
DA:591,0
DA:593,0
DA:594,0
DA:598,0
DA:601,0
DA:602,0
DA:604,0
DA:605,0
DA:606,0
DA:608,0
DA:613,0
DA:614,0
DA:624,0
DA:634,0
DA:635,0
DA:638,0
DA:641,0
DA:650,0
DA:655,0
DA:656,0
DA:657,0
DA:660,0
LF:224
LH:0
BRDA:176,0,0,0
BRDA:176,0,1,0
BRDA:254,1,0,0
BRDA:254,2,0,0
BRDA:254,2,1,0
BRDA:254,2,2,0
BRDA:272,3,0,0
BRDA:292,4,0,0
BRDA:292,4,1,0
BRDA:292,4,2,0
BRDA:292,4,3,0
BRDA:292,4,4,0
BRDA:292,4,5,0
BRDA:292,4,6,0
BRDA:292,4,7,0
BRDA:292,4,8,0
BRDA:292,4,9,0
BRDA:292,4,10,0
BRDA:292,4,11,0
BRDA:292,4,12,0
BRDA:292,4,13,0
BRDA:292,4,14,0
BRDA:292,4,15,0
BRDA:292,4,16,0
BRDA:292,4,17,0
BRDA:292,4,18,0
BRDA:292,4,19,0
BRDA:292,4,20,0
BRDA:292,4,21,0
BRDA:292,4,22,0
BRDA:292,4,23,0
BRDA:292,4,24,0
BRDA:294,5,0,0
BRDA:300,6,0,0
BRDA:308,7,0,0
BRDA:315,8,0,0
BRDA:322,9,0,0
BRDA:330,10,0,0
BRDA:337,11,0,0
BRDA:344,12,0,0
BRDA:351,13,0,0
BRDA:353,14,0,0
BRDA:353,14,1,0
BRDA:356,15,0,0
BRDA:356,16,0,0
BRDA:356,16,1,0
BRDA:358,17,0,0
BRDA:358,17,1,0
BRDA:360,18,0,0
BRDA:369,19,0,0
BRDA:369,20,0,0
BRDA:369,20,1,0
BRDA:370,21,0,0
BRDA:370,21,1,0
BRDA:371,22,0,0
BRDA:371,23,0,0
BRDA:371,23,1,0
BRDA:372,24,0,0
BRDA:372,24,1,0
BRDA:401,25,0,0
BRDA:402,26,0,0
BRDA:403,27,0,0
BRDA:406,28,0,0
BRDA:406,29,0,0
BRDA:406,29,1,0
BRDA:407,30,0,0
BRDA:415,31,0,0
BRDA:415,32,0,0
BRDA:415,32,1,0
BRDA:420,33,0,0
BRDA:420,34,0,0
BRDA:420,34,1,0
BRDA:421,35,0,0
BRDA:421,35,1,0
BRDA:433,36,0,0
BRDA:441,37,0,0
BRDA:441,38,0,0
BRDA:441,38,1,0
BRDA:441,38,2,0
BRDA:441,38,3,0
BRDA:475,39,0,0
BRDA:475,39,1,0
BRDA:485,40,0,0
BRDA:494,41,0,0
BRDA:499,42,0,0
BRDA:504,43,0,0
BRDA:509,44,0,0
BRDA:516,45,0,0
BRDA:518,46,0,0
BRDA:518,46,1,0
BRDA:525,47,0,0
BRDA:539,48,0,0
BRDA:542,49,0,0
BRDA:542,49,1,0
BRDA:545,50,0,0
BRDA:552,51,0,0
BRDA:565,52,0,0
BRDA:565,53,0,0
BRDA:565,53,1,0
BRDA:565,53,2,0
BRDA:578,54,0,0
BRDA:578,55,0,0
BRDA:578,55,1,0
BRDA:578,55,2,0
BRDA:593,56,0,0
BRDA:593,57,0,0
BRDA:593,57,1,0
BRDA:593,57,2,0
BRDA:608,58,0,0
BRDA:608,59,0,0
BRDA:608,59,1,0
BRDA:613,60,0,0
BRDA:613,60,1,0
BRDA:638,61,0,0
BRDA:638,61,1,0
BRDA:655,62,0,0
BRF:116
BRH:0
end_of_record
TN:
SF:src/classes/debugTermWin.ts
FN:82,(anonymous_0)
FN:91,(anonymous_1)
FN:99,(anonymous_2)
FN:305,(anonymous_3)
FN:343,(anonymous_4)
FN:348,(anonymous_5)
FN:352,(anonymous_6)
FN:356,(anonymous_7)
FN:432,(anonymous_8)
FN:437,(anonymous_9)
FN:443,(anonymous_10)
FN:559,(anonymous_11)
FN:575,(anonymous_12)
FN:578,(anonymous_13)
FN:664,(anonymous_14)
FN:671,(anonymous_15)
FN:685,(anonymous_16)
FN:700,(anonymous_17)
FN:753,(anonymous_18)
FN:760,(anonymous_19)
FN:784,(anonymous_20)
FN:820,(anonymous_21)
FNF:22
FNH:0
FNDA:0,(anonymous_0)
FNDA:0,(anonymous_1)
FNDA:0,(anonymous_2)
FNDA:0,(anonymous_3)
FNDA:0,(anonymous_4)
FNDA:0,(anonymous_5)
FNDA:0,(anonymous_6)
FNDA:0,(anonymous_7)
FNDA:0,(anonymous_8)
FNDA:0,(anonymous_9)
FNDA:0,(anonymous_10)
FNDA:0,(anonymous_11)
FNDA:0,(anonymous_12)
FNDA:0,(anonymous_13)
FNDA:0,(anonymous_14)
FNDA:0,(anonymous_15)
FNDA:0,(anonymous_16)
FNDA:0,(anonymous_17)
FNDA:0,(anonymous_18)
FNDA:0,(anonymous_19)
FNDA:0,(anonymous_20)
FNDA:0,(anonymous_21)
DA:7,0
DA:11,0
DA:12,0
DA:13,0
DA:15,0
DA:71,0
DA:72,0
DA:73,0
DA:74,0
DA:75,0
DA:77,0
DA:78,0
DA:79,0
DA:80,0
DA:83,0
DA:84,0
DA:86,0
DA:88,0
DA:92,0
DA:93,0
DA:94,0
DA:96,0
DA:110,0
DA:111,0
DA:112,0
DA:113,0
DA:114,0
DA:115,0
DA:118,0
DA:119,0
DA:120,0
DA:121,0
DA:122,0
DA:123,0
DA:124,0
DA:125,0
DA:126,0
DA:127,0
DA:128,0
DA:129,0
DA:131,0
DA:134,0
DA:135,0
DA:136,0
DA:137,0
DA:139,0
DA:140,0
DA:141,0
DA:142,0
DA:145,0
DA:146,0
DA:149,0
DA:150,0
DA:152,0
DA:155,0
DA:156,0
DA:157,0
DA:158,0
DA:159,0
DA:160,0
DA:162,0
DA:163,0
DA:166,0
DA:167,0
DA:169,0
DA:172,0
DA:173,0
DA:174,0
DA:175,0
DA:176,0
DA:177,0
DA:179,0
DA:180,0
DA:183,0
DA:184,0
DA:186,0
DA:189,0
DA:190,0
DA:191,0
DA:192,0
DA:194,0
DA:195,0
DA:198,0
DA:199,0
DA:201,0
DA:204,0
DA:205,0
DA:206,0
DA:207,0
DA:208,0
DA:210,0
DA:211,0
DA:213,0
DA:214,0
DA:216,0
DA:222,0
DA:223,0
DA:224,0
DA:225,0
DA:226,0
DA:227,0
DA:228,0
DA:229,0
DA:230,0
DA:232,0
DA:233,0
DA:235,0
DA:237,0
DA:238,0
DA:239,0
DA:241,0
DA:242,0
DA:243,0
DA:244,0
DA:245,0
DA:247,0
DA:250,0
DA:251,0
DA:253,0
DA:254,0
DA:256,0
DA:257,0
DA:259,0
DA:260,0
DA:261,0
DA:263,0
DA:264,0
DA:266,0
DA:270,0
DA:271,0
DA:272,0
DA:274,0
DA:276,0
DA:277,0
DA:279,0
DA:283,0
DA:286,0
DA:287,0
DA:289,0
DA:290,0
DA:293,0
DA:294,0
DA:296,0
DA:297,0
DA:301,0
DA:302,0
DA:306,0
DA:314,0
DA:316,0
DA:317,0
DA:320,0
DA:321,0
DA:323,0
DA:324,0
DA:325,0
DA:330,0
DA:331,0
DA:343,0
DA:344,0
DA:345,0
DA:348,0
DA:349,0
DA:352,0
DA:353,0
DA:356,0
DA:357,0
DA:358,0
DA:360,0
DA:361,0
DA:363,0
DA:366,0
DA:369,0
DA:374,0
DA:422,0
DA:424,0
DA:425,0
DA:426,0
DA:428,0
DA:432,0
DA:433,0
DA:438,0
DA:440,0
DA:468,0
DA:471,0
DA:472,0
DA:473,0
DA:475,0
DA:477,0
DA:479,0
DA:482,0
DA:483,0
DA:484,0
DA:485,0
DA:486,0
DA:488,0
DA:489,0
DA:491,0
DA:494,0
DA:496,0
DA:497,0
DA:499,0
DA:501,0
DA:502,0
DA:504,0
DA:505,0
DA:507,0
DA:510,0
DA:512,0
DA:515,0
DA:517,0
DA:519,0
DA:520,0
DA:522,0
DA:523,0
DA:525,0
DA:526,0
DA:528,0
DA:529,0
DA:532,0
DA:533,0
DA:534,0
DA:537,0
DA:538,0
DA:540,0
DA:541,0
DA:543,0
DA:545,0
DA:547,0
DA:548,0
DA:549,0
DA:551,0
DA:552,0
DA:554,0
DA:562,0
DA:564,0
DA:565,0
DA:566,0
DA:569,0
DA:571,0
DA:576,0
DA:578,0
DA:579,0
DA:582,0
DA:583,0
DA:587,0
DA:588,0
DA:589,0
DA:592,0
DA:593,0
DA:596,0
DA:597,0
DA:600,0
DA:601,0
DA:602,0
DA:603,0
DA:605,0
DA:608,0
DA:610,0
DA:613,0
DA:614,0
DA:615,0
DA:616,0
DA:618,0
DA:621,0
DA:623,0
DA:629,0
DA:630,0
DA:633,0
DA:634,0
DA:636,0
DA:640,0
DA:641,0
DA:643,0
DA:645,0
DA:649,0
DA:650,0
DA:651,0
DA:653,0
DA:655,0
DA:656,0
DA:660,0
DA:666,0
DA:668,0
DA:672,0
DA:673,0
DA:674,0
DA:675,0
DA:676,0
DA:677,0
DA:678,0
DA:680,0
DA:686,0
DA:687,0
DA:690,0
DA:691,0
DA:692,0
DA:701,0
DA:703,0
DA:704,0
DA:705,0
DA:706,0
DA:707,0
DA:708,0
DA:709,0
DA:710,0
DA:711,0
DA:712,0
DA:713,0
DA:714,0
DA:717,0
DA:729,0
DA:732,0
DA:735,0
DA:736,0
DA:737,0
DA:740,0
DA:741,0
DA:742,0
DA:746,0
DA:754,0
DA:761,0
DA:763,0
DA:764,0
DA:765,0
DA:766,0
DA:767,0
DA:768,0
DA:770,0
DA:778,0
DA:785,0
DA:787,0
DA:788,0
DA:789,0
DA:790,0
DA:793,0
DA:804,0
DA:812,0
DA:822,0
DA:823,0
DA:826,0
DA:827,0
DA:829,0
DA:832,0
DA:833,0
DA:836,0
DA:837,0
DA:839,0
DA:846,0
LF:348
LH:0
BRDA:93,0,0,0
BRDA:93,1,0,0
BRDA:93,1,1,0
BRDA:135,2,0,0
BRDA:139,3,0,0
BRDA:142,4,0,0
BRDA:142,4,1,0
BRDA:142,4,2,0
BRDA:142,4,3,0
BRDA:142,4,4,0
BRDA:142,4,5,0
BRDA:142,4,6,0
BRDA:142,4,7,0
BRDA:142,4,8,0
BRDA:145,5,0,0
BRDA:145,5,1,0
BRDA:155,6,0,0
BRDA:155,6,1,0
BRDA:158,7,0,0
BRDA:158,7,1,0
BRDA:158,8,0,0
BRDA:158,8,1,0
BRDA:172,9,0,0
BRDA:172,9,1,0
BRDA:175,10,0,0
BRDA:175,10,1,0
BRDA:175,11,0,0
BRDA:175,11,1,0
BRDA:175,11,2,0
BRDA:175,11,3,0
BRDA:189,12,0,0
BRDA:189,12,1,0
BRDA:191,13,0,0
BRDA:191,13,1,0
BRDA:191,14,0,0
BRDA:191,14,1,0
BRDA:191,14,2,0
BRDA:204,15,0,0
BRDA:204,15,1,0
BRDA:207,16,0,0
BRDA:230,17,0,0
BRDA:230,17,1,0
BRDA:230,18,0,0
BRDA:230,18,1,0
BRDA:233,19,0,0
BRDA:239,20,0,0
BRDA:239,20,1,0
BRDA:242,21,0,0
BRDA:242,21,1,0
BRDA:244,22,0,0
BRDA:254,23,0,0
BRDA:254,23,1,0
BRDA:257,24,0,0
BRDA:257,24,1,0
BRDA:261,25,0,0
BRDA:270,26,0,0
BRDA:270,26,1,0
BRDA:296,27,0,0
BRDA:358,28,0,0
BRDA:360,29,0,0
BRDA:473,30,0,0
BRDA:473,30,1,0
BRDA:477,31,0,0
BRDA:477,31,1,0
BRDA:486,32,0,0
BRDA:486,32,1,0
BRDA:496,33,0,0
BRDA:499,34,0,0
BRDA:499,34,1,0
BRDA:499,35,0,0
BRDA:499,35,1,0
BRDA:502,36,0,0
BRDA:502,37,0,0
BRDA:502,37,1,0
BRDA:504,38,0,0
BRDA:504,38,1,0
BRDA:510,39,0,0
BRDA:510,39,1,0
BRDA:510,40,0,0
BRDA:510,40,1,0
BRDA:517,41,0,0
BRDA:517,41,1,0
BRDA:520,42,0,0
BRDA:520,42,1,0
BRDA:523,43,0,0
BRDA:523,43,1,0
BRDA:526,44,0,0
BRDA:526,44,1,0
BRDA:532,45,0,0
BRDA:532,46,0,0
BRDA:532,46,1,0
BRDA:537,47,0,0
BRDA:537,47,1,0
BRDA:545,48,0,0
BRDA:545,48,1,0
BRDA:549,49,0,0
BRDA:549,49,1,0
BRDA:564,50,0,0
BRDA:569,51,0,0
BRDA:576,52,0,0
BRDA:582,53,0,0
BRDA:582,53,1,0
BRDA:589,54,0,0
BRDA:589,54,1,0
BRDA:589,54,2,0
BRDA:589,54,3,0
BRDA:589,54,4,0
BRDA:589,54,5,0
BRDA:589,54,6,0
BRDA:589,54,7,0
BRDA:589,54,8,0
BRDA:589,54,9,0
BRDA:589,54,10,0
BRDA:589,54,11,0
BRDA:589,54,12,0
BRDA:600,55,0,0
BRDA:600,55,1,0
BRDA:602,56,0,0
BRDA:602,56,1,0
BRDA:613,57,0,0
BRDA:613,57,1,0
BRDA:615,58,0,0
BRDA:615,58,1,0
BRDA:633,59,0,0
BRDA:650,60,0,0
BRDA:672,61,0,0
BRDA:686,62,0,0
BRDA:701,63,0,0
BRDA:735,64,0,0
BRDA:740,65,0,0
BRDA:761,66,0,0
BRDA:785,67,0,0
BRDA:829,68,0,0
BRDA:829,69,0,0
BRDA:829,69,1,0
BRDA:829,69,2,0
BRDA:829,69,3,0
BRF:137
BRH:0
end_of_record
TN:
SF:src/classes/debugWindowBase.ts
FN:66,(anonymous_10)
FN:73,(anonymous_11)
FN:80,(anonymous_12)
FN:88,(anonymous_13)
FN:104,(anonymous_14)
FN:151,(anonymous_15)
FN:161,(anonymous_16)
FN:169,(anonymous_17)
FN:174,(anonymous_18)
FN:179,(anonymous_19)
FN:208,(anonymous_20)
FN:216,(anonymous_21)
FN:255,(anonymous_22)
FN:323,(anonymous_23)
FN:365,(anonymous_24)
FN:479,(anonymous_25)
FN:637,(anonymous_26)
FN:673,(anonymous_27)
FN:690,(anonymous_28)
FN:704,(anonymous_29)
FN:718,(anonymous_30)
FN:737,(anonymous_31)
FN:821,(anonymous_32)
FN:825,(anonymous_33)
FN:835,(anonymous_34)
FN:865,(anonymous_35)
FN:880,(anonymous_36)
FN:888,(anonymous_37)
FN:889,(anonymous_38)
FN:891,(anonymous_39)
FN:903,(anonymous_40)
FN:917,(anonymous_41)
FN:921,(anonymous_42)
FNF:33
FNH:0
FNDA:0,(anonymous_10)
FNDA:0,(anonymous_11)
FNDA:0,(anonymous_12)
FNDA:0,(anonymous_13)
FNDA:0,(anonymous_14)
FNDA:0,(anonymous_15)
FNDA:0,(anonymous_16)
FNDA:0,(anonymous_17)
FNDA:0,(anonymous_18)
FNDA:0,(anonymous_19)
FNDA:0,(anonymous_20)
FNDA:0,(anonymous_21)
FNDA:0,(anonymous_22)
FNDA:0,(anonymous_23)
FNDA:0,(anonymous_24)
FNDA:0,(anonymous_25)
FNDA:0,(anonymous_26)
FNDA:0,(anonymous_27)
FNDA:0,(anonymous_28)
FNDA:0,(anonymous_29)
FNDA:0,(anonymous_30)
FNDA:0,(anonymous_31)
FNDA:0,(anonymous_32)
FNDA:0,(anonymous_33)
FNDA:0,(anonymous_34)
FNDA:0,(anonymous_35)
FNDA:0,(anonymous_36)
FNDA:0,(anonymous_37)
FNDA:0,(anonymous_38)
FNDA:0,(anonymous_39)
FNDA:0,(anonymous_40)
FNDA:0,(anonymous_41)
FNDA:0,(anonymous_42)
DA:9,0
DA:10,0
DA:11,0
DA:12,0
DA:14,0
DA:16,0
DA:17,0
DA:66,0
DA:67,0
DA:68,0
DA:69,0
DA:70,0
DA:73,0
DA:74,0
DA:75,0
DA:76,0
DA:77,0
DA:80,0
DA:81,0
DA:82,0
DA:83,0
DA:84,0
DA:85,0
DA:88,0
DA:89,0
DA:90,0
DA:91,0
DA:92,0
DA:93,0
DA:94,0
DA:95,0
DA:96,0
DA:97,0
DA:98,0
DA:99,0
DA:100,0
DA:101,0
DA:104,0
DA:105,0
DA:106,0
DA:107,0
DA:108,0
DA:141,0
DA:143,0
DA:144,0
DA:145,0
DA:146,0
DA:148,0
DA:149,0
DA:152,0
DA:153,0
DA:154,0
DA:162,0
DA:163,0
DA:164,0
DA:165,0
DA:166,0
DA:170,0
DA:171,0
DA:175,0
DA:180,0
DA:181,0
DA:182,0
DA:186,0
DA:188,0
DA:190,0
DA:191,0
DA:192,0
DA:195,0
DA:196,0
DA:197,0
DA:198,0
DA:199,0
DA:200,0
DA:201,0
DA:203,0
DA:209,0
DA:217,0
DA:218,0
DA:221,0
DA:236,0
DA:237,0
DA:238,0
DA:239,0
DA:243,0
DA:245,0
DA:247,0
DA:248,0
DA:252,0
DA:269,0
DA:270,0
DA:272,0
DA:273,0
DA:275,0
DA:276,0
DA:278,0
DA:279,0
DA:281,0
DA:282,0
DA:284,0
DA:286,0
DA:287,0
DA:289,0
DA:290,0
DA:292,0
DA:293,0
DA:295,0
DA:296,0
DA:298,0
DA:299,0
DA:300,0
DA:302,0
DA:303,0
DA:305,0
DA:306,0
DA:308,0
DA:309,0
DA:311,0
DA:312,0
DA:314,0
DA:315,0
DA:318,0
DA:319,0
DA:320,0
DA:325,0
DA:333,0
DA:334,0
DA:335,0
DA:336,0
DA:337,0
DA:338,0
DA:339,0
DA:341,0
DA:342,0
DA:344,0
DA:345,0
DA:347,0
DA:348,0
DA:350,0
DA:351,0
DA:353,0
DA:354,0
DA:357,0
DA:359,0
DA:366,0
DA:367,0
DA:369,0
DA:370,0
DA:372,0
DA:373,0
DA:375,0
DA:376,0
DA:378,0
DA:379,0
DA:381,0
DA:481,0
DA:482,0
DA:485,0
DA:487,0
DA:489,0
DA:492,0
DA:638,0
DA:639,0
DA:643,0
DA:645,0
DA:646,0
DA:647,0
DA:650,0
DA:651,0
DA:652,0
DA:655,0
DA:656,0
DA:657,0
DA:660,0
DA:661,0
DA:662,0
DA:665,0
DA:666,0
DA:667,0
DA:669,0
DA:670,0
DA:674,0
DA:675,0
DA:676,0
DA:677,0
DA:678,0
DA:679,0
DA:680,0
DA:681,0
DA:682,0
DA:684,0
DA:686,0
DA:692,0
DA:693,0
DA:694,0
DA:698,0
DA:701,0
DA:706,0
DA:707,0
DA:709,0
DA:719,0
DA:720,0
DA:722,0
DA:723,0
DA:738,0
DA:739,0
DA:741,0
DA:743,0
DA:745,0
DA:814,0
DA:822,0
DA:825,0
DA:826,0
DA:827,0
DA:830,0
DA:831,0
DA:832,0
DA:833,0
DA:835,0
DA:836,0
DA:841,0
DA:844,0
DA:847,0
DA:854,0
DA:855,0
DA:856,0
DA:867,0
DA:882,0
DA:889,0
DA:890,0
DA:891,0
DA:892,0
DA:893,0
DA:896,0
DA:897,0
DA:898,0
DA:905,0
DA:906,0
DA:907,0
DA:909,0
DA:910,0
DA:912,0
DA:918,0
DA:922,0
DA:924,0
DA:925,0
LF:246
LH:0
BRDA:66,0,0,0
BRDA:66,0,1,0
BRDA:73,1,0,0
BRDA:73,1,1,0
BRDA:80,2,0,0
BRDA:80,2,1,0
BRDA:88,3,0,0
BRDA:88,3,1,0
BRDA:104,4,0,0
BRDA:104,4,1,0
BRDA:180,5,0,0
BRDA:180,5,1,0
BRDA:190,6,0,0
BRDA:195,7,0,0
BRDA:195,8,0,0
BRDA:195,8,1,0
BRDA:237,9,0,0
BRDA:237,9,1,0
BRDA:245,10,0,0
BRDA:259,11,0,0
BRDA:260,12,0,0
BRDA:270,13,0,0
BRDA:270,13,1,0
BRDA:270,13,2,0
BRDA:270,13,3,0
BRDA:284,14,0,0
BRDA:284,14,1,0
BRDA:284,14,2,0
BRDA:284,14,3,0
BRDA:298,15,0,0
BRDA:298,15,1,0
BRDA:299,16,0,0
BRDA:299,16,1,0
BRDA:300,17,0,0
BRDA:300,17,1,0
BRDA:300,17,2,0
BRDA:300,17,3,0
BRDA:300,17,4,0
BRDA:333,18,0,0
BRDA:333,18,1,0
BRDA:339,19,0,0
BRDA:339,19,1,0
BRDA:339,19,2,0
BRDA:339,19,3,0
BRDA:339,19,4,0
BRDA:367,20,0,0
BRDA:367,20,1,0
BRDA:367,20,2,0
BRDA:367,20,3,0
BRDA:487,21,0,0
BRDA:645,22,0,0
BRDA:645,23,0,0
BRDA:645,23,1,0
BRDA:650,24,0,0
BRDA:650,25,0,0
BRDA:650,25,1,0
BRDA:655,26,0,0
BRDA:655,27,0,0
BRDA:655,27,1,0
BRDA:660,28,0,0
BRDA:665,29,0,0
BRDA:674,30,0,0
BRDA:693,31,0,0
BRDA:694,32,0,0
BRDA:695,33,0,0
BRDA:695,33,1,0
BRDA:695,33,2,0
BRDA:695,33,3,0
BRDA:706,34,0,0
BRDA:706,34,1,0
BRDA:722,35,0,0
BRDA:741,36,0,0
BRDA:822,37,0,0
BRDA:826,38,0,0
BRDA:826,38,1,0
BRDA:830,39,0,0
BRDA:832,40,0,0
BRDA:854,41,0,0
BRDA:921,42,0,0
BRDA:922,43,0,0
BRDA:924,44,0,0
BRDA:924,44,1,0
BRF:82
BRH:0
end_of_record
TN:
SF:src/classes/downloader.ts
FN:17,(anonymous_0)
FN:22,(anonymous_1)
FN:99,(anonymous_2)
FN:151,(anonymous_3)
FN:168,(anonymous_4)
FNF:5
FNH:0
FNDA:0,(anonymous_0)
FNDA:0,(anonymous_1)
FNDA:0,(anonymous_2)
FNDA:0,(anonymous_3)
FNDA:0,(anonymous_4)
DA:8,0
DA:9,0
DA:12,0
DA:14,0
DA:18,0
DA:19,0
DA:23,0
DA:24,0
DA:25,0
DA:27,0
DA:28,0
DA:29,0
DA:30,0
DA:31,0
DA:32,0
DA:33,0
DA:53,0
DA:54,0
DA:55,0
DA:56,0
DA:57,0
DA:62,0
DA:66,0
DA:67,0
DA:68,0
DA:71,0
DA:74,0
DA:75,0
DA:78,0
DA:79,0
DA:80,0
DA:82,0
DA:83,0
DA:84,0
DA:87,0
DA:90,0
DA:91,0
DA:101,0
DA:103,0
DA:104,0
DA:115,0
DA:117,0
DA:118,0
DA:120,0
DA:121,0
DA:122,0
DA:123,0
DA:124,0
DA:126,0
DA:127,0
DA:129,0
DA:130,0
DA:131,0
DA:144,0
DA:146,0
DA:148,0
DA:152,0
DA:153,0
DA:154,0
DA:156,0
DA:158,0
DA:159,0
DA:160,0
DA:162,0
DA:163,0
DA:169,0
DA:171,0
LF:67
LH:0
BRDA:24,0,0,0
BRDA:24,0,1,0
BRDA:25,1,0,0
BRDA:30,2,0,0
BRDA:56,3,0,0
BRDA:56,3,1,0
BRDA:67,4,0,0
BRDA:67,4,1,0
BRDA:74,5,0,0
BRDA:78,6,0,0
BRDA:83,7,0,0
BRDA:83,7,1,0
BRDA:90,8,0,0
BRDA:154,9,0,0
BRDA:169,10,0,0
BRF:15
BRH:0
end_of_record
TN:
SF:src/classes/logger.ts
FN:9,(anonymous_0)
FN:14,(anonymous_1)
FN:18,(anonymous_2)
FN:23,(anonymous_3)
FN:28,(anonymous_4)
FN:33,(anonymous_5)
FN:46,(anonymous_6)
FN:56,(anonymous_7)
FN:66,(anonymous_8)
FN:70,(anonymous_9)
FN:75,(anonymous_10)
FN:79,(anonymous_11)
FN:84,(anonymous_12)
FN:95,(anonymous_13)
FN:104,(anonymous_14)
FNF:15
FNH:0
FNDA:0,(anonymous_0)
FNDA:0,(anonymous_1)
FNDA:0,(anonymous_2)
FNDA:0,(anonymous_3)
FNDA:0,(anonymous_4)
FNDA:0,(anonymous_5)
FNDA:0,(anonymous_6)
FNDA:0,(anonymous_7)
FNDA:0,(anonymous_8)
FNDA:0,(anonymous_9)
FNDA:0,(anonymous_10)
FNDA:0,(anonymous_11)
FNDA:0,(anonymous_12)
FNDA:0,(anonymous_13)
FNDA:0,(anonymous_14)
DA:9,0
DA:10,0
DA:11,0
DA:12,0
DA:15,0
DA:19,0
DA:20,0
DA:24,0
DA:25,0
DA:29,0
DA:30,0
DA:34,0
DA:35,0
DA:37,0
DA:38,0
DA:39,0
DA:43,0
DA:47,0
DA:48,0
DA:49,0
DA:51,0
DA:57,0
DA:58,0
DA:59,0
DA:61,0
DA:67,0
DA:71,0
DA:72,0
DA:76,0
DA:81,0
DA:86,0
DA:96,0
DA:105,0
DA:106,0
DA:108,0
LF:35
LH:0
BRDA:33,0,0,0
BRDA:34,1,0,0
BRDA:37,2,0,0
BRDA:37,2,1,0
BRDA:38,3,0,0
BRDA:47,4,0,0
BRDA:48,5,0,0
BRDA:48,5,1,0
BRDA:57,6,0,0
BRDA:58,7,0,0
BRDA:58,7,1,0
BRDA:105,8,0,0
BRF:12
BRH:0
end_of_record
TN:
SF:src/classes/mainWindow.ts
FN:69,(anonymous_10)
FN:90,(anonymous_11)
FN:97,(anonymous_12)
FN:102,(anonymous_13)
FN:109,(anonymous_14)
FN:117,(anonymous_15)
FN:122,(anonymous_16)
FN:130,(anonymous_17)
FN:143,(anonymous_18)
FN:151,(anonymous_19)
FN:164,(anonymous_20)
FN:168,(anonymous_21)
FN:177,(anonymous_22)
FN:181,(anonymous_23)
FN:210,(anonymous_24)
FN:213,(anonymous_25)
FN:220,(anonymous_26)
FN:225,(anonymous_27)
FN:354,(anonymous_28)
FN:357,(anonymous_29)
FN:361,(anonymous_30)
FN:368,(anonymous_31)
FN:383,(anonymous_32)
FN:419,(anonymous_33)
FN:565,(anonymous_34)
FN:578,(anonymous_35)
FN:591,(anonymous_36)
FN:598,(anonymous_37)
FN:604,(anonymous_38)
FN:607,(anonymous_39)
FN:612,(anonymous_40)
FN:624,(anonymous_41)
FN:633,(anonymous_42)
FN:640,(anonymous_43)
FN:655,(anonymous_44)
FN:672,(anonymous_45)
FN:685,(anonymous_46)
FN:692,(anonymous_47)
FN:699,(anonymous_48)
FN:707,(anonymous_49)
FN:717,(anonymous_50)
FN:725,(anonymous_51)
FN:729,(anonymous_52)
FN:743,(anonymous_53)
FN:763,(anonymous_54)
FN:776,(anonymous_55)
FN:793,(anonymous_56)
FN:831,(anonymous_57)
FN:899,(anonymous_58)
FN:919,(anonymous_59)
FN:934,(anonymous_60)
FN:959,(anonymous_61)
FN:1050,(anonymous_62)
FN:1070,(anonymous_63)
FN:1071,(anonymous_64)
FN:1080,(anonymous_65)
FNF:56
FNH:0
FNDA:0,(anonymous_10)
FNDA:0,(anonymous_11)
FNDA:0,(anonymous_12)
FNDA:0,(anonymous_13)
FNDA:0,(anonymous_14)
FNDA:0,(anonymous_15)
FNDA:0,(anonymous_16)
FNDA:0,(anonymous_17)
FNDA:0,(anonymous_18)
FNDA:0,(anonymous_19)
FNDA:0,(anonymous_20)
FNDA:0,(anonymous_21)
FNDA:0,(anonymous_22)
FNDA:0,(anonymous_23)
FNDA:0,(anonymous_24)
FNDA:0,(anonymous_25)
FNDA:0,(anonymous_26)
FNDA:0,(anonymous_27)
FNDA:0,(anonymous_28)
FNDA:0,(anonymous_29)
FNDA:0,(anonymous_30)
FNDA:0,(anonymous_31)
FNDA:0,(anonymous_32)
FNDA:0,(anonymous_33)
FNDA:0,(anonymous_34)
FNDA:0,(anonymous_35)
FNDA:0,(anonymous_36)
FNDA:0,(anonymous_37)
FNDA:0,(anonymous_38)
FNDA:0,(anonymous_39)
FNDA:0,(anonymous_40)
FNDA:0,(anonymous_41)
FNDA:0,(anonymous_42)
FNDA:0,(anonymous_43)
FNDA:0,(anonymous_44)
FNDA:0,(anonymous_45)
FNDA:0,(anonymous_46)
FNDA:0,(anonymous_47)
FNDA:0,(anonymous_48)
FNDA:0,(anonymous_49)
FNDA:0,(anonymous_50)
FNDA:0,(anonymous_51)
FNDA:0,(anonymous_52)
FNDA:0,(anonymous_53)
FNDA:0,(anonymous_54)
FNDA:0,(anonymous_55)
FNDA:0,(anonymous_56)
FNDA:0,(anonymous_57)
FNDA:0,(anonymous_58)
FNDA:0,(anonymous_59)
FNDA:0,(anonymous_60)
FNDA:0,(anonymous_61)
FNDA:0,(anonymous_62)
FNDA:0,(anonymous_63)
FNDA:0,(anonymous_64)
FNDA:0,(anonymous_65)
DA:9,0
DA:10,0
DA:12,0
DA:13,0
DA:14,0
DA:15,0
DA:16,0
DA:18,0
DA:19,0
DA:20,0
DA:21,0
DA:22,0
DA:38,0
DA:39,0
DA:41,0
DA:42,0
DA:43,0
DA:44,0
DA:45,0
DA:46,0
DA:47,0
DA:48,0
DA:49,0
DA:50,0
DA:51,0
DA:57,0
DA:58,0
DA:59,0
DA:60,0
DA:61,0
DA:62,0
DA:70,0
DA:71,0
DA:72,0
DA:73,0
DA:75,0
DA:76,0
DA:91,0
DA:93,0
DA:95,0
DA:97,0
DA:98,0
DA:99,0
DA:102,0
DA:103,0
DA:104,0
DA:106,0
DA:109,0
DA:110,0
DA:111,0
DA:112,0
DA:119,0
DA:124,0
DA:125,0
DA:127,0
DA:132,0
DA:133,0
DA:134,0
DA:135,0
DA:136,0
DA:144,0
DA:145,0
DA:152,0
DA:153,0
DA:154,0
DA:155,0
DA:157,0
DA:159,0
DA:160,0
DA:162,0
DA:163,0
DA:164,0
DA:170,0
DA:171,0
DA:172,0
DA:173,0
DA:174,0
DA:178,0
DA:182,0
DA:183,0
DA:184,0
DA:185,0
DA:186,0
DA:187,0
DA:189,0
DA:190,0
DA:191,0
DA:192,0
DA:194,0
DA:195,0
DA:199,0
DA:203,0
DA:204,0
DA:205,0
DA:206,0
DA:207,0
DA:208,0
DA:213,0
DA:214,0
DA:215,0
DA:216,0
DA:217,0
DA:219,0
DA:220,0
DA:221,0
DA:223,0
DA:225,0
DA:226,0
DA:227,0
DA:230,0
DA:232,0
DA:233,0
DA:236,0
DA:237,0
DA:238,0
DA:240,0
DA:242,0
DA:244,0
DA:245,0
DA:248,0
DA:249,0
DA:253,0
DA:254,0
DA:255,0
DA:257,0
DA:259,0
DA:261,0
DA:262,0
DA:265,0
DA:266,0
DA:270,0
DA:271,0
DA:272,0
DA:274,0
DA:276,0
DA:278,0
DA:279,0
DA:282,0
DA:283,0
DA:287,0
DA:288,0
DA:289,0
DA:291,0
DA:293,0
DA:295,0
DA:296,0
DA:299,0
DA:300,0
DA:304,0
DA:305,0
DA:306,0
DA:308,0
DA:310,0
DA:312,0
DA:313,0
DA:316,0
DA:317,0
DA:321,0
DA:322,0
DA:323,0
DA:326,0
DA:327,0
DA:328,0
DA:330,0
DA:331,0
DA:334,0
DA:335,0
DA:336,0
DA:339,0
DA:340,0
DA:343,0
DA:344,0
DA:346,0
DA:347,0
DA:348,0
DA:355,0
DA:357,0
DA:358,0
DA:359,0
DA:361,0
DA:362,0
DA:365,0
DA:369,0
DA:371,0
DA:372,0
DA:373,0
DA:375,0
DA:377,0
DA:384,0
DA:385,0
DA:388,0
DA:389,0
DA:392,0
DA:393,0
DA:403,0
DA:405,0
DA:408,0
DA:409,0
DA:411,0
DA:412,0
DA:414,0
DA:420,0
DA:421,0
DA:423,0
DA:425,0
DA:436,0
DA:437,0
DA:438,0
DA:439,0
DA:442,0
DA:554,0
DA:557,0
DA:559,0
DA:567,0
DA:579,0
DA:580,0
DA:581,0
DA:592,0
DA:599,0
DA:600,0
DA:602,0
DA:603,0
DA:605,0
DA:608,0
DA:613,0
DA:625,0
DA:626,0
DA:634,0
DA:635,0
DA:638,0
DA:641,0
DA:649,0
DA:650,0
DA:652,0
DA:655,0
DA:657,0
DA:658,0
DA:659,0
DA:660,0
DA:661,0
DA:663,0
DA:666,0
DA:668,0
DA:669,0
DA:672,0
DA:673,0
DA:674,0
DA:675,0
DA:676,0
DA:677,0
DA:681,0
DA:682,0
DA:685,0
DA:686,0
DA:687,0
DA:692,0
DA:693,0
DA:694,0
DA:696,0
DA:699,0
DA:700,0
DA:701,0
DA:702,0
DA:709,0
DA:711,0
DA:713,0
DA:714,0
DA:716,0
DA:717,0
DA:718,0
DA:719,0
DA:720,0
DA:722,0
DA:726,0
DA:730,0
DA:731,0
DA:732,0
DA:734,0
DA:735,0
DA:736,0
DA:737,0
DA:738,0
DA:740,0
DA:744,0
DA:745,0
DA:747,0
DA:758,0
DA:764,0
DA:765,0
DA:767,0
DA:771,0
DA:777,0
DA:778,0
DA:779,0
DA:788,0
DA:798,0
DA:799,0
DA:800,0
DA:801,0
DA:802,0
DA:819,0
DA:820,0
DA:822,0
DA:825,0
DA:827,0
DA:828,0
DA:832,0
DA:833,0
DA:835,0
DA:838,0
DA:849,0
DA:900,0
DA:901,0
DA:912,0
DA:913,0
DA:917,0
DA:920,0
DA:921,0
DA:922,0
DA:923,0
DA:927,0
DA:928,0
DA:932,0
DA:935,0
DA:959,0
DA:960,0
DA:962,0
DA:963,0
DA:968,0
DA:969,0
DA:970,0
DA:971,0
DA:972,0
DA:973,0
DA:975,0
DA:977,0
DA:978,0
DA:979,0
DA:983,0
DA:986,0
DA:989,0
DA:990,0
DA:991,0
DA:994,0
DA:997,0
DA:1000,0
DA:1003,0
DA:1006,0
DA:1009,0
DA:1012,0
DA:1015,0
DA:1018,0
DA:1021,0
DA:1024,0
DA:1027,0
DA:1028,0
DA:1031,0
DA:1032,0
DA:1036,0
DA:1038,0
DA:1043,0
DA:1045,0
DA:1046,0
DA:1051,0
DA:1052,0
DA:1054,0
DA:1071,0
DA:1072,0
DA:1073,0
DA:1081,0
DA:1083,0
LF:371
LH:0
BRDA:72,0,0,0
BRDA:93,1,0,0
BRDA:103,2,0,0
BRDA:110,3,0,0
BRDA:119,4,0,0
BRDA:119,4,1,0
BRDA:124,5,0,0
BRDA:124,5,1,0
BRDA:133,6,0,0
BRDA:144,7,0,0
BRDA:159,8,0,0
BRDA:162,9,0,0
BRDA:182,10,0,0
BRDA:185,11,0,0
BRDA:187,12,0,0
BRDA:187,12,1,0
BRDA:187,13,0,0
BRDA:187,13,1,0
BRDA:190,14,0,0
BRDA:190,15,0,0
BRDA:190,15,1,0
BRDA:191,16,0,0
BRDA:194,17,0,0
BRDA:217,18,0,0
BRDA:221,19,0,0
BRDA:230,20,0,0
BRDA:233,21,0,0
BRDA:233,21,1,0
BRDA:233,21,2,0
BRDA:233,21,3,0
BRDA:233,21,4,0
BRDA:233,21,5,0
BRDA:233,21,6,0
BRDA:238,22,0,0
BRDA:238,22,1,0
BRDA:244,23,0,0
BRDA:255,24,0,0
BRDA:255,24,1,0
BRDA:261,25,0,0
BRDA:272,26,0,0
BRDA:272,26,1,0
BRDA:278,27,0,0
BRDA:289,28,0,0
BRDA:289,28,1,0
BRDA:295,29,0,0
BRDA:306,30,0,0
BRDA:306,30,1,0
BRDA:312,31,0,0
BRDA:322,32,0,0
BRDA:330,33,0,0
BRDA:343,34,0,0
BRDA:346,35,0,0
BRDA:346,36,0,0
BRDA:346,36,1,0
BRDA:347,37,0,0
BRDA:403,38,0,0
BRDA:403,38,1,0
BRDA:405,39,0,0
BRDA:405,39,1,0
BRDA:599,40,0,0
BRDA:599,41,0,0
BRDA:599,41,1,0
BRDA:659,42,0,0
BRDA:659,42,1,0
BRDA:668,43,0,0
BRDA:675,44,0,0
BRDA:675,45,0,0
BRDA:675,45,1,0
BRDA:681,46,0,0
BRDA:693,47,0,0
BRDA:731,48,0,0
BRDA:731,48,1,0
BRDA:744,49,0,0
BRDA:764,50,0,0
BRDA:777,51,0,0
BRDA:777,52,0,0
BRDA:777,52,1,0
BRDA:795,53,0,0
BRDA:796,54,0,0
BRDA:800,55,0,0
BRDA:800,55,1,0
BRDA:832,56,0,0
BRDA:900,57,0,0
BRDA:912,58,0,0
BRDA:920,59,0,0
BRDA:922,60,0,0
BRDA:922,61,0,0
BRDA:922,61,1,0
BRDA:927,62,0,0
BRDA:935,63,0,0
BRDA:935,64,0,0
BRDA:935,64,1,0
BRDA:935,64,2,0
BRDA:960,65,0,0
BRDA:960,65,1,0
BRDA:975,66,0,0
BRDA:975,66,1,0
BRDA:975,67,0,0
BRDA:975,67,1,0
BRDA:977,68,0,0
BRDA:983,69,0,0
BRDA:983,69,1,0
BRDA:983,69,2,0
BRDA:983,69,3,0
BRDA:983,69,4,0
BRDA:983,69,5,0
BRDA:983,69,6,0
BRDA:983,69,7,0
BRDA:983,69,8,0
BRDA:983,69,9,0
BRDA:983,69,10,0
BRDA:983,69,11,0
BRDA:983,69,12,0
BRDA:983,69,13,0
BRDA:983,69,14,0
BRDA:1051,70,0,0
BRDA:1051,71,0,0
BRDA:1051,71,1,0
BRDA:1051,71,2,0
BRDA:1072,72,0,0
BRDA:1081,73,0,0
BRF:121
BRH:0
end_of_record
TN:
SF:src/classes/shared/canvasRenderer.ts
FN:18,(anonymous_0)
FN:45,(anonymous_1)
FN:69,(anonymous_2)
FN:108,(anonymous_3)
FN:128,(anonymous_4)
FN:152,(anonymous_5)
FN:175,(anonymous_6)
FN:191,(anonymous_7)
FN:206,(anonymous_8)
FN:225,(anonymous_9)
FN:244,(anonymous_10)
FN:253,(anonymous_11)
FN:279,(anonymous_12)
FN:306,(anonymous_13)
FN:333,(anonymous_14)
FN:342,(anonymous_15)
FN:374,(anonymous_16)
FN:410,(anonymous_17)
FN:442,(anonymous_18)
FN:493,(anonymous_19)
FN:501,(anonymous_20)
FN:516,(anonymous_21)
FN:530,(anonymous_22)
FN:547,(anonymous_23)
FN:576,(anonymous_24)
FN:612,(anonymous_25)
FN:646,(anonymous_26)
FN:681,(anonymous_27)
FN:717,(anonymous_28)
FN:756,(anonymous_29)
FN:790,(anonymous_30)
FN:821,(anonymous_31)
FN:844,(anonymous_32)
FN:914,(anonymous_33)
FN:950,(anonymous_34)
FN:984,(anonymous_35)
FN:1025,(anonymous_36)
FN:1051,(anonymous_37)
FN:1082,(anonymous_38)
FN:1129,(anonymous_39)
FN:1176,(anonymous_40)
FN:1197,(anonymous_41)
FN:1206,(anonymous_42)
FNF:43
FNH:0
FNDA:0,(anonymous_0)
FNDA:0,(anonymous_1)
FNDA:0,(anonymous_2)
FNDA:0,(anonymous_3)
FNDA:0,(anonymous_4)
FNDA:0,(anonymous_5)
FNDA:0,(anonymous_6)
FNDA:0,(anonymous_7)
FNDA:0,(anonymous_8)
FNDA:0,(anonymous_9)
FNDA:0,(anonymous_10)
FNDA:0,(anonymous_11)
FNDA:0,(anonymous_12)
FNDA:0,(anonymous_13)
FNDA:0,(anonymous_14)
FNDA:0,(anonymous_15)
FNDA:0,(anonymous_16)
FNDA:0,(anonymous_17)
FNDA:0,(anonymous_18)
FNDA:0,(anonymous_19)
FNDA:0,(anonymous_20)
FNDA:0,(anonymous_21)
FNDA:0,(anonymous_22)
FNDA:0,(anonymous_23)
FNDA:0,(anonymous_24)
FNDA:0,(anonymous_25)
FNDA:0,(anonymous_26)
FNDA:0,(anonymous_27)
FNDA:0,(anonymous_28)
FNDA:0,(anonymous_29)
FNDA:0,(anonymous_30)
FNDA:0,(anonymous_31)
FNDA:0,(anonymous_32)
FNDA:0,(anonymous_33)
FNDA:0,(anonymous_34)
FNDA:0,(anonymous_35)
FNDA:0,(anonymous_36)
FNDA:0,(anonymous_37)
FNDA:0,(anonymous_38)
FNDA:0,(anonymous_39)
FNDA:0,(anonymous_40)
FNDA:0,(anonymous_41)
FNDA:0,(anonymous_42)
DA:13,0
[...]
DA:103,22
DA:104,22
DA:105,0
DA:106,0
DA:109,22
DA:110,22
DA:111,0
DA:112,0
DA:116,22
DA:117,1
DA:118,1
DA:121,21
DA:129,32
DA:131,32
DA:132,0
DA:135,32
DA:136,32
DA:137,0
DA:138,0
DA:142,32
DA:143,1
DA:144,1
DA:146,31
DA:147,1
DA:148,1
DA:151,30
DA:159,8
DA:161,8
DA:162,0
DA:165,8
DA:166,8
DA:167,0
DA:168,0
DA:171,8
DA:172,8
DA:173,0
DA:174,0
DA:178,8
DA:179,0
DA:180,0
DA:183,8
DA:191,7
DA:193,7
DA:194,0
DA:197,7
DA:198,7
DA:199,0
DA:200,0
DA:203,7
DA:204,7
DA:205,0
DA:206,0
DA:210,7
DA:211,0
DA:212,0
DA:215,7
DA:223,51
DA:226,51
DA:227,32
DA:231,19
DA:232,0
DA:235,19
DA:236,19
DA:237,0
DA:238,0
DA:242,19
DA:243,1
DA:244,1
DA:247,18
DA:254,126
DA:255,2
DA:258,124
DA:259,124
DA:262,124
DA:264,31
DA:265,26
DA:267,93
DA:269,13
DA:270,10
DA:272,80
DA:274,15
DA:275,11
DA:277,65
DA:279,24
DA:280,24
DA:282,41
DA:283,36
DA:286,17
DA:293,8
DA:300,103
DA:301,3
DA:304,100
DA:305,100
DA:307,100
DA:309,22
DA:312,32
DA:313,32
DA:315,8
DA:317,7
DA:319,19
DA:321,12
DA:322,12
DA:330,30
DA:331,30
DA:332,0
DA:336,30
DA:337,3
DA:338,3
DA:342,27
DA:343,4
DA:344,4
DA:347,23
DA:354,4
DA:362,7
DA:370,8
DA:371,8
DA:372,2
DA:376,6
DA:377,1
DA:378,1
DA:381,5
DA:389,8
DA:390,8
DA:391,1
DA:394,7
DA:395,2
DA:396,2
DA:399,5
DA:407,6
LF:139
LH:113
BRDA:99,0,0,0
BRDA:104,1,0,0
BRDA:110,2,0,0
BRDA:116,3,0,1
BRDA:131,4,0,0
BRDA:136,5,0,0
BRDA:142,6,0,1
BRDA:146,7,0,1
BRDA:161,8,0,0
BRDA:161,9,0,8
BRDA:161,9,1,8
BRDA:166,10,0,0
BRDA:172,11,0,0
BRDA:178,12,0,0
BRDA:193,13,0,0
BRDA:198,14,0,0
BRDA:204,15,0,0
BRDA:210,16,0,0
BRDA:226,17,0,32
BRDA:226,18,0,51
BRDA:226,18,1,39
BRDA:231,19,0,0
BRDA:236,20,0,0
BRDA:242,21,0,1
BRDA:244,22,0,1
BRDA:244,22,1,0
BRDA:254,23,0,2
BRDA:254,24,0,126
BRDA:254,24,1,124
BRDA:262,25,0,31
BRDA:262,25,1,93
BRDA:264,26,0,26
BRDA:264,27,0,31
BRDA:264,27,1,29
BRDA:267,28,0,13
BRDA:267,28,1,80
BRDA:269,29,0,10
BRDA:269,30,0,13
BRDA:269,30,1,12
BRDA:272,31,0,15
BRDA:272,31,1,65
BRDA:274,32,0,11
BRDA:274,33,0,15
BRDA:274,33,1,13
BRDA:277,34,0,24
BRDA:277,34,1,41
BRDA:277,35,0,65
BRDA:277,35,1,49
BRDA:279,36,0,24
BRDA:282,37,0,36
BRDA:300,38,0,3
BRDA:300,39,0,103
BRDA:300,39,1,102
BRDA:307,40,0,22
BRDA:307,40,1,32
BRDA:307,40,2,8
BRDA:307,40,3,7
BRDA:307,40,4,19
BRDA:307,40,5,12
BRDA:313,41,0,0
BRDA:313,41,1,32
BRDA:329,42,0,6
BRDA:331,43,0,0
BRDA:336,44,0,3
BRDA:342,45,0,4
BRDA:342,46,0,27
BRDA:342,46,1,21
BRDA:371,47,0,2
BRDA:376,48,0,1
BRDA:390,49,0,1
BRDA:394,50,0,2
BRF:71
BRH:53
end_of_record
TN:
SF:src/classes/shared/spriteManager.ts
FN:18,(anonymous_0)
FN:32,(anonymous_1)
FN:81,(anonymous_2)
FN:196,(anonymous_3)
FN:205,(anonymous_4)
FN:214,(anonymous_5)
FN:226,(anonymous_6)
FNF:7
FNH:0
FNDA:0,(anonymous_0)
FNDA:0,(anonymous_1)
FNDA:0,(anonymous_2)
FNDA:0,(anonymous_3)
FNDA:0,(anonymous_4)
FNDA:0,(anonymous_5)
FNDA:0,(anonymous_6)
DA:14,0
DA:16,0
DA:20,0
DA:34,0
DA:35,0
DA:39,0
DA:40,0
DA:44,0
DA:45,0
DA:46,0
DA:50,0
DA:51,0
DA:55,0
DA:56,0
DA:57,0
DA:62,0
DA:91,0
DA:92,0
DA:96,0
DA:97,0
DA:98,0
DA:102,0
DA:103,0
DA:107,0
DA:108,0
DA:112,0
DA:115,0
DA:117,0
DA:119,0
DA:131,0
DA:132,0
DA:134,0
DA:135,0
DA:138,0
DA:139,0
DA:142,0
DA:145,0
DA:146,0
DA:149,0
DA:150,0
DA:151,0
DA:152,0
DA:156,0
DA:157,0
DA:160,0
DA:161,0
DA:162,0
DA:163,0
DA:164,0
DA:167,0
DA:168,0
DA:169,0
DA:172,0
DA:173,0
DA:174,0
DA:175,0
DA:176,0
DA:181,0
DA:184,0
DA:188,0
DA:197,0
DA:198,0
DA:206,0
DA:215,0
DA:216,0
DA:218,0
DA:227,0
DA:228,0
DA:231,0
DA:232,0
DA:233,0
DA:236,0
LF:72
LH:0
BRDA:34,0,0,0
BRDA:34,1,0,0
BRDA:34,1,1,0
BRDA:39,2,0,0
BRDA:39,3,0,0
BRDA:39,3,1,0
BRDA:45,4,0,0
BRDA:50,5,0,0
BRDA:56,6,0,0
BRDA:56,7,0,0
BRDA:56,7,1,0
BRDA:86,8,0,0
BRDA:87,9,0,0
BRDA:88,10,0,0
BRDA:91,11,0,0
BRDA:91,12,0,0
BRDA:91,12,1,0
BRDA:97,13,0,0
BRDA:102,14,0,0
BRDA:102,15,0,0
BRDA:102,15,1,0
BRDA:107,16,0,0
BRDA:134,17,0,0
BRDA:151,18,0,0
BRDA:197,19,0,0
BRDA:197,20,0,0
BRDA:197,20,1,0
BRDA:215,21,0,0
BRDA:215,22,0,0
BRDA:215,22,1,0
BRDA:227,23,0,0
BRDA:227,24,0,0
BRDA:227,24,1,0
BRDA:232,25,0,0
BRF:34
BRH:0
end_of_record
TN:
SF:src/classes/shared/tracePatternProcessor.ts
FN:69,(anonymous_0)
FN:83,(anonymous_1)
FN:94,(anonymous_2)
FN:117,(anonymous_3)
FN:165,(anonymous_4)
FN:174,(anonymous_5)
FN:184,(anonymous_6)
FN:191,(anonymous_7)
FN:198,(anonymous_8)
FN:327,(anonymous_9)
FN:336,(anonymous_10)
FNF:11
FNH:0
FNDA:0,(anonymous_0)
FNDA:0,(anonymous_1)
FNDA:0,(anonymous_2)
FNDA:0,(anonymous_3)
FNDA:0,(anonymous_4)
FNDA:0,(anonymous_5)
FNDA:0,(anonymous_6)
FNDA:0,(anonymous_7)
FNDA:0,(anonymous_8)
FNDA:0,(anonymous_9)
FNDA:0,(anonymous_10)
DA:65,0
DA:67,0
DA:70,0
DA:84,0
DA:85,0
DA:88,0
DA:95,0
DA:98,0
DA:101,0
DA:103,0
DA:106,0
DA:107,0
DA:111,0
DA:118,0
DA:120,0
DA:121,0
DA:122,0
DA:125,0
DA:126,0
DA:127,0
DA:130,0
DA:131,0
DA:132,0
DA:135,0
DA:136,0
DA:137,0
DA:140,0
DA:141,0
DA:142,0
DA:145,0
DA:146,0
DA:147,0
DA:150,0
DA:151,0
DA:152,0
DA:155,0
DA:156,0
DA:157,0
DA:168,0
DA:175,0
DA:176,0
DA:178,0
DA:185,0
DA:192,0
DA:199,0
DA:201,0
DA:203,0
DA:204,0
DA:206,0
DA:207,0
DA:208,0
DA:209,0
DA:210,0
DA:212,0
DA:215,0
DA:218,0
DA:219,0
DA:221,0
DA:222,0
DA:223,0
DA:224,0
DA:225,0
DA:227,0
DA:230,0
DA:233,0
DA:234,0
DA:236,0
DA:237,0
DA:238,0
DA:239,0
DA:240,0
DA:242,0
DA:245,0
DA:248,0
DA:249,0
DA:251,0
DA:252,0
DA:253,0
DA:254,0
DA:255,0
DA:257,0
DA:260,0
DA:263,0
DA:264,0
DA:266,0
DA:267,0
DA:268,0
DA:269,0
DA:270,0
DA:272,0
DA:275,0
DA:278,0
DA:279,0
DA:281,0
DA:282,0
DA:283,0
DA:284,0
DA:285,0
DA:287,0
DA:290,0
DA:293,0
DA:294,0
DA:296,0
DA:297,0
DA:298,0
DA:299,0
DA:300,0
DA:302,0
DA:305,0
DA:308,0
DA:309,0
DA:311,0
DA:312,0
DA:313,0
DA:314,0
DA:315,0
DA:317,0
DA:320,0
DA:328,0
DA:329,0
DA:337,0
DA:338,0
DA:341,0
DA:342,0
DA:343,0
LF:125
LH:0
BRDA:94,0,0,0
BRDA:101,1,0,0
BRDA:101,1,1,0
BRDA:118,2,0,0
BRDA:118,2,1,0
BRDA:118,2,2,0
BRDA:118,2,3,0
BRDA:118,2,4,0
BRDA:118,2,5,0
BRDA:118,2,6,0
BRDA:118,2,7,0
BRDA:168,3,0,0
BRDA:168,3,1,0
BRDA:201,4,0,0
BRDA:201,4,1,0
BRDA:201,4,2,0
BRDA:201,4,3,0
BRDA:201,4,4,0
BRDA:201,4,5,0
BRDA:201,4,6,0
BRDA:201,4,7,0
BRDA:203,5,0,0
BRDA:203,5,1,0
BRDA:207,6,0,0
BRDA:207,6,1,0
BRDA:209,7,0,0
BRDA:209,7,1,0
BRDA:218,8,0,0
BRDA:218,8,1,0
BRDA:222,9,0,0
BRDA:222,9,1,0
BRDA:224,10,0,0
BRDA:224,10,1,0
BRDA:233,11,0,0
BRDA:233,11,1,0
BRDA:237,12,0,0
BRDA:237,12,1,0
BRDA:239,13,0,0
BRDA:239,13,1,0
BRDA:248,14,0,0
BRDA:248,14,1,0
BRDA:252,15,0,0
BRDA:252,15,1,0
BRDA:254,16,0,0
BRDA:254,16,1,0
BRDA:263,17,0,0
BRDA:263,17,1,0
BRDA:267,18,0,0
BRDA:267,18,1,0
BRDA:269,19,0,0
BRDA:269,19,1,0
BRDA:278,20,0,0
BRDA:278,20,1,0
BRDA:282,21,0,0
BRDA:282,21,1,0
BRDA:284,22,0,0
BRDA:284,22,1,0
BRDA:293,23,0,0
BRDA:293,23,1,0
BRDA:297,24,0,0
BRDA:297,24,1,0
BRDA:299,25,0,0
BRDA:299,25,1,0
BRDA:308,26,0,0
BRDA:308,26,1,0
BRDA:312,27,0,0
BRDA:312,27,1,0
BRDA:314,28,0,0
BRDA:314,28,1,0
BRDA:328,29,0,0
BRDA:337,30,0,0
BRDA:337,30,1,0
BRF:72
BRH:0
end_of_record
TN:
SF:src/classes/shared/triggerProcessor.ts
FN:11,(anonymous_0)
FN:20,(anonymous_1)
FN:31,(anonymous_2)
FN:39,(anonymous_3)
FN:48,(anonymous_4)
FN:59,(anonymous_5)
FN:81,(anonymous_6)
FN:91,(anonymous_7)
FN:129,(anonymous_8)
FN:138,(anonymous_9)
FN:147,(anonymous_10)
FN:161,(anonymous_11)
FN:184,(anonymous_12)
FN:202,(anonymous_13)
FN:241,(anonymous_14)
FNF:15
FNH:0
FNDA:0,(anonymous_0)
FNDA:0,(anonymous_1)
FNDA:0,(anonymous_2)
FNDA:0,(anonymous_3)
FNDA:0,(anonymous_4)
FNDA:0,(anonymous_5)
FNDA:0,(anonymous_6)
FNDA:0,(anonymous_7)
FNDA:0,(anonymous_8)
FNDA:0,(anonymous_9)
FNDA:0,(anonymous_10)
FNDA:0,(anonymous_11)
FNDA:0,(anonymous_12)
FNDA:0,(anonymous_13)
FNDA:0,(anonymous_14)
DA:11,0
DA:12,0
DA:13,0
DA:14,0
DA:21,0
DA:22,0
DA:23,0
DA:25,0
DA:32,0
DA:33,0
DA:40,0
DA:41,0
DA:42,0
DA:49,0
DA:60,0
DA:74,0
DA:83,0
DA:84,0
DA:93,0
DA:94,0
DA:98,0
DA:99,0
DA:103,0
DA:105,0
DA:107,0
DA:109,0
DA:110,0
DA:111,0
DA:113,0
DA:116,0
DA:118,0
DA:121,0
DA:129,0
DA:130,0
DA:131,0
DA:132,0
DA:133,0
DA:139,0
DA:140,0
DA:141,0
DA:148,0
DA:162,0
DA:163,0
DA:164,0
DA:167,0
DA:169,0
DA:171,0
DA:174,0
DA:177,0
DA:178,0
DA:185,0
DA:186,0
DA:189,0
DA:191,0
DA:194,0
DA:204,0
DA:205,0
DA:209,0
DA:210,0
DA:211,0
DA:215,0
DA:216,0
DA:217,0
DA:222,0
DA:223,0
DA:224,0
DA:225,0
DA:226,0
DA:227,0
DA:232,0
DA:235,0
DA:242,0
DA:243,0
LF:73
LH:0
BRDA:21,0,0,0
BRDA:93,1,0,0
BRDA:98,2,0,0
BRDA:105,3,0,0
BRDA:105,4,0,0
BRDA:105,4,1,0
BRDA:107,5,0,0
BRDA:116,6,0,0
BRDA:138,7,0,0
BRDA:162,8,0,0
BRDA:169,9,0,0
BRDA:169,9,1,0
BRDA:171,10,0,0
BRDA:171,10,1,0
BRDA:174,11,0,0
BRDA:174,11,1,0
BRDA:185,12,0,0
BRDA:189,13,0,0
BRDA:189,13,1,0
BRDA:191,14,0,0
BRDA:191,14,1,0
BRDA:194,15,0,0
BRDA:194,15,1,0
BRDA:204,16,0,0
BRDA:209,17,0,0
BRDA:209,18,0,0
BRDA:209,18,1,0
BRDA:215,19,0,0
BRDA:215,20,0,0
BRDA:215,20,1,0
BRDA:216,21,0,0
BRDA:222,22,0,0
BRDA:222,23,0,0
BRDA:222,23,1,0
BRDA:223,24,0,0
BRDA:235,25,0,0
BRDA:235,25,1,0
BRDA:235,25,2,0
BRF:38
BRH:0
end_of_record
TN:
SF:src/utils/context.ts
FN:34,(anonymous_1)
FNF:1
FNH:0
FNDA:0,(anonymous_1)
DA:9,0
DA:10,0
DA:11,0
DA:26,0
DA:35,0
DA:42,0
DA:49,0
DA:50,0
DA:51,0
DA:53,0
DA:54,0
DA:55,0
DA:56,0
DA:58,0
DA:59,0
DA:60,0
LF:16
LH:0
BRDA:50,0,0,0
BRDA:55,1,0,0
BRF:2
BRH:0
end_of_record
TN:
SF:src/utils/files.ts
FN:12,libraryDir
FN:17,getFormattedDateTime
FN:28,localFSpecForFilename
FN:54,fileSpecFromURI
FN:65,fileExists
FN:74,fileSize
FN:83,listFiles
FN:99,locateDataFile
FN:121,dirExists
FN:130,ensureDirExists
FN:144,loadFileAsString
FN:163,extFile
FN:171,getFlashLoaderBin
FN:188,loadFileAsUint8Array
FN:217,loadUint8ArrayFailed
FNF:15
FNH:0
FNDA:0,libraryDir
FNDA:0,getFormattedDateTime
FNDA:0,localFSpecForFilename
FNDA:0,fileSpecFromURI
FNDA:0,fileExists
FNDA:0,fileSize
FNDA:0,listFiles
FNDA:0,locateDataFile
FNDA:0,dirExists
FNDA:0,ensureDirExists
FNDA:0,loadFileAsString
FNDA:0,extFile
FNDA:0,getFlashLoaderBin
FNDA:0,loadFileAsUint8Array
FNDA:0,loadUint8ArrayFailed
DA:8,0
DA:9,0
DA:12,0
DA:13,0
DA:17,0
DA:18,0
DA:19,0
DA:20,0
DA:21,0
DA:22,0
DA:23,0
DA:24,0
DA:28,0
DA:34,0
DA:35,0
DA:36,0
DA:38,0
DA:39,0
DA:41,0
DA:42,0
DA:44,0
DA:45,0
DA:54,0
DA:55,0
DA:56,0
DA:57,0
DA:65,0
DA:66,0
DA:67,0
DA:69,0
DA:71,0
DA:74,0
DA:75,0
DA:76,0
DA:77,0
DA:78,0
DA:80,0
DA:83,0
DA:84,0
DA:85,0
DA:86,0
DA:88,0
DA:99,0
DA:100,0
DA:102,0
DA:103,0
DA:107,0
DA:108,0
DA:111,0
DA:113,0
DA:114,0
DA:118,0
DA:121,0
DA:122,0
DA:123,0
DA:125,0
DA:127,0
DA:130,0
DA:131,0
DA:132,0
DA:144,0
DA:145,0
DA:146,0
DA:148,0
DA:149,0
DA:151,0
DA:152,0
DA:160,0
DA:163,0
DA:165,0
DA:168,0
DA:171,0
DA:173,0
DA:175,0
DA:177,0
DA:183,0
DA:186,0
DA:188,0
DA:189,0
DA:190,0
DA:191,0
DA:192,0
DA:193,0
DA:196,0
DA:199,0
DA:202,0
DA:203,0
DA:204,0
DA:206,0
DA:207,0
DA:208,0
DA:209,0
DA:214,0
DA:217,0
DA:219,0
DA:220,0
DA:221,0
DA:223,0
DA:224,0
LF:99
LH:0
BRDA:31,0,0,0
BRDA:36,1,0,0
BRDA:36,1,1,0
BRDA:38,2,0,0
BRDA:41,3,0,0
BRDA:41,4,0,0
BRDA:41,4,1,0
BRDA:67,5,0,0
BRDA:76,6,0,0
BRDA:85,7,0,0
BRDA:103,8,0,0
BRDA:107,9,0,0
BRDA:107,9,1,0
BRDA:113,10,0,0
BRDA:123,11,0,0
BRDA:131,12,0,0
BRDA:131,12,1,0
BRDA:146,13,0,0
BRDA:146,13,1,0
BRDA:151,14,0,0
BRDA:151,15,0,0
BRDA:151,15,1,0
BRDA:188,16,0,0
BRDA:190,17,0,0
BRDA:190,17,1,0
BRDA:196,18,0,0
BRDA:199,19,0,0
BRDA:202,20,0,0
BRDA:202,20,1,0
BRDA:207,21,0,0
BRDA:208,22,0,0
BRDA:220,23,0,0
BRDA:220,23,1,0
BRF:33
BRH:0
end_of_record
TN:
SF:src/utils/htmlUtils.ts
FN:10,escapeHtml
FN:11,(anonymous_1)
FNF:2
FNH:0
FNDA:0,escapeHtml
FNDA:0,(anonymous_1)
DA:10,0
DA:11,0
DA:12,0
DA:19,0
LF:4
LH:0
BRF:0
BRH:0
end_of_record
TN:
SF:src/utils/imageUtils.ts
FN:19,(anonymous_0)
FN:23,(anonymous_1)
FN:27,(anonymous_2)
FN:31,(anonymous_3)
FN:37,(anonymous_4)
FN:42,(anonymous_5)
FN:47,(anonymous_6)
FN:51,(anonymous_7)
FN:59,(anonymous_8)
FN:66,(anonymous_9)
FN:80,(anonymous_10)
FN:88,(anonymous_11)
FN:97,(anonymous_12)
FN:103,(anonymous_13)
FN:113,(anonymous_14)
FN:123,(anonymous_15)
FN:134,(anonymous_16)
FN:145,(anonymous_17)
FN:158,(anonymous_18)
FN:169,(anonymous_19)
FN:176,(anonymous_20)
FN:185,(anonymous_21)
FN:194,(anonymous_22)
FN:206,(anonymous_23)
FN:212,(anonymous_24)
FN:236,(anonymous_25)
FN:240,(anonymous_26)
FN:244,(anonymous_27)
FN:249,(anonymous_28)
FN:255,(anonymous_29)
FNF:30
FNH:0
FNDA:0,(anonymous_0)
FNDA:0,(anonymous_1)
FNDA:0,(anonymous_2)
FNDA:0,(anonymous_3)
FNDA:0,(anonymous_4)
FNDA:0,(anonymous_5)
FNDA:0,(anonymous_6)
FNDA:0,(anonymous_7)
FNDA:0,(anonymous_8)
FNDA:0,(anonymous_9)
FNDA:0,(anonymous_10)
FNDA:0,(anonymous_11)
FNDA:0,(anonymous_12)
FNDA:0,(anonymous_13)
FNDA:0,(anonymous_14)
FNDA:0,(anonymous_15)
FNDA:0,(anonymous_16)
FNDA:0,(anonymous_17)
FNDA:0,(anonymous_18)
FNDA:0,(anonymous_19)
FNDA:0,(anonymous_20)
FNDA:0,(anonymous_21)
FNDA:0,(anonymous_22)
FNDA:0,(anonymous_23)
FNDA:0,(anonymous_24)
FNDA:0,(anonymous_25)
FNDA:0,(anonymous_26)
FNDA:0,(anonymous_27)
FNDA:0,(anonymous_28)
FNDA:0,(anonymous_29)
DA:8,0
DA:10,0
DA:11,0
DA:14,0
DA:15,0
DA:16,0
DA:17,0
DA:20,0
DA:24,0
DA:28,0
DA:32,0
DA:33,0
DA:34,0
DA:39,0
DA:44,0
DA:48,0
DA:53,0
DA:56,0
DA:60,0
DA:61,0
DA:62,0
DA:63,0
DA:68,0
DA:69,0
DA:71,0
DA:72,0
DA:73,0
DA:76,0
DA:81,0
DA:82,0
DA:83,0
DA:84,0
DA:85,0
DA:90,0
DA:92,0
DA:94,0
DA:98,0
DA:99,0
DA:105,0
DA:107,0
DA:108,0
DA:110,0
DA:115,0
DA:117,0
DA:118,0
DA:120,0
DA:125,0
DA:126,0
DA:127,0
DA:128,0
DA:129,0
DA:130,0
DA:131,0
DA:136,0
DA:138,0
DA:139,0
DA:141,0
DA:147,0
DA:148,0
DA:151,0
DA:152,0
DA:160,0
DA:162,0
DA:163,0
DA:171,0
DA:172,0
DA:178,0
DA:179,0
DA:180,0
DA:182,0
DA:187,0
DA:188,0
DA:189,0
DA:191,0
DA:195,0
DA:196,0
DA:197,0
DA:201,0
DA:203,0
DA:207,0
DA:209,0
DA:214,0
DA:215,0
DA:216,0
DA:217,0
DA:218,0
DA:219,0
DA:220,0
DA:221,0
DA:222,0
DA:223,0
DA:224,0
DA:225,0
DA:227,0
DA:229,0
DA:230,0
DA:231,0
DA:233,0
DA:237,0
DA:241,0
DA:246,0
DA:251,0
DA:256,0
LF:103
LH:0
BRDA:34,0,0,0
BRDA:34,0,1,0
BRDA:66,1,0,0
BRDA:68,2,0,0
BRDA:71,3,0,0
BRDA:71,3,1,0
BRDA:98,4,0,0
BRDA:138,5,0,0
BRDA:138,5,1,0
BRDA:138,6,0,0
BRDA:138,6,1,0
BRDA:145,7,0,0
BRDA:147,8,0,0
BRDA:221,9,0,0
BRDA:221,9,1,0
BRDA:225,10,0,0
BRDA:225,10,1,0
BRDA:225,11,0,0
BRDA:225,11,1,0
BRDA:236,12,0,0
BRDA:240,13,0,0
BRDA:244,14,0,0
BRDA:249,15,0,0
BRDA:256,16,0,0
BRF:24
BRH:0
end_of_record
TN:
SF:src/utils/timerUtils.ts
FN:4,delay
FN:5,(anonymous_1)
FN:9,waitSec
FN:15,waitMSec
FNF:4
FNH:0
FNDA:0,delay
FNDA:0,(anonymous_1)
FNDA:0,waitSec
FNDA:0,waitMSec
DA:5,0
DA:9,0
DA:11,0
DA:15,0
DA:17,0
LF:5
LH:0
BRF:0
BRH:0
end_of_record
TN:
SF:src/utils/usb.serial.ts
FN:30,(anonymous_0)
FN:47,(anonymous_1)
FN:48,(anonymous_2)
FN:52,(anonymous_3)
FN:55,(anonymous_4)
FN:79,(anonymous_5)
FN:83,(anonymous_6)
FN:86,(anonymous_7)
FN:101,(anonymous_8)
FN:109,(anonymous_9)
FN:113,(anonymous_10)
FN:117,(anonymous_11)
FN:121,(anonymous_12)
FN:125,(anonymous_13)
FN:135,(anonymous_14)
FN:137,(anonymous_15)
FN:157,(anonymous_16)
FN:173,(anonymous_17)
FN:194,(anonymous_18)
FN:254,(anonymous_19)
FN:256,(anonymous_20)
FN:258,(anonymous_21)
FN:273,(anonymous_22)
FN:278,(anonymous_23)
FN:288,(anonymous_24)
FN:313,(anonymous_25)
FN:322,(anonymous_26)
FN:324,(anonymous_27)
FN:327,(anonymous_28)
FN:329,(anonymous_29)
FN:332,(anonymous_30)
FN:351,(anonymous_31)
FN:380,(anonymous_32)
FN:381,(anonymous_33)
FN:385,(anonymous_34)
FN:458,(anonymous_35)
FN:460,(anonymous_36)
FN:461,(anonymous_37)
FN:471,(anonymous_38)
FN:472,(anonymous_39)
FN:473,(anonymous_40)
FN:486,(anonymous_41)
FN:506,(anonymous_42)
FN:526,(anonymous_43)
FN:552,(anonymous_44)
FNF:45
FNH:0
FNDA:0,(anonymous_0)
FNDA:0,(anonymous_1)
FNDA:0,(anonymous_2)
FNDA:0,(anonymous_3)
FNDA:0,(anonymous_4)
FNDA:0,(anonymous_5)
FNDA:0,(anonymous_6)
FNDA:0,(anonymous_7)
FNDA:0,(anonymous_8)
FNDA:0,(anonymous_9)
FNDA:0,(anonymous_10)
FNDA:0,(anonymous_11)
FNDA:0,(anonymous_12)
FNDA:0,(anonymous_13)
FNDA:0,(anonymous_14)
FNDA:0,(anonymous_15)
FNDA:0,(anonymous_16)
FNDA:0,(anonymous_17)
FNDA:0,(anonymous_18)
FNDA:0,(anonymous_19)
FNDA:0,(anonymous_20)
FNDA:0,(anonymous_21)
FNDA:0,(anonymous_22)
FNDA:0,(anonymous_23)
FNDA:0,(anonymous_24)
FNDA:0,(anonymous_25)
FNDA:0,(anonymous_26)
FNDA:0,(anonymous_27)
FNDA:0,(anonymous_28)
FNDA:0,(anonymous_29)
FNDA:0,(anonymous_30)
FNDA:0,(anonymous_31)
FNDA:0,(anonymous_32)
FNDA:0,(anonymous_33)
FNDA:0,(anonymous_34)
FNDA:0,(anonymous_35)
FNDA:0,(anonymous_36)
FNDA:0,(anonymous_37)
FNDA:0,(anonymous_38)
FNDA:0,(anonymous_39)
FNDA:0,(anonymous_40)
FNDA:0,(anonymous_41)
FNDA:0,(anonymous_42)
FNDA:0,(anonymous_43)
FNDA:0,(anonymous_44)
DA:4,0
DA:5,0
DA:6,0
DA:8,0
DA:10,0
DA:12,0
DA:13,0
DA:16,0
DA:17,0
DA:18,0
DA:21,0
DA:22,0
DA:23,0
DA:24,0
DA:25,0
DA:26,0
DA:27,0
DA:28,0
DA:31,0
DA:32,0
DA:33,0
DA:34,0
DA:35,0
DA:37,0
DA:38,0
DA:47,0
DA:48,0
DA:51,0
DA:52,0
DA:55,0
DA:56,0
DA:57,0
DA:80,0
DA:84,0
DA:85,0
DA:86,0
DA:87,0
DA:88,0
DA:89,0
DA:90,0
DA:91,0
DA:94,0
DA:102,0
DA:103,0
DA:104,0
DA:106,0
DA:110,0
DA:114,0
DA:118,0
DA:122,0
DA:128,0
DA:129,0
DA:130,0
DA:133,0
DA:135,0
DA:136,0
DA:137,0
DA:138,0
DA:139,0
DA:140,0
DA:142,0
DA:143,0
DA:146,0
DA:147,0
DA:148,0
DA:150,0
DA:151,0
DA:153,0
DA:158,0
DA:159,0
DA:160,0
DA:161,0
DA:162,0
DA:163,0
DA:164,0
DA:165,0
DA:166,0
DA:169,0
DA:170,0
DA:174,0
DA:175,0
DA:176,0
DA:177,0
DA:178,0
DA:181,0
DA:183,0
DA:184,0
DA:185,0
DA:186,0
DA:187,0
DA:188,0
DA:190,0
DA:196,0
DA:197,0
DA:199,0
DA:200,0
DA:201,0
DA:203,0
DA:204,0
DA:205,0
DA:208,0
DA:213,0
DA:215,0
DA:217,0
DA:218,0
DA:220,0
DA:221,0
DA:222,0
DA:225,0
DA:226,0
DA:227,0
DA:228,0
DA:229,0
DA:232,0
DA:233,0
DA:234,0
DA:235,0
DA:236,0
DA:237,0
DA:238,0
DA:239,0
DA:243,0
DA:244,0
DA:246,0
DA:250,0
DA:256,0
DA:257,0
DA:258,0
DA:259,0
DA:261,0
DA:262,0
DA:274,0
DA:275,0
DA:284,0
DA:289,0
DA:290,0
DA:291,0
DA:292,0
DA:293,0
DA:294,0
DA:295,0
DA:296,0
DA:297,0
DA:298,0
DA:299,0
DA:300,0
DA:301,0
DA:302,0
DA:303,0
DA:307,0
DA:309,0
DA:315,0
DA:316,0
DA:317,0
DA:318,0
DA:319,0
DA:324,0
DA:329,0
DA:334,0
DA:335,0
DA:336,0
DA:337,0
DA:338,0
DA:339,0
DA:343,0
DA:344,0
DA:352,0
DA:353,0
DA:354,0
DA:355,0
DA:356,0
DA:357,0
DA:358,0
DA:360,0
DA:361,0
DA:362,0
DA:363,0
DA:371,0
DA:372,0
DA:374,0
DA:377,0
DA:381,0
DA:382,0
DA:383,0
DA:385,0
DA:386,0
DA:387,0
DA:388,0
DA:389,0
DA:390,0
DA:391,0
DA:393,0
DA:459,0
DA:460,0
DA:461,0
DA:462,0
DA:464,0
DA:465,0
DA:472,0
DA:473,0
DA:474,0
DA:475,0
DA:476,0
DA:478,0
DA:479,0
DA:480,0
DA:487,0
DA:488,0
DA:489,0
DA:490,0
DA:491,0
DA:492,0
DA:493,0
DA:494,0
DA:495,0
DA:496,0
DA:497,0
DA:498,0
DA:499,0
DA:500,0
DA:501,0
DA:503,0
DA:507,0
DA:508,0
DA:509,0
DA:510,0
DA:511,0
DA:512,0
DA:513,0
DA:514,0
DA:515,0
DA:516,0
DA:517,0
DA:518,0
DA:519,0
DA:520,0
DA:521,0
DA:523,0
DA:528,0
DA:529,0
DA:530,0
DA:531,0
DA:532,0
DA:533,0
DA:534,0
DA:535,0
DA:536,0
DA:537,0
DA:538,0
DA:539,0
DA:540,0
DA:542,0
DA:544,0
DA:545,0
DA:546,0
DA:548,0
DA:549,0
DA:553,0
DA:555,0
LF:259
LH:0
BRDA:34,0,0,0
BRDA:56,1,0,0
BRDA:88,2,0,0
BRDA:88,2,1,0
BRDA:90,3,0,0
BRDA:90,4,0,0
BRDA:90,4,1,0
BRDA:103,5,0,0
BRDA:114,6,0,0
BRDA:114,6,1,0
BRDA:129,7,0,0
BRDA:129,8,0,0
BRDA:129,8,1,0
BRDA:136,9,0,0
BRDA:136,9,1,0
BRDA:136,10,0,0
BRDA:136,10,1,0
BRDA:138,11,0,0
BRDA:138,11,1,0
BRDA:146,12,0,0
BRDA:146,12,1,0
BRDA:160,13,0,0
BRDA:163,14,0,0
BRDA:163,14,1,0
BRDA:165,15,0,0
BRDA:165,16,0,0
BRDA:165,16,1,0
BRDA:175,17,0,0
BRDA:175,17,1,0
BRDA:176,18,0,0
BRDA:176,19,0,0
BRDA:176,19,1,0
BRDA:186,20,0,0
BRDA:186,20,1,0
BRDA:200,21,0,0
BRDA:200,21,1,0
BRDA:208,22,0,0
BRDA:208,23,0,0
BRDA:208,23,1,0
BRDA:221,24,0,0
BRDA:221,24,1,0
BRDA:227,25,0,0
BRDA:227,25,1,0
BRDA:232,26,0,0
BRDA:232,26,1,0
BRDA:238,27,0,0
BRDA:238,27,1,0
BRDA:257,28,0,0
BRDA:259,29,0,0
BRDA:259,29,1,0
BRDA:293,30,0,0
BRDA:297,31,0,0
BRDA:297,32,0,0
BRDA:297,32,1,0
BRDA:307,33,0,0
BRDA:354,34,0,0
BRDA:386,35,0,0
BRDA:386,35,1,0
BRDA:389,36,0,0
BRDA:389,36,1,0
BRDA:462,37,0,0
BRDA:462,37,1,0
BRDA:474,38,0,0
BRDA:474,38,1,0
BRDA:488,39,0,0
BRDA:488,39,1,0
BRDA:490,40,0,0
BRDA:490,40,1,0
BRDA:492,41,0,0
BRDA:492,41,1,0
BRDA:494,42,0,0
BRDA:494,42,1,0
BRDA:496,43,0,0
BRDA:496,43,1,0
BRDA:498,44,0,0
BRDA:498,44,1,0
BRDA:500,45,0,0
BRDA:508,46,0,0
BRDA:508,46,1,0
BRDA:510,47,0,0
BRDA:510,47,1,0
BRDA:512,48,0,0
BRDA:512,48,1,0
BRDA:514,49,0,0
BRDA:514,49,1,0
BRDA:516,50,0,0
BRDA:516,50,1,0
BRDA:518,51,0,0
BRDA:518,51,1,0
BRDA:520,52,0,0
BRDA:530,53,0,0
BRDA:530,53,1,0
BRDA:536,54,0,0
BRDA:536,54,1,0
BRDA:540,55,0,0
BRDA:540,55,1,0
BRDA:540,56,0,0
BRDA:540,56,1,0
BRDA:553,57,0,0
BRF:99
BRH:0
end_of_record
